[0.198s] DEBUG:colcon:Command line arguments: ['/usr/bin/colcon', 'build']
[0.198s] DEBUG:colcon:Parsed command line arguments: Namespace(ament_cmake_args=None, base_paths=['.'], build_base='build', catkin_cmake_args=None, catkin_skip_building_tests=False, cmake_args=None, cmake_clean_cache=False, cmake_clean_first=False, cmake_force_configure=False, cmake_target=None, cmake_target_skip_unavailable=False, continue_on_error=False, event_handlers=None, executor='parallel', ignore_user_meta=False, install_base='install', log_base=None, log_level=None, main=<bound method BuildVerb.main of <colcon_core.verb.build.BuildVerb object at 0x7f37a4963c10>>, merge_install=False, metas=['./colcon.meta'], packages_above=None, packages_above_and_dependencies=None, packages_above_depth=None, packages_end=None, packages_ignore=None, packages_ignore_regex=None, packages_select=None, packages_select_build_failed=False, packages_select_by_dep=None, packages_select_regex=None, packages_select_test_failures=False, packages_skip=None, packages_skip_build_finished=False, packages_skip_by_dep=None, packages_skip_regex=None, packages_skip_test_passed=False, packages_skip_up_to=None, packages_start=None, packages_up_to=None, packages_up_to_regex=None, parallel_workers=8, paths=None, symlink_install=False, test_result_base=None, verb_extension=<colcon_core.verb.build.BuildVerb object at 0x7f37a4963c10>, verb_name='build', verb_parser=<colcon_defaults.argument_parser.defaults.DefaultArgumentsDecorator object at 0x7f37a4973130>)
[0.201s] Level 1:colcon.colcon_core.package_discovery:discover_packages(colcon_meta) check parameters
[0.201s] Level 1:colcon.colcon_core.package_discovery:discover_packages(recursive) check parameters
[0.201s] Level 1:colcon.colcon_core.package_discovery:discover_packages(ignore) check parameters
[0.201s] Level 1:colcon.colcon_core.package_discovery:discover_packages(path) check parameters
[0.201s] Level 1:colcon.colcon_core.package_discovery:discover_packages(colcon_meta) discover
[0.201s] Level 1:colcon.colcon_core.package_discovery:discover_packages(recursive) discover
[0.201s] INFO:colcon.colcon_core.package_discovery:Crawling recursively for packages in '/home/choi/robot_ws'
[0.201s] Level 1:colcon.colcon_core.package_identification:_identify(.) by extensions ['ignore', 'ignore_ament_install']
[0.201s] Level 1:colcon.colcon_core.package_identification:_identify(.) by extension 'ignore'
[0.201s] Level 1:colcon.colcon_core.package_identification:_identify(.) by extension 'ignore_ament_install'
[0.201s] Level 1:colcon.colcon_core.package_identification:_identify(.) by extensions ['colcon_pkg']
[0.201s] Level 1:colcon.colcon_core.package_identification:_identify(.) by extension 'colcon_pkg'
[0.201s] Level 1:colcon.colcon_core.package_identification:_identify(.) by extensions ['colcon_meta']
[0.201s] Level 1:colcon.colcon_core.package_identification:_identify(.) by extension 'colcon_meta'
[0.201s] Level 1:colcon.colcon_core.package_identification:_identify(.) by extensions ['ros']
[0.202s] Level 1:colcon.colcon_core.package_identification:_identify(.) by extension 'ros'
[0.209s] Level 1:colcon.colcon_core.package_identification:_identify(.) by extensions ['cmake', 'python']
[0.209s] Level 1:colcon.colcon_core.package_identification:_identify(.) by extension 'cmake'
[0.209s] Level 1:colcon.colcon_core.package_identification:_identify(.) by extension 'python'
[0.209s] Level 1:colcon.colcon_core.package_identification:_identify(.) by extensions ['python_setup_py']
[0.209s] Level 1:colcon.colcon_core.package_identification:_identify(.) by extension 'python_setup_py'
[0.210s] Level 1:colcon.colcon_core.package_identification:_identify(build) by extensions ['ignore', 'ignore_ament_install']
[0.210s] Level 1:colcon.colcon_core.package_identification:_identify(build) by extension 'ignore'
[0.210s] Level 1:colcon.colcon_core.package_identification:_identify(build) ignored
[0.210s] Level 1:colcon.colcon_core.package_identification:_identify(install) by extensions ['ignore', 'ignore_ament_install']
[0.210s] Level 1:colcon.colcon_core.package_identification:_identify(install) by extension 'ignore'
[0.210s] Level 1:colcon.colcon_core.package_identification:_identify(install) ignored
[0.210s] Level 1:colcon.colcon_core.package_identification:_identify(log) by extensions ['ignore', 'ignore_ament_install']
[0.210s] Level 1:colcon.colcon_core.package_identification:_identify(log) by extension 'ignore'
[0.210s] Level 1:colcon.colcon_core.package_identification:_identify(log) ignored
[0.210s] Level 1:colcon.colcon_core.package_identification:_identify(src) by extensions ['ignore', 'ignore_ament_install']
[0.210s] Level 1:colcon.colcon_core.package_identification:_identify(src) by extension 'ignore'
[0.210s] Level 1:colcon.colcon_core.package_identification:_identify(src) by extension 'ignore_ament_install'
[0.210s] Level 1:colcon.colcon_core.package_identification:_identify(src) by extensions ['colcon_pkg']
[0.210s] Level 1:colcon.colcon_core.package_identification:_identify(src) by extension 'colcon_pkg'
[0.210s] Level 1:colcon.colcon_core.package_identification:_identify(src) by extensions ['colcon_meta']
[0.210s] Level 1:colcon.colcon_core.package_identification:_identify(src) by extension 'colcon_meta'
[0.210s] Level 1:colcon.colcon_core.package_identification:_identify(src) by extensions ['ros']
[0.210s] Level 1:colcon.colcon_core.package_identification:_identify(src) by extension 'ros'
[0.210s] Level 1:colcon.colcon_core.package_identification:_identify(src) by extensions ['cmake', 'python']
[0.210s] Level 1:colcon.colcon_core.package_identification:_identify(src) by extension 'cmake'
[0.210s] Level 1:colcon.colcon_core.package_identification:_identify(src) by extension 'python'
[0.210s] Level 1:colcon.colcon_core.package_identification:_identify(src) by extensions ['python_setup_py']
[0.210s] Level 1:colcon.colcon_core.package_identification:_identify(src) by extension 'python_setup_py'
[0.210s] Level 1:colcon.colcon_core.package_identification:_identify(src/indy7_ign) by extensions ['ignore', 'ignore_ament_install']
[0.211s] Level 1:colcon.colcon_core.package_identification:_identify(src/indy7_ign) by extension 'ignore'
[0.211s] Level 1:colcon.colcon_core.package_identification:_identify(src/indy7_ign) by extension 'ignore_ament_install'
[0.211s] Level 1:colcon.colcon_core.package_identification:_identify(src/indy7_ign) by extensions ['colcon_pkg']
[0.211s] Level 1:colcon.colcon_core.package_identification:_identify(src/indy7_ign) by extension 'colcon_pkg'
[0.211s] Level 1:colcon.colcon_core.package_identification:_identify(src/indy7_ign) by extensions ['colcon_meta']
[0.211s] Level 1:colcon.colcon_core.package_identification:_identify(src/indy7_ign) by extension 'colcon_meta'
[0.211s] Level 1:colcon.colcon_core.package_identification:_identify(src/indy7_ign) by extensions ['ros']
[0.211s] Level 1:colcon.colcon_core.package_identification:_identify(src/indy7_ign) by extension 'ros'
[0.212s] DEBUG:colcon.colcon_core.package_identification:Package 'src/indy7_ign' with type 'ros.ament_cmake' and name 'indy7_ign'
[0.212s] Level 1:colcon.colcon_core.package_identification:_identify(src/indy7_ign_moveit2) by extensions ['ignore', 'ignore_ament_install']
[0.212s] Level 1:colcon.colcon_core.package_identification:_identify(src/indy7_ign_moveit2) by extension 'ignore'
[0.212s] Level 1:colcon.colcon_core.package_identification:_identify(src/indy7_ign_moveit2) by extension 'ignore_ament_install'
[0.212s] Level 1:colcon.colcon_core.package_identification:_identify(src/indy7_ign_moveit2) by extensions ['colcon_pkg']
[0.212s] Level 1:colcon.colcon_core.package_identification:_identify(src/indy7_ign_moveit2) by extension 'colcon_pkg'
[0.212s] Level 1:colcon.colcon_core.package_identification:_identify(src/indy7_ign_moveit2) by extensions ['colcon_meta']
[0.212s] Level 1:colcon.colcon_core.package_identification:_identify(src/indy7_ign_moveit2) by extension 'colcon_meta'
[0.212s] Level 1:colcon.colcon_core.package_identification:_identify(src/indy7_ign_moveit2) by extensions ['ros']
[0.212s] Level 1:colcon.colcon_core.package_identification:_identify(src/indy7_ign_moveit2) by extension 'ros'
[0.213s] DEBUG:colcon.colcon_core.package_identification:Package 'src/indy7_ign_moveit2' with type 'ros.ament_cmake' and name 'indy7_ign_moveit2'
[0.213s] Level 1:colcon.colcon_core.package_identification:_identify(src/indy7_moveit2_config) by extensions ['ignore', 'ignore_ament_install']
[0.213s] Level 1:colcon.colcon_core.package_identification:_identify(src/indy7_moveit2_config) by extension 'ignore'
[0.213s] Level 1:colcon.colcon_core.package_identification:_identify(src/indy7_moveit2_config) by extension 'ignore_ament_install'
[0.213s] Level 1:colcon.colcon_core.package_identification:_identify(src/indy7_moveit2_config) by extensions ['colcon_pkg']
[0.213s] Level 1:colcon.colcon_core.package_identification:_identify(src/indy7_moveit2_config) by extension 'colcon_pkg'
[0.213s] Level 1:colcon.colcon_core.package_identification:_identify(src/indy7_moveit2_config) by extensions ['colcon_meta']
[0.213s] Level 1:colcon.colcon_core.package_identification:_identify(src/indy7_moveit2_config) by extension 'colcon_meta'
[0.213s] Level 1:colcon.colcon_core.package_identification:_identify(src/indy7_moveit2_config) by extensions ['ros']
[0.213s] Level 1:colcon.colcon_core.package_identification:_identify(src/indy7_moveit2_config) by extension 'ros'
[0.214s] DEBUG:colcon.colcon_core.package_identification:Package 'src/indy7_moveit2_config' with type 'ros.ament_cmake' and name 'indy7_moveit2_config'
[0.214s] Level 1:colcon.colcon_core.package_identification:_identify(src/rqt_example) by extensions ['ignore', 'ignore_ament_install']
[0.214s] Level 1:colcon.colcon_core.package_identification:_identify(src/rqt_example) by extension 'ignore'
[0.214s] Level 1:colcon.colcon_core.package_identification:_identify(src/rqt_example) by extension 'ignore_ament_install'
[0.214s] Level 1:colcon.colcon_core.package_identification:_identify(src/rqt_example) by extensions ['colcon_pkg']
[0.214s] Level 1:colcon.colcon_core.package_identification:_identify(src/rqt_example) by extension 'colcon_pkg'
[0.214s] Level 1:colcon.colcon_core.package_identification:_identify(src/rqt_example) by extensions ['colcon_meta']
[0.214s] Level 1:colcon.colcon_core.package_identification:_identify(src/rqt_example) by extension 'colcon_meta'
[0.214s] Level 1:colcon.colcon_core.package_identification:_identify(src/rqt_example) by extensions ['ros']
[0.214s] Level 1:colcon.colcon_core.package_identification:_identify(src/rqt_example) by extension 'ros'
[0.214s] DEBUG:colcon.colcon_core.package_identification:Package 'src/rqt_example' with type 'ros.ament_cmake' and name 'rqt_example'
[0.214s] Level 1:colcon.colcon_core.package_discovery:discover_packages(recursive) using defaults
[0.214s] Level 1:colcon.colcon_core.package_discovery:discover_packages(ignore) discover
[0.214s] Level 1:colcon.colcon_core.package_discovery:discover_packages(ignore) using defaults
[0.214s] Level 1:colcon.colcon_core.package_discovery:discover_packages(path) discover
[0.214s] Level 1:colcon.colcon_core.package_discovery:discover_packages(path) using defaults
[0.227s] Level 5:colcon.colcon_core.verb:set package 'indy7_ign' build argument 'cmake_args' from command line to 'None'
[0.227s] Level 5:colcon.colcon_core.verb:set package 'indy7_ign' build argument 'cmake_target' from command line to 'None'
[0.227s] Level 5:colcon.colcon_core.verb:set package 'indy7_ign' build argument 'cmake_target_skip_unavailable' from command line to 'False'
[0.227s] Level 5:colcon.colcon_core.verb:set package 'indy7_ign' build argument 'cmake_clean_cache' from command line to 'False'
[0.227s] Level 5:colcon.colcon_core.verb:set package 'indy7_ign' build argument 'cmake_clean_first' from command line to 'False'
[0.227s] Level 5:colcon.colcon_core.verb:set package 'indy7_ign' build argument 'cmake_force_configure' from command line to 'False'
[0.227s] Level 5:colcon.colcon_core.verb:set package 'indy7_ign' build argument 'ament_cmake_args' from command line to 'None'
[0.227s] Level 5:colcon.colcon_core.verb:set package 'indy7_ign' build argument 'catkin_cmake_args' from command line to 'None'
[0.227s] Level 5:colcon.colcon_core.verb:set package 'indy7_ign' build argument 'catkin_skip_building_tests' from command line to 'False'
[0.227s] DEBUG:colcon.colcon_core.verb:Building package 'indy7_ign' with the following arguments: {'ament_cmake_args': None, 'build_base': '/home/choi/robot_ws/build/indy7_ign', 'catkin_cmake_args': None, 'catkin_skip_building_tests': False, 'cmake_args': None, 'cmake_clean_cache': False, 'cmake_clean_first': False, 'cmake_force_configure': False, 'cmake_target': None, 'cmake_target_skip_unavailable': False, 'install_base': '/home/choi/robot_ws/install/indy7_ign', 'merge_install': False, 'path': '/home/choi/robot_ws/src/indy7_ign', 'symlink_install': False, 'test_result_base': None}
[0.229s] Level 5:colcon.colcon_core.verb:set package 'indy7_ign_moveit2' build argument 'cmake_args' from command line to 'None'
[0.229s] Level 5:colcon.colcon_core.verb:set package 'indy7_ign_moveit2' build argument 'cmake_target' from command line to 'None'
[0.229s] Level 5:colcon.colcon_core.verb:set package 'indy7_ign_moveit2' build argument 'cmake_target_skip_unavailable' from command line to 'False'
[0.229s] Level 5:colcon.colcon_core.verb:set package 'indy7_ign_moveit2' build argument 'cmake_clean_cache' from command line to 'False'
[0.229s] Level 5:colcon.colcon_core.verb:set package 'indy7_ign_moveit2' build argument 'cmake_clean_first' from command line to 'False'
[0.229s] Level 5:colcon.colcon_core.verb:set package 'indy7_ign_moveit2' build argument 'cmake_force_configure' from command line to 'False'
[0.229s] Level 5:colcon.colcon_core.verb:set package 'indy7_ign_moveit2' build argument 'ament_cmake_args' from command line to 'None'
[0.229s] Level 5:colcon.colcon_core.verb:set package 'indy7_ign_moveit2' build argument 'catkin_cmake_args' from command line to 'None'
[0.229s] Level 5:colcon.colcon_core.verb:set package 'indy7_ign_moveit2' build argument 'catkin_skip_building_tests' from command line to 'False'
[0.229s] DEBUG:colcon.colcon_core.verb:Building package 'indy7_ign_moveit2' with the following arguments: {'ament_cmake_args': None, 'build_base': '/home/choi/robot_ws/build/indy7_ign_moveit2', 'catkin_cmake_args': None, 'catkin_skip_building_tests': False, 'cmake_args': None, 'cmake_clean_cache': False, 'cmake_clean_first': False, 'cmake_force_configure': False, 'cmake_target': None, 'cmake_target_skip_unavailable': False, 'install_base': '/home/choi/robot_ws/install/indy7_ign_moveit2', 'merge_install': False, 'path': '/home/choi/robot_ws/src/indy7_ign_moveit2', 'symlink_install': False, 'test_result_base': None}
[0.230s] Level 5:colcon.colcon_core.verb:set package 'indy7_moveit2_config' build argument 'cmake_args' from command line to 'None'
[0.230s] Level 5:colcon.colcon_core.verb:set package 'indy7_moveit2_config' build argument 'cmake_target' from command line to 'None'
[0.230s] Level 5:colcon.colcon_core.verb:set package 'indy7_moveit2_config' build argument 'cmake_target_skip_unavailable' from command line to 'False'
[0.230s] Level 5:colcon.colcon_core.verb:set package 'indy7_moveit2_config' build argument 'cmake_clean_cache' from command line to 'False'
[0.230s] Level 5:colcon.colcon_core.verb:set package 'indy7_moveit2_config' build argument 'cmake_clean_first' from command line to 'False'
[0.230s] Level 5:colcon.colcon_core.verb:set package 'indy7_moveit2_config' build argument 'cmake_force_configure' from command line to 'False'
[0.230s] Level 5:colcon.colcon_core.verb:set package 'indy7_moveit2_config' build argument 'ament_cmake_args' from command line to 'None'
[0.230s] Level 5:colcon.colcon_core.verb:set package 'indy7_moveit2_config' build argument 'catkin_cmake_args' from command line to 'None'
[0.230s] Level 5:colcon.colcon_core.verb:set package 'indy7_moveit2_config' build argument 'catkin_skip_building_tests' from command line to 'False'
[0.231s] DEBUG:colcon.colcon_core.verb:Building package 'indy7_moveit2_config' with the following arguments: {'ament_cmake_args': None, 'build_base': '/home/choi/robot_ws/build/indy7_moveit2_config', 'catkin_cmake_args': None, 'catkin_skip_building_tests': False, 'cmake_args': None, 'cmake_clean_cache': False, 'cmake_clean_first': False, 'cmake_force_configure': False, 'cmake_target': None, 'cmake_target_skip_unavailable': False, 'install_base': '/home/choi/robot_ws/install/indy7_moveit2_config', 'merge_install': False, 'path': '/home/choi/robot_ws/src/indy7_moveit2_config', 'symlink_install': False, 'test_result_base': None}
[0.232s] Level 5:colcon.colcon_core.verb:set package 'rqt_example' build argument 'cmake_args' from command line to 'None'
[0.232s] Level 5:colcon.colcon_core.verb:set package 'rqt_example' build argument 'cmake_target' from command line to 'None'
[0.232s] Level 5:colcon.colcon_core.verb:set package 'rqt_example' build argument 'cmake_target_skip_unavailable' from command line to 'False'
[0.232s] Level 5:colcon.colcon_core.verb:set package 'rqt_example' build argument 'cmake_clean_cache' from command line to 'False'
[0.232s] Level 5:colcon.colcon_core.verb:set package 'rqt_example' build argument 'cmake_clean_first' from command line to 'False'
[0.232s] Level 5:colcon.colcon_core.verb:set package 'rqt_example' build argument 'cmake_force_configure' from command line to 'False'
[0.232s] Level 5:colcon.colcon_core.verb:set package 'rqt_example' build argument 'ament_cmake_args' from command line to 'None'
[0.232s] Level 5:colcon.colcon_core.verb:set package 'rqt_example' build argument 'catkin_cmake_args' from command line to 'None'
[0.232s] Level 5:colcon.colcon_core.verb:set package 'rqt_example' build argument 'catkin_skip_building_tests' from command line to 'False'
[0.232s] DEBUG:colcon.colcon_core.verb:Building package 'rqt_example' with the following arguments: {'ament_cmake_args': None, 'build_base': '/home/choi/robot_ws/build/rqt_example', 'catkin_cmake_args': None, 'catkin_skip_building_tests': False, 'cmake_args': None, 'cmake_clean_cache': False, 'cmake_clean_first': False, 'cmake_force_configure': False, 'cmake_target': None, 'cmake_target_skip_unavailable': False, 'install_base': '/home/choi/robot_ws/install/rqt_example', 'merge_install': False, 'path': '/home/choi/robot_ws/src/rqt_example', 'symlink_install': False, 'test_result_base': None}
[0.232s] INFO:colcon.colcon_core.executor:Executing jobs using 'parallel' executor
[0.234s] DEBUG:colcon.colcon_parallel_executor.executor.parallel:run_until_complete
[0.234s] INFO:colcon.colcon_ros.task.ament_cmake.build:Building ROS package in '/home/choi/robot_ws/src/indy7_ign' with build type 'ament_cmake'
[0.234s] INFO:colcon.colcon_cmake.task.cmake.build:Building CMake package in '/home/choi/robot_ws/src/indy7_ign'
[0.237s] INFO:colcon.colcon_core.plugin_system:Skipping extension 'colcon_core.shell.bat': Not used on non-Windows systems
[0.237s] INFO:colcon.colcon_core.shell:Skip shell extension 'powershell' for command environment: Not usable outside of PowerShell
[0.237s] DEBUG:colcon.colcon_core.shell:Skip shell extension 'dsv' for command environment
[0.238s] DEBUG:colcon.colcon_core.shell:Ignoring prefix path '/opt/ros/foxy'
[0.241s] INFO:colcon.colcon_ros.task.ament_cmake.build:Building ROS package in '/home/choi/robot_ws/src/indy7_ign_moveit2' with build type 'ament_cmake'
[0.241s] INFO:colcon.colcon_cmake.task.cmake.build:Building CMake package in '/home/choi/robot_ws/src/indy7_ign_moveit2'
[0.241s] INFO:colcon.colcon_core.shell:Skip shell extension 'powershell' for command environment: Not usable outside of PowerShell
[0.242s] DEBUG:colcon.colcon_core.shell:Skip shell extension 'dsv' for command environment
[0.243s] DEBUG:colcon.colcon_core.shell:Ignoring prefix path '/opt/ros/foxy'
[0.245s] INFO:colcon.colcon_ros.task.ament_cmake.build:Building ROS package in '/home/choi/robot_ws/src/indy7_moveit2_config' with build type 'ament_cmake'
[0.245s] INFO:colcon.colcon_cmake.task.cmake.build:Building CMake package in '/home/choi/robot_ws/src/indy7_moveit2_config'
[0.245s] INFO:colcon.colcon_core.shell:Skip shell extension 'powershell' for command environment: Not usable outside of PowerShell
[0.245s] DEBUG:colcon.colcon_core.shell:Skip shell extension 'dsv' for command environment
[0.247s] DEBUG:colcon.colcon_core.shell:Ignoring prefix path '/opt/ros/foxy'
[0.249s] INFO:colcon.colcon_ros.task.ament_cmake.build:Building ROS package in '/home/choi/robot_ws/src/rqt_example' with build type 'ament_cmake'
[0.249s] INFO:colcon.colcon_cmake.task.cmake.build:Building CMake package in '/home/choi/robot_ws/src/rqt_example'
[0.249s] INFO:colcon.colcon_core.shell:Skip shell extension 'powershell' for command environment: Not usable outside of PowerShell
[0.249s] DEBUG:colcon.colcon_core.shell:Skip shell extension 'dsv' for command environment
[0.251s] DEBUG:colcon.colcon_core.shell:Ignoring prefix path '/opt/ros/foxy'
[0.257s] DEBUG:colcon.colcon_core.event_handler.log_command:Invoking command in '/home/choi/robot_ws/build/indy7_ign': CMAKE_PREFIX_PATH=${CMAKE_PREFIX_PATH}:/opt/ros/foxy /usr/bin/cmake --build /home/choi/robot_ws/build/indy7_ign -- -j8 -l8
[0.261s] DEBUG:colcon.colcon_core.event_handler.log_command:Invoking command in '/home/choi/robot_ws/build/indy7_ign_moveit2': CMAKE_PREFIX_PATH=${CMAKE_PREFIX_PATH}:/opt/ros/foxy /usr/bin/cmake --build /home/choi/robot_ws/build/indy7_ign_moveit2 -- -j8 -l8
[0.264s] DEBUG:colcon.colcon_core.event_handler.log_command:Invoking command in '/home/choi/robot_ws/build/indy7_moveit2_config': CMAKE_PREFIX_PATH=${CMAKE_PREFIX_PATH}:/opt/ros/foxy /usr/bin/cmake --build /home/choi/robot_ws/build/indy7_moveit2_config -- -j8 -l8
[0.268s] DEBUG:colcon.colcon_core.event_handler.log_command:Invoking command in '/home/choi/robot_ws/build/rqt_example': CMAKE_PREFIX_PATH=${CMAKE_PREFIX_PATH}:/opt/ros/foxy /usr/bin/cmake --build /home/choi/robot_ws/build/rqt_example -- -j8 -l8
[0.284s] DEBUG:colcon.colcon_core.event_handler.log_command:Invoked command in '/home/choi/robot_ws/build/indy7_ign' returned '0': CMAKE_PREFIX_PATH=${CMAKE_PREFIX_PATH}:/opt/ros/foxy /usr/bin/cmake --build /home/choi/robot_ws/build/indy7_ign -- -j8 -l8
[0.291s] DEBUG:colcon.colcon_core.event_handler.log_command:Invoked command in '/home/choi/robot_ws/build/indy7_moveit2_config' returned '0': CMAKE_PREFIX_PATH=${CMAKE_PREFIX_PATH}:/opt/ros/foxy /usr/bin/cmake --build /home/choi/robot_ws/build/indy7_moveit2_config -- -j8 -l8
[0.295s] DEBUG:colcon.colcon_core.event_handler.log_command:Invoked command in '/home/choi/robot_ws/build/rqt_example' returned '0': CMAKE_PREFIX_PATH=${CMAKE_PREFIX_PATH}:/opt/ros/foxy /usr/bin/cmake --build /home/choi/robot_ws/build/rqt_example -- -j8 -l8
[0.309s] DEBUG:colcon.colcon_core.event_handler.log_command:Invoking command in '/home/choi/robot_ws/build/indy7_ign': CMAKE_PREFIX_PATH=${CMAKE_PREFIX_PATH}:/opt/ros/foxy /usr/bin/cmake --install /home/choi/robot_ws/build/indy7_ign
[0.312s] DEBUG:colcon.colcon_core.event_handler.log_command:Invoking command in '/home/choi/robot_ws/build/indy7_moveit2_config': CMAKE_PREFIX_PATH=${CMAKE_PREFIX_PATH}:/opt/ros/foxy /usr/bin/cmake --install /home/choi/robot_ws/build/indy7_moveit2_config
[0.314s] DEBUG:colcon.colcon_core.event_handler.log_command:Invoking command in '/home/choi/robot_ws/build/rqt_example': CMAKE_PREFIX_PATH=${CMAKE_PREFIX_PATH}:/opt/ros/foxy /usr/bin/cmake --install /home/choi/robot_ws/build/rqt_example
[0.330s] DEBUG:colcon.colcon_core.event_handler.log_command:Invoked command in '/home/choi/robot_ws/build/indy7_ign_moveit2' returned '0': CMAKE_PREFIX_PATH=${CMAKE_PREFIX_PATH}:/opt/ros/foxy /usr/bin/cmake --build /home/choi/robot_ws/build/indy7_ign_moveit2 -- -j8 -l8
[0.333s] Level 1:colcon.colcon_core.environment:create_environment_scripts_only(indy7_ign)
[0.334s] DEBUG:colcon.colcon_core.event_handler.log_command:Invoked command in '/home/choi/robot_ws/build/indy7_ign' returned '0': CMAKE_PREFIX_PATH=${CMAKE_PREFIX_PATH}:/opt/ros/foxy /usr/bin/cmake --install /home/choi/robot_ws/build/indy7_ign
[0.337s] Level 1:colcon.colcon_core.environment:checking '/home/choi/robot_ws/install/indy7_ign' for CMake module files
[0.337s] Level 1:colcon.colcon_core.environment:checking '/home/choi/robot_ws/install/indy7_ign' for CMake config files
[0.337s] Level 1:colcon.colcon_core.shell:create_environment_hook('indy7_ign', 'cmake_prefix_path')
[0.338s] INFO:colcon.colcon_core.shell:Creating environment hook '/home/choi/robot_ws/install/indy7_ign/share/indy7_ign/hook/cmake_prefix_path.ps1'
[0.338s] INFO:colcon.colcon_core.shell:Creating environment descriptor '/home/choi/robot_ws/install/indy7_ign/share/indy7_ign/hook/cmake_prefix_path.dsv'
[0.339s] INFO:colcon.colcon_core.shell:Creating environment hook '/home/choi/robot_ws/install/indy7_ign/share/indy7_ign/hook/cmake_prefix_path.sh'
[0.339s] Level 1:colcon.colcon_core.environment:checking '/home/choi/robot_ws/install/indy7_ign/bin'
[0.339s] Level 1:colcon.colcon_core.environment:checking '/home/choi/robot_ws/install/indy7_ign/lib/pkgconfig/indy7_ign.pc'
[0.339s] Level 1:colcon.colcon_core.environment:checking '/home/choi/robot_ws/install/indy7_ign/lib/python3.8/site-packages'
[0.340s] INFO:colcon.colcon_core.shell:Creating package script '/home/choi/robot_ws/install/indy7_ign/share/indy7_ign/package.ps1'
[0.340s] INFO:colcon.colcon_core.shell:Creating package descriptor '/home/choi/robot_ws/install/indy7_ign/share/indy7_ign/package.dsv'
[0.341s] INFO:colcon.colcon_core.shell:Creating package script '/home/choi/robot_ws/install/indy7_ign/share/indy7_ign/package.sh'
[0.341s] INFO:colcon.colcon_core.shell:Creating package script '/home/choi/robot_ws/install/indy7_ign/share/indy7_ign/package.bash'
[0.342s] INFO:colcon.colcon_core.shell:Creating package script '/home/choi/robot_ws/install/indy7_ign/share/indy7_ign/package.zsh'
[0.342s] Level 1:colcon.colcon_core.environment:create_file_with_runtime_dependencies(/home/choi/robot_ws/install/indy7_ign/share/colcon-core/packages/indy7_ign)
[0.344s] Level 1:colcon.colcon_core.environment:create_environment_scripts_only(indy7_moveit2_config)
[0.345s] Level 1:colcon.colcon_core.environment:checking '/home/choi/robot_ws/install/indy7_moveit2_config' for CMake module files
[0.346s] DEBUG:colcon.colcon_core.event_handler.log_command:Invoked command in '/home/choi/robot_ws/build/indy7_moveit2_config' returned '0': CMAKE_PREFIX_PATH=${CMAKE_PREFIX_PATH}:/opt/ros/foxy /usr/bin/cmake --install /home/choi/robot_ws/build/indy7_moveit2_config
[0.346s] Level 1:colcon.colcon_core.environment:checking '/home/choi/robot_ws/install/indy7_moveit2_config' for CMake config files
[0.346s] Level 1:colcon.colcon_core.shell:create_environment_hook('indy7_moveit2_config', 'cmake_prefix_path')
[0.347s] INFO:colcon.colcon_core.shell:Creating environment hook '/home/choi/robot_ws/install/indy7_moveit2_config/share/indy7_moveit2_config/hook/cmake_prefix_path.ps1'
[0.347s] INFO:colcon.colcon_core.shell:Creating environment descriptor '/home/choi/robot_ws/install/indy7_moveit2_config/share/indy7_moveit2_config/hook/cmake_prefix_path.dsv'
[0.348s] INFO:colcon.colcon_core.shell:Creating environment hook '/home/choi/robot_ws/install/indy7_moveit2_config/share/indy7_moveit2_config/hook/cmake_prefix_path.sh'
[0.348s] Level 1:colcon.colcon_core.environment:checking '/home/choi/robot_ws/install/indy7_moveit2_config/bin'
[0.348s] Level 1:colcon.colcon_core.environment:checking '/home/choi/robot_ws/install/indy7_moveit2_config/lib/pkgconfig/indy7_moveit2_config.pc'
[0.348s] Level 1:colcon.colcon_core.environment:checking '/home/choi/robot_ws/install/indy7_moveit2_config/lib/python3.8/site-packages'
[0.348s] INFO:colcon.colcon_core.shell:Creating package script '/home/choi/robot_ws/install/indy7_moveit2_config/share/indy7_moveit2_config/package.ps1'
[0.349s] INFO:colcon.colcon_core.shell:Creating package descriptor '/home/choi/robot_ws/install/indy7_moveit2_config/share/indy7_moveit2_config/package.dsv'
[0.349s] INFO:colcon.colcon_core.shell:Creating package script '/home/choi/robot_ws/install/indy7_moveit2_config/share/indy7_moveit2_config/package.sh'
[0.349s] INFO:colcon.colcon_core.shell:Creating package script '/home/choi/robot_ws/install/indy7_moveit2_config/share/indy7_moveit2_config/package.bash'
[0.349s] INFO:colcon.colcon_core.shell:Creating package script '/home/choi/robot_ws/install/indy7_moveit2_config/share/indy7_moveit2_config/package.zsh'
[0.350s] Level 1:colcon.colcon_core.environment:create_file_with_runtime_dependencies(/home/choi/robot_ws/install/indy7_moveit2_config/share/colcon-core/packages/indy7_moveit2_config)
[0.355s] DEBUG:colcon.colcon_core.event_handler.log_command:Invoking command in '/home/choi/robot_ws/build/indy7_ign_moveit2': CMAKE_PREFIX_PATH=${CMAKE_PREFIX_PATH}:/opt/ros/foxy /usr/bin/cmake --install /home/choi/robot_ws/build/indy7_ign_moveit2
[0.359s] Level 1:colcon.colcon_core.environment:create_environment_scripts_only(indy7_ign)
[0.360s] Level 1:colcon.colcon_core.environment:checking '/home/choi/robot_ws/install/indy7_ign' for CMake module files
[0.361s] Level 1:colcon.colcon_core.environment:checking '/home/choi/robot_ws/install/indy7_ign' for CMake config files
[0.362s] Level 1:colcon.colcon_core.shell:create_environment_hook('indy7_ign', 'cmake_prefix_path')
[0.363s] INFO:colcon.colcon_core.shell:Creating environment hook '/home/choi/robot_ws/install/indy7_ign/share/indy7_ign/hook/cmake_prefix_path.ps1'
[0.364s] INFO:colcon.colcon_core.shell:Creating environment descriptor '/home/choi/robot_ws/install/indy7_ign/share/indy7_ign/hook/cmake_prefix_path.dsv'
[0.365s] INFO:colcon.colcon_core.shell:Creating environment hook '/home/choi/robot_ws/install/indy7_ign/share/indy7_ign/hook/cmake_prefix_path.sh'
[0.366s] Level 1:colcon.colcon_core.environment:checking '/home/choi/robot_ws/install/indy7_ign/bin'
[0.366s] Level 1:colcon.colcon_core.environment:checking '/home/choi/robot_ws/install/indy7_ign/lib/pkgconfig/indy7_ign.pc'
[0.366s] Level 1:colcon.colcon_core.environment:checking '/home/choi/robot_ws/install/indy7_ign/lib/python3.8/site-packages'
[0.367s] INFO:colcon.colcon_core.shell:Creating package script '/home/choi/robot_ws/install/indy7_ign/share/indy7_ign/package.ps1'
[0.367s] INFO:colcon.colcon_core.shell:Creating package descriptor '/home/choi/robot_ws/install/indy7_ign/share/indy7_ign/package.dsv'
[0.367s] INFO:colcon.colcon_core.shell:Creating package script '/home/choi/robot_ws/install/indy7_ign/share/indy7_ign/package.sh'
[0.367s] INFO:colcon.colcon_core.shell:Creating package script '/home/choi/robot_ws/install/indy7_ign/share/indy7_ign/package.bash'
[0.368s] INFO:colcon.colcon_core.shell:Creating package script '/home/choi/robot_ws/install/indy7_ign/share/indy7_ign/package.zsh'
[0.368s] Level 1:colcon.colcon_core.environment:create_file_with_runtime_dependencies(/home/choi/robot_ws/install/indy7_ign/share/colcon-core/packages/indy7_ign)
[0.369s] Level 1:colcon.colcon_core.environment:create_environment_scripts_only(rqt_example)
[0.369s] Level 1:colcon.colcon_core.environment:checking '/home/choi/robot_ws/install/rqt_example' for CMake module files
[0.370s] DEBUG:colcon.colcon_core.event_handler.log_command:Invoked command in '/home/choi/robot_ws/build/rqt_example' returned '0': CMAKE_PREFIX_PATH=${CMAKE_PREFIX_PATH}:/opt/ros/foxy /usr/bin/cmake --install /home/choi/robot_ws/build/rqt_example
[0.370s] Level 1:colcon.colcon_core.environment:checking '/home/choi/robot_ws/install/rqt_example' for CMake config files
[0.370s] Level 1:colcon.colcon_core.shell:create_environment_hook('rqt_example', 'cmake_prefix_path')
[0.370s] INFO:colcon.colcon_core.shell:Creating environment hook '/home/choi/robot_ws/install/rqt_example/share/rqt_example/hook/cmake_prefix_path.ps1'
[0.371s] INFO:colcon.colcon_core.shell:Creating environment descriptor '/home/choi/robot_ws/install/rqt_example/share/rqt_example/hook/cmake_prefix_path.dsv'
[0.371s] INFO:colcon.colcon_core.shell:Creating environment hook '/home/choi/robot_ws/install/rqt_example/share/rqt_example/hook/cmake_prefix_path.sh'
[0.371s] Level 1:colcon.colcon_core.environment:checking '/home/choi/robot_ws/install/rqt_example/lib'
[0.371s] Level 1:colcon.colcon_core.environment:checking '/home/choi/robot_ws/install/rqt_example/bin'
[0.371s] Level 1:colcon.colcon_core.environment:checking '/home/choi/robot_ws/install/rqt_example/lib/pkgconfig/rqt_example.pc'
[0.371s] Level 1:colcon.colcon_core.environment:checking '/home/choi/robot_ws/install/rqt_example/lib/python3.8/site-packages'
[0.371s] Level 1:colcon.colcon_core.shell:create_environment_hook('rqt_example', 'pythonpath')
[0.372s] INFO:colcon.colcon_core.shell:Creating environment hook '/home/choi/robot_ws/install/rqt_example/share/rqt_example/hook/pythonpath.ps1'
[0.372s] INFO:colcon.colcon_core.shell:Creating environment descriptor '/home/choi/robot_ws/install/rqt_example/share/rqt_example/hook/pythonpath.dsv'
[0.373s] INFO:colcon.colcon_core.shell:Creating environment hook '/home/choi/robot_ws/install/rqt_example/share/rqt_example/hook/pythonpath.sh'
[0.373s] INFO:colcon.colcon_core.shell:Creating package script '/home/choi/robot_ws/install/rqt_example/share/rqt_example/package.ps1'
[0.373s] INFO:colcon.colcon_core.shell:Creating package descriptor '/home/choi/robot_ws/install/rqt_example/share/rqt_example/package.dsv'
[0.374s] INFO:colcon.colcon_core.shell:Creating package script '/home/choi/robot_ws/install/rqt_example/share/rqt_example/package.sh'
[0.374s] INFO:colcon.colcon_core.shell:Creating package script '/home/choi/robot_ws/install/rqt_example/share/rqt_example/package.bash'
[0.374s] INFO:colcon.colcon_core.shell:Creating package script '/home/choi/robot_ws/install/rqt_example/share/rqt_example/package.zsh'
[0.374s] Level 1:colcon.colcon_core.environment:create_file_with_runtime_dependencies(/home/choi/robot_ws/install/rqt_example/share/colcon-core/packages/rqt_example)
[0.377s] Level 1:colcon.colcon_core.environment:create_environment_scripts_only(indy7_moveit2_config)
[0.377s] Level 1:colcon.colcon_core.environment:checking '/home/choi/robot_ws/install/indy7_moveit2_config' for CMake module files
[0.378s] Level 1:colcon.colcon_core.environment:checking '/home/choi/robot_ws/install/indy7_moveit2_config' for CMake config files
[0.378s] Level 1:colcon.colcon_core.shell:create_environment_hook('indy7_moveit2_config', 'cmake_prefix_path')
[0.378s] INFO:colcon.colcon_core.shell:Creating environment hook '/home/choi/robot_ws/install/indy7_moveit2_config/share/indy7_moveit2_config/hook/cmake_prefix_path.ps1'
[0.379s] INFO:colcon.colcon_core.shell:Creating environment descriptor '/home/choi/robot_ws/install/indy7_moveit2_config/share/indy7_moveit2_config/hook/cmake_prefix_path.dsv'
[0.379s] INFO:colcon.colcon_core.shell:Creating environment hook '/home/choi/robot_ws/install/indy7_moveit2_config/share/indy7_moveit2_config/hook/cmake_prefix_path.sh'
[0.379s] Level 1:colcon.colcon_core.environment:checking '/home/choi/robot_ws/install/indy7_moveit2_config/bin'
[0.379s] Level 1:colcon.colcon_core.environment:checking '/home/choi/robot_ws/install/indy7_moveit2_config/lib/pkgconfig/indy7_moveit2_config.pc'
[0.379s] Level 1:colcon.colcon_core.environment:checking '/home/choi/robot_ws/install/indy7_moveit2_config/lib/python3.8/site-packages'
[0.379s] INFO:colcon.colcon_core.shell:Creating package script '/home/choi/robot_ws/install/indy7_moveit2_config/share/indy7_moveit2_config/package.ps1'
[0.380s] INFO:colcon.colcon_core.shell:Creating package descriptor '/home/choi/robot_ws/install/indy7_moveit2_config/share/indy7_moveit2_config/package.dsv'
[0.380s] INFO:colcon.colcon_core.shell:Creating package script '/home/choi/robot_ws/install/indy7_moveit2_config/share/indy7_moveit2_config/package.sh'
[0.380s] INFO:colcon.colcon_core.shell:Creating package script '/home/choi/robot_ws/install/indy7_moveit2_config/share/indy7_moveit2_config/package.bash'
[0.380s] INFO:colcon.colcon_core.shell:Creating package script '/home/choi/robot_ws/install/indy7_moveit2_config/share/indy7_moveit2_config/package.zsh'
[0.381s] Level 1:colcon.colcon_core.environment:create_file_with_runtime_dependencies(/home/choi/robot_ws/install/indy7_moveit2_config/share/colcon-core/packages/indy7_moveit2_config)
[0.387s] Level 1:colcon.colcon_core.environment:create_environment_scripts_only(rqt_example)
[0.388s] Level 1:colcon.colcon_core.environment:checking '/home/choi/robot_ws/install/rqt_example' for CMake module files
[0.388s] Level 1:colcon.colcon_core.environment:checking '/home/choi/robot_ws/install/rqt_example' for CMake config files
[0.388s] Level 1:colcon.colcon_core.shell:create_environment_hook('rqt_example', 'cmake_prefix_path')
[0.389s] INFO:colcon.colcon_core.shell:Creating environment hook '/home/choi/robot_ws/install/rqt_example/share/rqt_example/hook/cmake_prefix_path.ps1'
[0.389s] INFO:colcon.colcon_core.shell:Creating environment descriptor '/home/choi/robot_ws/install/rqt_example/share/rqt_example/hook/cmake_prefix_path.dsv'
[0.389s] INFO:colcon.colcon_core.shell:Creating environment hook '/home/choi/robot_ws/install/rqt_example/share/rqt_example/hook/cmake_prefix_path.sh'
[0.389s] Level 1:colcon.colcon_core.environment:checking '/home/choi/robot_ws/install/rqt_example/lib'
[0.389s] Level 1:colcon.colcon_core.environment:checking '/home/choi/robot_ws/install/rqt_example/bin'
[0.389s] Level 1:colcon.colcon_core.environment:checking '/home/choi/robot_ws/install/rqt_example/lib/pkgconfig/rqt_example.pc'
[0.390s] Level 1:colcon.colcon_core.environment:checking '/home/choi/robot_ws/install/rqt_example/lib/python3.8/site-packages'
[0.390s] Level 1:colcon.colcon_core.shell:create_environment_hook('rqt_example', 'pythonpath')
[0.390s] INFO:colcon.colcon_core.shell:Creating environment hook '/home/choi/robot_ws/install/rqt_example/share/rqt_example/hook/pythonpath.ps1'
[0.390s] INFO:colcon.colcon_core.shell:Creating environment descriptor '/home/choi/robot_ws/install/rqt_example/share/rqt_example/hook/pythonpath.dsv'
[0.390s] INFO:colcon.colcon_core.shell:Creating environment hook '/home/choi/robot_ws/install/rqt_example/share/rqt_example/hook/pythonpath.sh'
[0.391s] INFO:colcon.colcon_core.shell:Creating package script '/home/choi/robot_ws/install/rqt_example/share/rqt_example/package.ps1'
[0.391s] INFO:colcon.colcon_core.shell:Creating package descriptor '/home/choi/robot_ws/install/rqt_example/share/rqt_example/package.dsv'
[0.391s] INFO:colcon.colcon_core.shell:Creating package script '/home/choi/robot_ws/install/rqt_example/share/rqt_example/package.sh'
[0.392s] INFO:colcon.colcon_core.shell:Creating package script '/home/choi/robot_ws/install/rqt_example/share/rqt_example/package.bash'
[0.392s] INFO:colcon.colcon_core.shell:Creating package script '/home/choi/robot_ws/install/rqt_example/share/rqt_example/package.zsh'
[0.392s] Level 1:colcon.colcon_core.environment:create_file_with_runtime_dependencies(/home/choi/robot_ws/install/rqt_example/share/colcon-core/packages/rqt_example)
[0.396s] Level 1:colcon.colcon_core.environment:create_environment_scripts_only(indy7_ign_moveit2)
[0.397s] Level 1:colcon.colcon_core.environment:checking '/home/choi/robot_ws/install/indy7_ign_moveit2' for CMake module files
[0.397s] DEBUG:colcon.colcon_core.event_handler.log_command:Invoked command in '/home/choi/robot_ws/build/indy7_ign_moveit2' returned '0': CMAKE_PREFIX_PATH=${CMAKE_PREFIX_PATH}:/opt/ros/foxy /usr/bin/cmake --install /home/choi/robot_ws/build/indy7_ign_moveit2
[0.398s] Level 1:colcon.colcon_core.environment:checking '/home/choi/robot_ws/install/indy7_ign_moveit2' for CMake config files
[0.398s] Level 1:colcon.colcon_core.shell:create_environment_hook('indy7_ign_moveit2', 'cmake_prefix_path')
[0.398s] INFO:colcon.colcon_core.shell:Creating environment hook '/home/choi/robot_ws/install/indy7_ign_moveit2/share/indy7_ign_moveit2/hook/cmake_prefix_path.ps1'
[0.399s] INFO:colcon.colcon_core.shell:Creating environment descriptor '/home/choi/robot_ws/install/indy7_ign_moveit2/share/indy7_ign_moveit2/hook/cmake_prefix_path.dsv'
[0.399s] INFO:colcon.colcon_core.shell:Creating environment hook '/home/choi/robot_ws/install/indy7_ign_moveit2/share/indy7_ign_moveit2/hook/cmake_prefix_path.sh'
[0.399s] Level 1:colcon.colcon_core.environment:checking '/home/choi/robot_ws/install/indy7_ign_moveit2/lib'
[0.399s] Level 1:colcon.colcon_core.environment:checking '/home/choi/robot_ws/install/indy7_ign_moveit2/bin'
[0.399s] Level 1:colcon.colcon_core.environment:checking '/home/choi/robot_ws/install/indy7_ign_moveit2/lib/pkgconfig/indy7_ign_moveit2.pc'
[0.399s] Level 1:colcon.colcon_core.environment:checking '/home/choi/robot_ws/install/indy7_ign_moveit2/lib/python3.8/site-packages'
[0.399s] Level 1:colcon.colcon_core.shell:create_environment_hook('indy7_ign_moveit2', 'pythonpath')
[0.400s] INFO:colcon.colcon_core.shell:Creating environment hook '/home/choi/robot_ws/install/indy7_ign_moveit2/share/indy7_ign_moveit2/hook/pythonpath.ps1'
[0.400s] INFO:colcon.colcon_core.shell:Creating environment descriptor '/home/choi/robot_ws/install/indy7_ign_moveit2/share/indy7_ign_moveit2/hook/pythonpath.dsv'
[0.400s] INFO:colcon.colcon_core.shell:Creating environment hook '/home/choi/robot_ws/install/indy7_ign_moveit2/share/indy7_ign_moveit2/hook/pythonpath.sh'
[0.401s] INFO:colcon.colcon_core.shell:Creating package script '/home/choi/robot_ws/install/indy7_ign_moveit2/share/indy7_ign_moveit2/package.ps1'
[0.401s] INFO:colcon.colcon_core.shell:Creating package descriptor '/home/choi/robot_ws/install/indy7_ign_moveit2/share/indy7_ign_moveit2/package.dsv'
[0.401s] INFO:colcon.colcon_core.shell:Creating package script '/home/choi/robot_ws/install/indy7_ign_moveit2/share/indy7_ign_moveit2/package.sh'
[0.401s] INFO:colcon.colcon_core.shell:Creating package script '/home/choi/robot_ws/install/indy7_ign_moveit2/share/indy7_ign_moveit2/package.bash'
[0.401s] INFO:colcon.colcon_core.shell:Creating package script '/home/choi/robot_ws/install/indy7_ign_moveit2/share/indy7_ign_moveit2/package.zsh'
[0.402s] Level 1:colcon.colcon_core.environment:create_file_with_runtime_dependencies(/home/choi/robot_ws/install/indy7_ign_moveit2/share/colcon-core/packages/indy7_ign_moveit2)
[0.416s] Level 1:colcon.colcon_core.environment:create_environment_scripts_only(indy7_ign_moveit2)
[0.417s] Level 1:colcon.colcon_core.environment:checking '/home/choi/robot_ws/install/indy7_ign_moveit2' for CMake module files
[0.417s] Level 1:colcon.colcon_core.environment:checking '/home/choi/robot_ws/install/indy7_ign_moveit2' for CMake config files
[0.418s] Level 1:colcon.colcon_core.shell:create_environment_hook('indy7_ign_moveit2', 'cmake_prefix_path')
[0.418s] INFO:colcon.colcon_core.shell:Creating environment hook '/home/choi/robot_ws/install/indy7_ign_moveit2/share/indy7_ign_moveit2/hook/cmake_prefix_path.ps1'
[0.418s] INFO:colcon.colcon_core.shell:Creating environment descriptor '/home/choi/robot_ws/install/indy7_ign_moveit2/share/indy7_ign_moveit2/hook/cmake_prefix_path.dsv'
[0.419s] INFO:colcon.colcon_core.shell:Creating environment hook '/home/choi/robot_ws/install/indy7_ign_moveit2/share/indy7_ign_moveit2/hook/cmake_prefix_path.sh'
[0.419s] Level 1:colcon.colcon_core.environment:checking '/home/choi/robot_ws/install/indy7_ign_moveit2/lib'
[0.419s] Level 1:colcon.colcon_core.environment:checking '/home/choi/robot_ws/install/indy7_ign_moveit2/bin'
[0.419s] Level 1:colcon.colcon_core.environment:checking '/home/choi/robot_ws/install/indy7_ign_moveit2/lib/pkgconfig/indy7_ign_moveit2.pc'
[0.419s] Level 1:colcon.colcon_core.environment:checking '/home/choi/robot_ws/install/indy7_ign_moveit2/lib/python3.8/site-packages'
[0.419s] Level 1:colcon.colcon_core.shell:create_environment_hook('indy7_ign_moveit2', 'pythonpath')
[0.419s] INFO:colcon.colcon_core.shell:Creating environment hook '/home/choi/robot_ws/install/indy7_ign_moveit2/share/indy7_ign_moveit2/hook/pythonpath.ps1'
[0.420s] INFO:colcon.colcon_core.shell:Creating environment descriptor '/home/choi/robot_ws/install/indy7_ign_moveit2/share/indy7_ign_moveit2/hook/pythonpath.dsv'
[0.420s] INFO:colcon.colcon_core.shell:Creating environment hook '/home/choi/robot_ws/install/indy7_ign_moveit2/share/indy7_ign_moveit2/hook/pythonpath.sh'
[0.420s] INFO:colcon.colcon_core.shell:Creating package script '/home/choi/robot_ws/install/indy7_ign_moveit2/share/indy7_ign_moveit2/package.ps1'
[0.420s] INFO:colcon.colcon_core.shell:Creating package descriptor '/home/choi/robot_ws/install/indy7_ign_moveit2/share/indy7_ign_moveit2/package.dsv'
[0.421s] INFO:colcon.colcon_core.shell:Creating package script '/home/choi/robot_ws/install/indy7_ign_moveit2/share/indy7_ign_moveit2/package.sh'
[0.421s] INFO:colcon.colcon_core.shell:Creating package script '/home/choi/robot_ws/install/indy7_ign_moveit2/share/indy7_ign_moveit2/package.bash'
[0.421s] INFO:colcon.colcon_core.shell:Creating package script '/home/choi/robot_ws/install/indy7_ign_moveit2/share/indy7_ign_moveit2/package.zsh'
[0.421s] Level 1:colcon.colcon_core.environment:create_file_with_runtime_dependencies(/home/choi/robot_ws/install/indy7_ign_moveit2/share/colcon-core/packages/indy7_ign_moveit2)
[0.422s] DEBUG:colcon.colcon_parallel_executor.executor.parallel:closing loop
[0.422s] DEBUG:colcon.colcon_parallel_executor.executor.parallel:loop closed
[0.422s] DEBUG:colcon.colcon_parallel_executor.executor.parallel:run_until_complete finished with '0'
[0.422s] DEBUG:colcon.colcon_core.event_reactor:joining thread
[0.426s] INFO:colcon.colcon_core.plugin_system:Skipping extension 'colcon_notification.desktop_notification.terminal_notifier': Not used on non-Darwin systems
[0.426s] INFO:colcon.colcon_core.plugin_system:Skipping extension 'colcon_notification.desktop_notification.win32': Not used on non-Windows systems
[0.426s] INFO:colcon.colcon_notification.desktop_notification:Sending desktop notification using 'notify2'
[0.435s] DEBUG:colcon.colcon_core.event_reactor:joined thread
[0.435s] INFO:colcon.colcon_core.shell:Creating prefix script '/home/choi/robot_ws/install/local_setup.ps1'
[0.436s] INFO:colcon.colcon_core.shell:Creating prefix util module '/home/choi/robot_ws/install/_local_setup_util_ps1.py'
[0.436s] INFO:colcon.colcon_core.shell:Creating prefix chain script '/home/choi/robot_ws/install/setup.ps1'
[0.438s] INFO:colcon.colcon_core.shell:Creating prefix script '/home/choi/robot_ws/install/local_setup.sh'
[0.438s] INFO:colcon.colcon_core.shell:Creating prefix util module '/home/choi/robot_ws/install/_local_setup_util_sh.py'
[0.439s] INFO:colcon.colcon_core.shell:Creating prefix chain script '/home/choi/robot_ws/install/setup.sh'
[0.440s] INFO:colcon.colcon_core.shell:Creating prefix script '/home/choi/robot_ws/install/local_setup.bash'
[0.440s] INFO:colcon.colcon_core.shell:Creating prefix chain script '/home/choi/robot_ws/install/setup.bash'
[0.441s] INFO:colcon.colcon_core.shell:Creating prefix script '/home/choi/robot_ws/install/local_setup.zsh'
[0.442s] INFO:colcon.colcon_core.shell:Creating prefix chain script '/home/choi/robot_ws/install/setup.zsh'
