[0.052s] Invoking command in '/home/choi/robot_ws/build/rqt_example': CMAKE_PREFIX_PATH=${CMAKE_PREFIX_PATH}:/opt/ros/foxy /usr/bin/cmake /home/choi/robot_ws/src/rqt_example -DCMAKE_INSTALL_PREFIX=/home/choi/robot_ws/install/rqt_example
[0.116s] -- Found ament_cmake: 0.9.9 (/opt/ros/foxy/share/ament_cmake/cmake)
[0.134s] -- Using PYTHON_EXECUTABLE: /usr/bin/python3
[0.424s] -- Override CMake install command with custom implementation using symlinks instead of copying resources
[0.440s] -- Found ament_lint_auto: 0.9.6 (/opt/ros/foxy/share/ament_lint_auto/cmake)
[0.563s] -- Added test 'copyright' to check source files copyright and LICENSE
[0.567s] -- Added test 'flake8' to check Python code syntax and style conventions
[0.568s] -- Added test 'lint_cmake' to check CMake code style
[0.569s] -- Added test 'pep257' to check Python code against some of the style conventions in PEP 257
[0.571s] -- Added test 'xmllint' to check XML markup files
[0.575s] -- Configuring done
[0.579s] -- Generating done
[0.581s] -- Build files have been written to: /home/choi/robot_ws/build/rqt_example
[0.593s] Invoked command in '/home/choi/robot_ws/build/rqt_example' returned '0': CMAKE_PREFIX_PATH=${CMAKE_PREFIX_PATH}:/opt/ros/foxy /usr/bin/cmake /home/choi/robot_ws/src/rqt_example -DCMAKE_INSTALL_PREFIX=/home/choi/robot_ws/install/rqt_example
[0.598s] Invoking command in '/home/choi/robot_ws/build/rqt_example': CMAKE_PREFIX_PATH=${CMAKE_PREFIX_PATH}:/opt/ros/foxy /usr/bin/cmake --build /home/choi/robot_ws/build/rqt_example -- -j8 -l8
[0.669s] Invoked command in '/home/choi/robot_ws/build/rqt_example' returned '0': CMAKE_PREFIX_PATH=${CMAKE_PREFIX_PATH}:/opt/ros/foxy /usr/bin/cmake --build /home/choi/robot_ws/build/rqt_example -- -j8 -l8
[0.745s] Invoking command in '/home/choi/robot_ws/build/rqt_example': CMAKE_PREFIX_PATH=${CMAKE_PREFIX_PATH}:/opt/ros/foxy /usr/bin/cmake --install /home/choi/robot_ws/build/rqt_example
[0.764s] -- Install configuration: ""
[0.765s] -- Execute custom install script
[0.765s] -- Up-to-date symlink: /home/choi/robot_ws/install/rqt_example/share/rqt_example/environment/pythonpath.sh
[0.766s] -- Up-to-date symlink: /home/choi/robot_ws/install/rqt_example/share/rqt_example/environment/pythonpath.dsv
[0.767s] -- Up-to-date symlink: /home/choi/robot_ws/install/rqt_example/lib/python3.8/site-packages/rqt_example/__init__.py
[0.769s] -- Up-to-date symlink: /home/choi/robot_ws/install/rqt_example/lib/python3.8/site-packages/rqt_example/examples.py
[0.771s] -- Up-to-date symlink: /home/choi/robot_ws/install/rqt_example/lib/python3.8/site-packages/rqt_example/examples_widget.py
[0.771s] -- Up-to-date symlink: /home/choi/robot_ws/install/rqt_example/share/rqt_example/plugin.xml
[0.772s] -- Up-to-date symlink: /home/choi/robot_ws/install/rqt_example/share/rqt_example/resource/lab.png
[0.772s] -- Up-to-date symlink: /home/choi/robot_ws/install/rqt_example/share/rqt_example/resource/logo.png
[0.772s] -- Up-to-date symlink: /home/choi/robot_ws/install/rqt_example/share/rqt_example/resource/resource.qrc
[0.773s] -- Up-to-date symlink: /home/choi/robot_ws/install/rqt_example/share/rqt_example/resource/rqt_example.ui
[0.773s] -- Up-to-date symlink: /home/choi/robot_ws/install/rqt_example/share/rqt_example/launch/turtlesim.launch.py
[0.773s] -- Up-to-date symlink: /home/choi/robot_ws/install/rqt_example/lib/rqt_example/rqt_example
[0.773s] -- Up-to-date symlink: /home/choi/robot_ws/install/rqt_example/share/ament_index/resource_index/package_run_dependencies/rqt_example
[0.773s] -- Up-to-date symlink: /home/choi/robot_ws/install/rqt_example/share/ament_index/resource_index/parent_prefix_path/rqt_example
[0.773s] -- Up-to-date symlink: /home/choi/robot_ws/install/rqt_example/share/rqt_example/environment/ament_prefix_path.sh
[0.774s] -- Up-to-date symlink: /home/choi/robot_ws/install/rqt_example/share/rqt_example/environment/ament_prefix_path.dsv
[0.776s] -- Up-to-date symlink: /home/choi/robot_ws/install/rqt_example/share/rqt_example/environment/path.sh
[0.779s] -- Up-to-date symlink: /home/choi/robot_ws/install/rqt_example/share/rqt_example/environment/path.dsv
[0.780s] -- Up-to-date symlink: /home/choi/robot_ws/install/rqt_example/share/rqt_example/local_setup.bash
[0.780s] -- Up-to-date symlink: /home/choi/robot_ws/install/rqt_example/share/rqt_example/local_setup.sh
[0.781s] -- Up-to-date symlink: /home/choi/robot_ws/install/rqt_example/share/rqt_example/local_setup.zsh
[0.782s] -- Up-to-date symlink: /home/choi/robot_ws/install/rqt_example/share/rqt_example/local_setup.dsv
[0.782s] -- Symlinking: /home/choi/robot_ws/install/rqt_example/share/rqt_example/package.dsv
[0.805s] -- Up-to-date symlink: /home/choi/robot_ws/install/rqt_example/share/ament_index/resource_index/packages/rqt_example
[0.805s] -- Up-to-date symlink: /home/choi/robot_ws/install/rqt_example/share/rqt_example/cmake/rqt_exampleConfig.cmake
[0.805s] -- Up-to-date symlink: /home/choi/robot_ws/install/rqt_example/share/rqt_example/cmake/rqt_exampleConfig-version.cmake
[0.807s] -- Up-to-date symlink: /home/choi/robot_ws/install/rqt_example/share/rqt_example/package.xml
[0.878s] Listing '/home/choi/robot_ws/install/rqt_example/lib/python3.8/site-packages/rqt_example'...
[0.879s] Compiling '/home/choi/robot_ws/install/rqt_example/lib/python3.8/site-packages/rqt_example/examples_widget.py'...
[0.894s] Invoked command in '/home/choi/robot_ws/build/rqt_example' returned '0': CMAKE_PREFIX_PATH=${CMAKE_PREFIX_PATH}:/opt/ros/foxy /usr/bin/cmake --install /home/choi/robot_ws/build/rqt_example
