[0.201s] DEBUG:colcon:Command line arguments: ['/usr/bin/colcon', 'build']
[0.201s] DEBUG:colcon:Parsed command line arguments: Namespace(ament_cmake_args=None, base_paths=['.'], build_base='build', catkin_cmake_args=None, catkin_skip_building_tests=False, cmake_args=None, cmake_clean_cache=False, cmake_clean_first=False, cmake_force_configure=False, cmake_target=None, cmake_target_skip_unavailable=False, continue_on_error=False, event_handlers=None, executor='parallel', ignore_user_meta=False, install_base='install', log_base=None, log_level=None, main=<bound method BuildVerb.main of <colcon_core.verb.build.BuildVerb object at 0x7fcc17d477f0>>, merge_install=False, metas=['./colcon.meta'], packages_above=None, packages_above_and_dependencies=None, packages_above_depth=None, packages_end=None, packages_ignore=None, packages_ignore_regex=None, packages_select=None, packages_select_build_failed=False, packages_select_by_dep=None, packages_select_regex=None, packages_select_test_failures=False, packages_skip=None, packages_skip_build_finished=False, packages_skip_by_dep=None, packages_skip_regex=None, packages_skip_test_passed=False, packages_skip_up_to=None, packages_start=None, packages_up_to=None, packages_up_to_regex=None, parallel_workers=8, paths=None, symlink_install=False, test_result_base=None, verb_extension=<colcon_core.verb.build.BuildVerb object at 0x7fcc17d477f0>, verb_name='build', verb_parser=<colcon_defaults.argument_parser.defaults.DefaultArgumentsDecorator object at 0x7fcc17c924f0>)
[0.204s] Level 1:colcon.colcon_core.package_discovery:discover_packages(colcon_meta) check parameters
[0.204s] Level 1:colcon.colcon_core.package_discovery:discover_packages(recursive) check parameters
[0.204s] Level 1:colcon.colcon_core.package_discovery:discover_packages(ignore) check parameters
[0.204s] Level 1:colcon.colcon_core.package_discovery:discover_packages(path) check parameters
[0.204s] Level 1:colcon.colcon_core.package_discovery:discover_packages(colcon_meta) discover
[0.204s] Level 1:colcon.colcon_core.package_discovery:discover_packages(recursive) discover
[0.204s] INFO:colcon.colcon_core.package_discovery:Crawling recursively for packages in '/home/choi/robot_ws'
[0.205s] Level 1:colcon.colcon_core.package_identification:_identify(.) by extensions ['ignore', 'ignore_ament_install']
[0.205s] Level 1:colcon.colcon_core.package_identification:_identify(.) by extension 'ignore'
[0.205s] Level 1:colcon.colcon_core.package_identification:_identify(.) by extension 'ignore_ament_install'
[0.205s] Level 1:colcon.colcon_core.package_identification:_identify(.) by extensions ['colcon_pkg']
[0.205s] Level 1:colcon.colcon_core.package_identification:_identify(.) by extension 'colcon_pkg'
[0.205s] Level 1:colcon.colcon_core.package_identification:_identify(.) by extensions ['colcon_meta']
[0.205s] Level 1:colcon.colcon_core.package_identification:_identify(.) by extension 'colcon_meta'
[0.205s] Level 1:colcon.colcon_core.package_identification:_identify(.) by extensions ['ros']
[0.205s] Level 1:colcon.colcon_core.package_identification:_identify(.) by extension 'ros'
[0.213s] Level 1:colcon.colcon_core.package_identification:_identify(.) by extensions ['cmake', 'python']
[0.213s] Level 1:colcon.colcon_core.package_identification:_identify(.) by extension 'cmake'
[0.213s] Level 1:colcon.colcon_core.package_identification:_identify(.) by extension 'python'
[0.213s] Level 1:colcon.colcon_core.package_identification:_identify(.) by extensions ['python_setup_py']
[0.213s] Level 1:colcon.colcon_core.package_identification:_identify(.) by extension 'python_setup_py'
[0.213s] Level 1:colcon.colcon_core.package_identification:_identify(build) by extensions ['ignore', 'ignore_ament_install']
[0.213s] Level 1:colcon.colcon_core.package_identification:_identify(build) by extension 'ignore'
[0.213s] Level 1:colcon.colcon_core.package_identification:_identify(build) ignored
[0.213s] Level 1:colcon.colcon_core.package_identification:_identify(install) by extensions ['ignore', 'ignore_ament_install']
[0.213s] Level 1:colcon.colcon_core.package_identification:_identify(install) by extension 'ignore'
[0.213s] Level 1:colcon.colcon_core.package_identification:_identify(install) ignored
[0.213s] Level 1:colcon.colcon_core.package_identification:_identify(log) by extensions ['ignore', 'ignore_ament_install']
[0.213s] Level 1:colcon.colcon_core.package_identification:_identify(log) by extension 'ignore'
[0.213s] Level 1:colcon.colcon_core.package_identification:_identify(log) ignored
[0.213s] Level 1:colcon.colcon_core.package_identification:_identify(src) by extensions ['ignore', 'ignore_ament_install']
[0.213s] Level 1:colcon.colcon_core.package_identification:_identify(src) by extension 'ignore'
[0.213s] Level 1:colcon.colcon_core.package_identification:_identify(src) by extension 'ignore_ament_install'
[0.213s] Level 1:colcon.colcon_core.package_identification:_identify(src) by extensions ['colcon_pkg']
[0.213s] Level 1:colcon.colcon_core.package_identification:_identify(src) by extension 'colcon_pkg'
[0.213s] Level 1:colcon.colcon_core.package_identification:_identify(src) by extensions ['colcon_meta']
[0.213s] Level 1:colcon.colcon_core.package_identification:_identify(src) by extension 'colcon_meta'
[0.214s] Level 1:colcon.colcon_core.package_identification:_identify(src) by extensions ['ros']
[0.214s] Level 1:colcon.colcon_core.package_identification:_identify(src) by extension 'ros'
[0.214s] Level 1:colcon.colcon_core.package_identification:_identify(src) by extensions ['cmake', 'python']
[0.214s] Level 1:colcon.colcon_core.package_identification:_identify(src) by extension 'cmake'
[0.214s] Level 1:colcon.colcon_core.package_identification:_identify(src) by extension 'python'
[0.214s] Level 1:colcon.colcon_core.package_identification:_identify(src) by extensions ['python_setup_py']
[0.214s] Level 1:colcon.colcon_core.package_identification:_identify(src) by extension 'python_setup_py'
[0.214s] Level 1:colcon.colcon_core.package_identification:_identify(src/rqt_example) by extensions ['ignore', 'ignore_ament_install']
[0.214s] Level 1:colcon.colcon_core.package_identification:_identify(src/rqt_example) by extension 'ignore'
[0.214s] Level 1:colcon.colcon_core.package_identification:_identify(src/rqt_example) by extension 'ignore_ament_install'
[0.214s] Level 1:colcon.colcon_core.package_identification:_identify(src/rqt_example) by extensions ['colcon_pkg']
[0.214s] Level 1:colcon.colcon_core.package_identification:_identify(src/rqt_example) by extension 'colcon_pkg'
[0.214s] Level 1:colcon.colcon_core.package_identification:_identify(src/rqt_example) by extensions ['colcon_meta']
[0.214s] Level 1:colcon.colcon_core.package_identification:_identify(src/rqt_example) by extension 'colcon_meta'
[0.214s] Level 1:colcon.colcon_core.package_identification:_identify(src/rqt_example) by extensions ['ros']
[0.214s] Level 1:colcon.colcon_core.package_identification:_identify(src/rqt_example) by extension 'ros'
[0.215s] DEBUG:colcon.colcon_core.package_identification:Package 'src/rqt_example' with type 'ros.ament_cmake' and name 'rqt_example'
[0.216s] Level 1:colcon.colcon_core.package_discovery:discover_packages(recursive) using defaults
[0.216s] Level 1:colcon.colcon_core.package_discovery:discover_packages(ignore) discover
[0.216s] Level 1:colcon.colcon_core.package_discovery:discover_packages(ignore) using defaults
[0.216s] Level 1:colcon.colcon_core.package_discovery:discover_packages(path) discover
[0.216s] Level 1:colcon.colcon_core.package_discovery:discover_packages(path) using defaults
[0.228s] Level 5:colcon.colcon_core.verb:set package 'rqt_example' build argument 'cmake_args' from command line to 'None'
[0.228s] Level 5:colcon.colcon_core.verb:set package 'rqt_example' build argument 'cmake_target' from command line to 'None'
[0.228s] Level 5:colcon.colcon_core.verb:set package 'rqt_example' build argument 'cmake_target_skip_unavailable' from command line to 'False'
[0.228s] Level 5:colcon.colcon_core.verb:set package 'rqt_example' build argument 'cmake_clean_cache' from command line to 'False'
[0.228s] Level 5:colcon.colcon_core.verb:set package 'rqt_example' build argument 'cmake_clean_first' from command line to 'False'
[0.228s] Level 5:colcon.colcon_core.verb:set package 'rqt_example' build argument 'cmake_force_configure' from command line to 'False'
[0.228s] Level 5:colcon.colcon_core.verb:set package 'rqt_example' build argument 'ament_cmake_args' from command line to 'None'
[0.228s] Level 5:colcon.colcon_core.verb:set package 'rqt_example' build argument 'catkin_cmake_args' from command line to 'None'
[0.228s] Level 5:colcon.colcon_core.verb:set package 'rqt_example' build argument 'catkin_skip_building_tests' from command line to 'False'
[0.229s] DEBUG:colcon.colcon_core.verb:Building package 'rqt_example' with the following arguments: {'ament_cmake_args': None, 'build_base': '/home/choi/robot_ws/build/rqt_example', 'catkin_cmake_args': None, 'catkin_skip_building_tests': False, 'cmake_args': None, 'cmake_clean_cache': False, 'cmake_clean_first': False, 'cmake_force_configure': False, 'cmake_target': None, 'cmake_target_skip_unavailable': False, 'install_base': '/home/choi/robot_ws/install/rqt_example', 'merge_install': False, 'path': '/home/choi/robot_ws/src/rqt_example', 'symlink_install': False, 'test_result_base': None}
[0.229s] INFO:colcon.colcon_core.executor:Executing jobs using 'parallel' executor
[0.230s] DEBUG:colcon.colcon_parallel_executor.executor.parallel:run_until_complete
[0.230s] INFO:colcon.colcon_ros.task.ament_cmake.build:Building ROS package in '/home/choi/robot_ws/src/rqt_example' with build type 'ament_cmake'
[0.230s] INFO:colcon.colcon_cmake.task.cmake.build:Building CMake package in '/home/choi/robot_ws/src/rqt_example'
[0.233s] INFO:colcon.colcon_core.plugin_system:Skipping extension 'colcon_core.shell.bat': Not used on non-Windows systems
[0.233s] INFO:colcon.colcon_core.shell:Skip shell extension 'powershell' for command environment: Not usable outside of PowerShell
[0.233s] DEBUG:colcon.colcon_core.shell:Skip shell extension 'dsv' for command environment
[0.235s] DEBUG:colcon.colcon_core.shell:Ignoring prefix path '/opt/ros/foxy'
[0.235s] DEBUG:colcon.colcon_core.shell:Ignoring prefix path '/home/choi/catkin_ws/devel'
[0.235s] DEBUG:colcon.colcon_core.shell:Ignoring prefix path '/opt/ros/noetic'
[0.241s] DEBUG:colcon.colcon_core.event_handler.log_command:Invoking command in '/home/choi/robot_ws/build/rqt_example': CMAKE_PREFIX_PATH=/home/choi/robot_ws/install/rqt_example:/opt/ros/foxy:/home/choi/catkin_ws/devel:/opt/ros/noetic /usr/bin/cmake --build /home/choi/robot_ws/build/rqt_example -- -j8 -l8
[0.266s] DEBUG:colcon.colcon_core.event_handler.log_command:Invoked command in '/home/choi/robot_ws/build/rqt_example' returned '0': CMAKE_PREFIX_PATH=/home/choi/robot_ws/install/rqt_example:/opt/ros/foxy:/home/choi/catkin_ws/devel:/opt/ros/noetic /usr/bin/cmake --build /home/choi/robot_ws/build/rqt_example -- -j8 -l8
[0.292s] DEBUG:colcon.colcon_core.event_handler.log_command:Invoking command in '/home/choi/robot_ws/build/rqt_example': CMAKE_PREFIX_PATH=/home/choi/robot_ws/install/rqt_example:/opt/ros/foxy:/home/choi/catkin_ws/devel:/opt/ros/noetic /usr/bin/cmake --install /home/choi/robot_ws/build/rqt_example
[0.325s] Level 1:colcon.colcon_core.environment:create_environment_scripts_only(rqt_example)
[0.325s] DEBUG:colcon.colcon_core.event_handler.log_command:Invoked command in '/home/choi/robot_ws/build/rqt_example' returned '0': CMAKE_PREFIX_PATH=/home/choi/robot_ws/install/rqt_example:/opt/ros/foxy:/home/choi/catkin_ws/devel:/opt/ros/noetic /usr/bin/cmake --install /home/choi/robot_ws/build/rqt_example
[0.327s] Level 1:colcon.colcon_core.environment:checking '/home/choi/robot_ws/install/rqt_example' for CMake module files
[0.328s] Level 1:colcon.colcon_core.environment:checking '/home/choi/robot_ws/install/rqt_example' for CMake config files
[0.328s] Level 1:colcon.colcon_core.shell:create_environment_hook('rqt_example', 'cmake_prefix_path')
[0.328s] INFO:colcon.colcon_core.shell:Creating environment hook '/home/choi/robot_ws/install/rqt_example/share/rqt_example/hook/cmake_prefix_path.ps1'
[0.329s] INFO:colcon.colcon_core.shell:Creating environment descriptor '/home/choi/robot_ws/install/rqt_example/share/rqt_example/hook/cmake_prefix_path.dsv'
[0.329s] INFO:colcon.colcon_core.shell:Creating environment hook '/home/choi/robot_ws/install/rqt_example/share/rqt_example/hook/cmake_prefix_path.sh'
[0.329s] Level 1:colcon.colcon_core.environment:checking '/home/choi/robot_ws/install/rqt_example/lib'
[0.329s] Level 1:colcon.colcon_core.environment:checking '/home/choi/robot_ws/install/rqt_example/bin'
[0.329s] Level 1:colcon.colcon_core.environment:checking '/home/choi/robot_ws/install/rqt_example/lib/pkgconfig/rqt_example.pc'
[0.330s] Level 1:colcon.colcon_core.environment:checking '/home/choi/robot_ws/install/rqt_example/lib/python3.8/site-packages'
[0.330s] Level 1:colcon.colcon_core.shell:create_environment_hook('rqt_example', 'pythonpath')
[0.330s] INFO:colcon.colcon_core.shell:Creating environment hook '/home/choi/robot_ws/install/rqt_example/share/rqt_example/hook/pythonpath.ps1'
[0.330s] INFO:colcon.colcon_core.shell:Creating environment descriptor '/home/choi/robot_ws/install/rqt_example/share/rqt_example/hook/pythonpath.dsv'
[0.330s] INFO:colcon.colcon_core.shell:Creating environment hook '/home/choi/robot_ws/install/rqt_example/share/rqt_example/hook/pythonpath.sh'
[0.331s] INFO:colcon.colcon_core.shell:Creating package script '/home/choi/robot_ws/install/rqt_example/share/rqt_example/package.ps1'
[0.331s] INFO:colcon.colcon_core.shell:Creating package descriptor '/home/choi/robot_ws/install/rqt_example/share/rqt_example/package.dsv'
[0.332s] INFO:colcon.colcon_core.shell:Creating package script '/home/choi/robot_ws/install/rqt_example/share/rqt_example/package.sh'
[0.332s] INFO:colcon.colcon_core.shell:Creating package script '/home/choi/robot_ws/install/rqt_example/share/rqt_example/package.bash'
[0.332s] INFO:colcon.colcon_core.shell:Creating package script '/home/choi/robot_ws/install/rqt_example/share/rqt_example/package.zsh'
[0.333s] Level 1:colcon.colcon_core.environment:create_file_with_runtime_dependencies(/home/choi/robot_ws/install/rqt_example/share/colcon-core/packages/rqt_example)
[0.352s] Level 1:colcon.colcon_core.environment:create_environment_scripts_only(rqt_example)
[0.352s] Level 1:colcon.colcon_core.environment:checking '/home/choi/robot_ws/install/rqt_example' for CMake module files
[0.353s] Level 1:colcon.colcon_core.environment:checking '/home/choi/robot_ws/install/rqt_example' for CMake config files
[0.353s] Level 1:colcon.colcon_core.shell:create_environment_hook('rqt_example', 'cmake_prefix_path')
[0.353s] INFO:colcon.colcon_core.shell:Creating environment hook '/home/choi/robot_ws/install/rqt_example/share/rqt_example/hook/cmake_prefix_path.ps1'
[0.354s] INFO:colcon.colcon_core.shell:Creating environment descriptor '/home/choi/robot_ws/install/rqt_example/share/rqt_example/hook/cmake_prefix_path.dsv'
[0.354s] INFO:colcon.colcon_core.shell:Creating environment hook '/home/choi/robot_ws/install/rqt_example/share/rqt_example/hook/cmake_prefix_path.sh'
[0.354s] Level 1:colcon.colcon_core.environment:checking '/home/choi/robot_ws/install/rqt_example/lib'
[0.354s] Level 1:colcon.colcon_core.environment:checking '/home/choi/robot_ws/install/rqt_example/bin'
[0.354s] Level 1:colcon.colcon_core.environment:checking '/home/choi/robot_ws/install/rqt_example/lib/pkgconfig/rqt_example.pc'
[0.355s] Level 1:colcon.colcon_core.environment:checking '/home/choi/robot_ws/install/rqt_example/lib/python3.8/site-packages'
[0.355s] Level 1:colcon.colcon_core.shell:create_environment_hook('rqt_example', 'pythonpath')
[0.355s] INFO:colcon.colcon_core.shell:Creating environment hook '/home/choi/robot_ws/install/rqt_example/share/rqt_example/hook/pythonpath.ps1'
[0.355s] INFO:colcon.colcon_core.shell:Creating environment descriptor '/home/choi/robot_ws/install/rqt_example/share/rqt_example/hook/pythonpath.dsv'
[0.356s] INFO:colcon.colcon_core.shell:Creating environment hook '/home/choi/robot_ws/install/rqt_example/share/rqt_example/hook/pythonpath.sh'
[0.357s] INFO:colcon.colcon_core.shell:Creating package script '/home/choi/robot_ws/install/rqt_example/share/rqt_example/package.ps1'
[0.357s] INFO:colcon.colcon_core.shell:Creating package descriptor '/home/choi/robot_ws/install/rqt_example/share/rqt_example/package.dsv'
[0.357s] INFO:colcon.colcon_core.shell:Creating package script '/home/choi/robot_ws/install/rqt_example/share/rqt_example/package.sh'
[0.358s] INFO:colcon.colcon_core.shell:Creating package script '/home/choi/robot_ws/install/rqt_example/share/rqt_example/package.bash'
[0.358s] INFO:colcon.colcon_core.shell:Creating package script '/home/choi/robot_ws/install/rqt_example/share/rqt_example/package.zsh'
[0.358s] Level 1:colcon.colcon_core.environment:create_file_with_runtime_dependencies(/home/choi/robot_ws/install/rqt_example/share/colcon-core/packages/rqt_example)
[0.358s] DEBUG:colcon.colcon_parallel_executor.executor.parallel:closing loop
[0.359s] DEBUG:colcon.colcon_parallel_executor.executor.parallel:loop closed
[0.359s] DEBUG:colcon.colcon_parallel_executor.executor.parallel:run_until_complete finished with '0'
[0.359s] DEBUG:colcon.colcon_core.event_reactor:joining thread
[0.363s] INFO:colcon.colcon_core.plugin_system:Skipping extension 'colcon_notification.desktop_notification.terminal_notifier': Not used on non-Darwin systems
[0.363s] INFO:colcon.colcon_core.plugin_system:Skipping extension 'colcon_notification.desktop_notification.win32': Not used on non-Windows systems
[0.363s] INFO:colcon.colcon_notification.desktop_notification:Sending desktop notification using 'notify2'
[0.375s] DEBUG:colcon.colcon_core.event_reactor:joined thread
[0.376s] INFO:colcon.colcon_core.shell:Creating prefix script '/home/choi/robot_ws/install/local_setup.ps1'
[0.377s] INFO:colcon.colcon_core.shell:Creating prefix util module '/home/choi/robot_ws/install/_local_setup_util_ps1.py'
[0.378s] INFO:colcon.colcon_core.shell:Creating prefix chain script '/home/choi/robot_ws/install/setup.ps1'
[0.380s] INFO:colcon.colcon_core.shell:Creating prefix script '/home/choi/robot_ws/install/local_setup.sh'
[0.380s] INFO:colcon.colcon_core.shell:Creating prefix util module '/home/choi/robot_ws/install/_local_setup_util_sh.py'
[0.380s] INFO:colcon.colcon_core.shell:Creating prefix chain script '/home/choi/robot_ws/install/setup.sh'
[0.382s] INFO:colcon.colcon_core.shell:Creating prefix script '/home/choi/robot_ws/install/local_setup.bash'
[0.382s] INFO:colcon.colcon_core.shell:Creating prefix chain script '/home/choi/robot_ws/install/setup.bash'
[0.384s] INFO:colcon.colcon_core.shell:Creating prefix script '/home/choi/robot_ws/install/local_setup.zsh'
[0.384s] INFO:colcon.colcon_core.shell:Creating prefix chain script '/home/choi/robot_ws/install/setup.zsh'
