[0.183s] DEBUG:colcon:Command line arguments: ['/usr/bin/colcon', 'build']
[0.183s] DEBUG:colcon:Parsed command line arguments: Namespace(ament_cmake_args=None, base_paths=['.'], build_base='build', catkin_cmake_args=None, catkin_skip_building_tests=False, cmake_args=None, cmake_clean_cache=False, cmake_clean_first=False, cmake_force_configure=False, cmake_target=None, cmake_target_skip_unavailable=False, continue_on_error=False, event_handlers=None, executor='parallel', ignore_user_meta=False, install_base='install', log_base=None, log_level=None, main=<bound method BuildVerb.main of <colcon_core.verb.build.BuildVerb object at 0x7fa0495bf190>>, merge_install=False, metas=['./colcon.meta'], packages_above=None, packages_above_and_dependencies=None, packages_above_depth=None, packages_end=None, packages_ignore=None, packages_ignore_regex=None, packages_select=None, packages_select_build_failed=False, packages_select_by_dep=None, packages_select_regex=None, packages_select_test_failures=False, packages_skip=None, packages_skip_build_finished=False, packages_skip_by_dep=None, packages_skip_regex=None, packages_skip_test_passed=False, packages_skip_up_to=None, packages_start=None, packages_up_to=None, packages_up_to_regex=None, parallel_workers=8, paths=None, symlink_install=False, test_result_base=None, verb_extension=<colcon_core.verb.build.BuildVerb object at 0x7fa0495bf190>, verb_name='build', verb_parser=<colcon_defaults.argument_parser.defaults.DefaultArgumentsDecorator object at 0x7fa0496e3520>)
[0.186s] Level 1:colcon.colcon_core.package_discovery:discover_packages(colcon_meta) check parameters
[0.186s] Level 1:colcon.colcon_core.package_discovery:discover_packages(recursive) check parameters
[0.186s] Level 1:colcon.colcon_core.package_discovery:discover_packages(ignore) check parameters
[0.186s] Level 1:colcon.colcon_core.package_discovery:discover_packages(path) check parameters
[0.186s] Level 1:colcon.colcon_core.package_discovery:discover_packages(colcon_meta) discover
[0.186s] Level 1:colcon.colcon_core.package_discovery:discover_packages(recursive) discover
[0.186s] INFO:colcon.colcon_core.package_discovery:Crawling recursively for packages in '/home/choi/robot_ws'
[0.186s] Level 1:colcon.colcon_core.package_identification:_identify(.) by extensions ['ignore', 'ignore_ament_install']
[0.187s] Level 1:colcon.colcon_core.package_identification:_identify(.) by extension 'ignore'
[0.187s] Level 1:colcon.colcon_core.package_identification:_identify(.) by extension 'ignore_ament_install'
[0.187s] Level 1:colcon.colcon_core.package_identification:_identify(.) by extensions ['colcon_pkg']
[0.187s] Level 1:colcon.colcon_core.package_identification:_identify(.) by extension 'colcon_pkg'
[0.187s] Level 1:colcon.colcon_core.package_identification:_identify(.) by extensions ['colcon_meta']
[0.187s] Level 1:colcon.colcon_core.package_identification:_identify(.) by extension 'colcon_meta'
[0.187s] Level 1:colcon.colcon_core.package_identification:_identify(.) by extensions ['ros']
[0.187s] Level 1:colcon.colcon_core.package_identification:_identify(.) by extension 'ros'
[0.194s] Level 1:colcon.colcon_core.package_identification:_identify(.) by extensions ['cmake', 'python']
[0.195s] Level 1:colcon.colcon_core.package_identification:_identify(.) by extension 'cmake'
[0.195s] Level 1:colcon.colcon_core.package_identification:_identify(.) by extension 'python'
[0.195s] Level 1:colcon.colcon_core.package_identification:_identify(.) by extensions ['python_setup_py']
[0.195s] Level 1:colcon.colcon_core.package_identification:_identify(.) by extension 'python_setup_py'
[0.195s] Level 1:colcon.colcon_core.package_identification:_identify(build) by extensions ['ignore', 'ignore_ament_install']
[0.195s] Level 1:colcon.colcon_core.package_identification:_identify(build) by extension 'ignore'
[0.195s] Level 1:colcon.colcon_core.package_identification:_identify(build) ignored
[0.195s] Level 1:colcon.colcon_core.package_identification:_identify(install) by extensions ['ignore', 'ignore_ament_install']
[0.195s] Level 1:colcon.colcon_core.package_identification:_identify(install) by extension 'ignore'
[0.195s] Level 1:colcon.colcon_core.package_identification:_identify(install) ignored
[0.195s] Level 1:colcon.colcon_core.package_identification:_identify(log) by extensions ['ignore', 'ignore_ament_install']
[0.195s] Level 1:colcon.colcon_core.package_identification:_identify(log) by extension 'ignore'
[0.195s] Level 1:colcon.colcon_core.package_identification:_identify(log) ignored
[0.195s] Level 1:colcon.colcon_core.package_identification:_identify(src) by extensions ['ignore', 'ignore_ament_install']
[0.195s] Level 1:colcon.colcon_core.package_identification:_identify(src) by extension 'ignore'
[0.195s] Level 1:colcon.colcon_core.package_identification:_identify(src) by extension 'ignore_ament_install'
[0.195s] Level 1:colcon.colcon_core.package_identification:_identify(src) by extensions ['colcon_pkg']
[0.195s] Level 1:colcon.colcon_core.package_identification:_identify(src) by extension 'colcon_pkg'
[0.195s] Level 1:colcon.colcon_core.package_identification:_identify(src) by extensions ['colcon_meta']
[0.195s] Level 1:colcon.colcon_core.package_identification:_identify(src) by extension 'colcon_meta'
[0.195s] Level 1:colcon.colcon_core.package_identification:_identify(src) by extensions ['ros']
[0.195s] Level 1:colcon.colcon_core.package_identification:_identify(src) by extension 'ros'
[0.195s] Level 1:colcon.colcon_core.package_identification:_identify(src) by extensions ['cmake', 'python']
[0.195s] Level 1:colcon.colcon_core.package_identification:_identify(src) by extension 'cmake'
[0.195s] Level 1:colcon.colcon_core.package_identification:_identify(src) by extension 'python'
[0.195s] Level 1:colcon.colcon_core.package_identification:_identify(src) by extensions ['python_setup_py']
[0.195s] Level 1:colcon.colcon_core.package_identification:_identify(src) by extension 'python_setup_py'
[0.196s] Level 1:colcon.colcon_core.package_identification:_identify(src/indy7_ign) by extensions ['ignore', 'ignore_ament_install']
[0.196s] Level 1:colcon.colcon_core.package_identification:_identify(src/indy7_ign) by extension 'ignore'
[0.196s] Level 1:colcon.colcon_core.package_identification:_identify(src/indy7_ign) by extension 'ignore_ament_install'
[0.196s] Level 1:colcon.colcon_core.package_identification:_identify(src/indy7_ign) by extensions ['colcon_pkg']
[0.196s] Level 1:colcon.colcon_core.package_identification:_identify(src/indy7_ign) by extension 'colcon_pkg'
[0.196s] Level 1:colcon.colcon_core.package_identification:_identify(src/indy7_ign) by extensions ['colcon_meta']
[0.196s] Level 1:colcon.colcon_core.package_identification:_identify(src/indy7_ign) by extension 'colcon_meta'
[0.196s] Level 1:colcon.colcon_core.package_identification:_identify(src/indy7_ign) by extensions ['ros']
[0.196s] Level 1:colcon.colcon_core.package_identification:_identify(src/indy7_ign) by extension 'ros'
[0.197s] DEBUG:colcon.colcon_core.package_identification:Package 'src/indy7_ign' with type 'ros.ament_cmake' and name 'indy7_ign'
[0.197s] Level 1:colcon.colcon_core.package_identification:_identify(src/indy7_ign_moveit2) by extensions ['ignore', 'ignore_ament_install']
[0.197s] Level 1:colcon.colcon_core.package_identification:_identify(src/indy7_ign_moveit2) by extension 'ignore'
[0.197s] Level 1:colcon.colcon_core.package_identification:_identify(src/indy7_ign_moveit2) by extension 'ignore_ament_install'
[0.197s] Level 1:colcon.colcon_core.package_identification:_identify(src/indy7_ign_moveit2) by extensions ['colcon_pkg']
[0.198s] Level 1:colcon.colcon_core.package_identification:_identify(src/indy7_ign_moveit2) by extension 'colcon_pkg'
[0.198s] Level 1:colcon.colcon_core.package_identification:_identify(src/indy7_ign_moveit2) by extensions ['colcon_meta']
[0.198s] Level 1:colcon.colcon_core.package_identification:_identify(src/indy7_ign_moveit2) by extension 'colcon_meta'
[0.198s] Level 1:colcon.colcon_core.package_identification:_identify(src/indy7_ign_moveit2) by extensions ['ros']
[0.198s] Level 1:colcon.colcon_core.package_identification:_identify(src/indy7_ign_moveit2) by extension 'ros'
[0.198s] DEBUG:colcon.colcon_core.package_identification:Package 'src/indy7_ign_moveit2' with type 'ros.ament_cmake' and name 'indy7_ign_moveit2'
[0.198s] Level 1:colcon.colcon_core.package_identification:_identify(src/indy7_moveit2_config) by extensions ['ignore', 'ignore_ament_install']
[0.198s] Level 1:colcon.colcon_core.package_identification:_identify(src/indy7_moveit2_config) by extension 'ignore'
[0.198s] Level 1:colcon.colcon_core.package_identification:_identify(src/indy7_moveit2_config) by extension 'ignore_ament_install'
[0.198s] Level 1:colcon.colcon_core.package_identification:_identify(src/indy7_moveit2_config) by extensions ['colcon_pkg']
[0.198s] Level 1:colcon.colcon_core.package_identification:_identify(src/indy7_moveit2_config) by extension 'colcon_pkg'
[0.198s] Level 1:colcon.colcon_core.package_identification:_identify(src/indy7_moveit2_config) by extensions ['colcon_meta']
[0.198s] Level 1:colcon.colcon_core.package_identification:_identify(src/indy7_moveit2_config) by extension 'colcon_meta'
[0.198s] Level 1:colcon.colcon_core.package_identification:_identify(src/indy7_moveit2_config) by extensions ['ros']
[0.198s] Level 1:colcon.colcon_core.package_identification:_identify(src/indy7_moveit2_config) by extension 'ros'
[0.199s] DEBUG:colcon.colcon_core.package_identification:Package 'src/indy7_moveit2_config' with type 'ros.ament_cmake' and name 'indy7_moveit2_config'
[0.199s] Level 1:colcon.colcon_core.package_identification:_identify(src/rqt_example) by extensions ['ignore', 'ignore_ament_install']
[0.199s] Level 1:colcon.colcon_core.package_identification:_identify(src/rqt_example) by extension 'ignore'
[0.199s] Level 1:colcon.colcon_core.package_identification:_identify(src/rqt_example) by extension 'ignore_ament_install'
[0.199s] Level 1:colcon.colcon_core.package_identification:_identify(src/rqt_example) by extensions ['colcon_pkg']
[0.199s] Level 1:colcon.colcon_core.package_identification:_identify(src/rqt_example) by extension 'colcon_pkg'
[0.199s] Level 1:colcon.colcon_core.package_identification:_identify(src/rqt_example) by extensions ['colcon_meta']
[0.199s] Level 1:colcon.colcon_core.package_identification:_identify(src/rqt_example) by extension 'colcon_meta'
[0.199s] Level 1:colcon.colcon_core.package_identification:_identify(src/rqt_example) by extensions ['ros']
[0.199s] Level 1:colcon.colcon_core.package_identification:_identify(src/rqt_example) by extension 'ros'
[0.199s] DEBUG:colcon.colcon_core.package_identification:Package 'src/rqt_example' with type 'ros.ament_cmake' and name 'rqt_example'
[0.199s] Level 1:colcon.colcon_core.package_discovery:discover_packages(recursive) using defaults
[0.199s] Level 1:colcon.colcon_core.package_discovery:discover_packages(ignore) discover
[0.199s] Level 1:colcon.colcon_core.package_discovery:discover_packages(ignore) using defaults
[0.199s] Level 1:colcon.colcon_core.package_discovery:discover_packages(path) discover
[0.199s] Level 1:colcon.colcon_core.package_discovery:discover_packages(path) using defaults
[0.212s] Level 5:colcon.colcon_core.verb:set package 'indy7_ign' build argument 'cmake_args' from command line to 'None'
[0.212s] Level 5:colcon.colcon_core.verb:set package 'indy7_ign' build argument 'cmake_target' from command line to 'None'
[0.212s] Level 5:colcon.colcon_core.verb:set package 'indy7_ign' build argument 'cmake_target_skip_unavailable' from command line to 'False'
[0.212s] Level 5:colcon.colcon_core.verb:set package 'indy7_ign' build argument 'cmake_clean_cache' from command line to 'False'
[0.212s] Level 5:colcon.colcon_core.verb:set package 'indy7_ign' build argument 'cmake_clean_first' from command line to 'False'
[0.212s] Level 5:colcon.colcon_core.verb:set package 'indy7_ign' build argument 'cmake_force_configure' from command line to 'False'
[0.212s] Level 5:colcon.colcon_core.verb:set package 'indy7_ign' build argument 'ament_cmake_args' from command line to 'None'
[0.212s] Level 5:colcon.colcon_core.verb:set package 'indy7_ign' build argument 'catkin_cmake_args' from command line to 'None'
[0.212s] Level 5:colcon.colcon_core.verb:set package 'indy7_ign' build argument 'catkin_skip_building_tests' from command line to 'False'
[0.212s] DEBUG:colcon.colcon_core.verb:Building package 'indy7_ign' with the following arguments: {'ament_cmake_args': None, 'build_base': '/home/choi/robot_ws/build/indy7_ign', 'catkin_cmake_args': None, 'catkin_skip_building_tests': False, 'cmake_args': None, 'cmake_clean_cache': False, 'cmake_clean_first': False, 'cmake_force_configure': False, 'cmake_target': None, 'cmake_target_skip_unavailable': False, 'install_base': '/home/choi/robot_ws/install/indy7_ign', 'merge_install': False, 'path': '/home/choi/robot_ws/src/indy7_ign', 'symlink_install': False, 'test_result_base': None}
[0.214s] Level 5:colcon.colcon_core.verb:set package 'indy7_ign_moveit2' build argument 'cmake_args' from command line to 'None'
[0.214s] Level 5:colcon.colcon_core.verb:set package 'indy7_ign_moveit2' build argument 'cmake_target' from command line to 'None'
[0.214s] Level 5:colcon.colcon_core.verb:set package 'indy7_ign_moveit2' build argument 'cmake_target_skip_unavailable' from command line to 'False'
[0.214s] Level 5:colcon.colcon_core.verb:set package 'indy7_ign_moveit2' build argument 'cmake_clean_cache' from command line to 'False'
[0.214s] Level 5:colcon.colcon_core.verb:set package 'indy7_ign_moveit2' build argument 'cmake_clean_first' from command line to 'False'
[0.214s] Level 5:colcon.colcon_core.verb:set package 'indy7_ign_moveit2' build argument 'cmake_force_configure' from command line to 'False'
[0.214s] Level 5:colcon.colcon_core.verb:set package 'indy7_ign_moveit2' build argument 'ament_cmake_args' from command line to 'None'
[0.214s] Level 5:colcon.colcon_core.verb:set package 'indy7_ign_moveit2' build argument 'catkin_cmake_args' from command line to 'None'
[0.214s] Level 5:colcon.colcon_core.verb:set package 'indy7_ign_moveit2' build argument 'catkin_skip_building_tests' from command line to 'False'
[0.214s] DEBUG:colcon.colcon_core.verb:Building package 'indy7_ign_moveit2' with the following arguments: {'ament_cmake_args': None, 'build_base': '/home/choi/robot_ws/build/indy7_ign_moveit2', 'catkin_cmake_args': None, 'catkin_skip_building_tests': False, 'cmake_args': None, 'cmake_clean_cache': False, 'cmake_clean_first': False, 'cmake_force_configure': False, 'cmake_target': None, 'cmake_target_skip_unavailable': False, 'install_base': '/home/choi/robot_ws/install/indy7_ign_moveit2', 'merge_install': False, 'path': '/home/choi/robot_ws/src/indy7_ign_moveit2', 'symlink_install': False, 'test_result_base': None}
[0.215s] Level 5:colcon.colcon_core.verb:set package 'indy7_moveit2_config' build argument 'cmake_args' from command line to 'None'
[0.215s] Level 5:colcon.colcon_core.verb:set package 'indy7_moveit2_config' build argument 'cmake_target' from command line to 'None'
[0.215s] Level 5:colcon.colcon_core.verb:set package 'indy7_moveit2_config' build argument 'cmake_target_skip_unavailable' from command line to 'False'
[0.215s] Level 5:colcon.colcon_core.verb:set package 'indy7_moveit2_config' build argument 'cmake_clean_cache' from command line to 'False'
[0.215s] Level 5:colcon.colcon_core.verb:set package 'indy7_moveit2_config' build argument 'cmake_clean_first' from command line to 'False'
[0.215s] Level 5:colcon.colcon_core.verb:set package 'indy7_moveit2_config' build argument 'cmake_force_configure' from command line to 'False'
[0.216s] Level 5:colcon.colcon_core.verb:set package 'indy7_moveit2_config' build argument 'ament_cmake_args' from command line to 'None'
[0.216s] Level 5:colcon.colcon_core.verb:set package 'indy7_moveit2_config' build argument 'catkin_cmake_args' from command line to 'None'
[0.216s] Level 5:colcon.colcon_core.verb:set package 'indy7_moveit2_config' build argument 'catkin_skip_building_tests' from command line to 'False'
[0.216s] DEBUG:colcon.colcon_core.verb:Building package 'indy7_moveit2_config' with the following arguments: {'ament_cmake_args': None, 'build_base': '/home/choi/robot_ws/build/indy7_moveit2_config', 'catkin_cmake_args': None, 'catkin_skip_building_tests': False, 'cmake_args': None, 'cmake_clean_cache': False, 'cmake_clean_first': False, 'cmake_force_configure': False, 'cmake_target': None, 'cmake_target_skip_unavailable': False, 'install_base': '/home/choi/robot_ws/install/indy7_moveit2_config', 'merge_install': False, 'path': '/home/choi/robot_ws/src/indy7_moveit2_config', 'symlink_install': False, 'test_result_base': None}
[0.217s] Level 5:colcon.colcon_core.verb:set package 'rqt_example' build argument 'cmake_args' from command line to 'None'
[0.217s] Level 5:colcon.colcon_core.verb:set package 'rqt_example' build argument 'cmake_target' from command line to 'None'
[0.217s] Level 5:colcon.colcon_core.verb:set package 'rqt_example' build argument 'cmake_target_skip_unavailable' from command line to 'False'
[0.217s] Level 5:colcon.colcon_core.verb:set package 'rqt_example' build argument 'cmake_clean_cache' from command line to 'False'
[0.217s] Level 5:colcon.colcon_core.verb:set package 'rqt_example' build argument 'cmake_clean_first' from command line to 'False'
[0.217s] Level 5:colcon.colcon_core.verb:set package 'rqt_example' build argument 'cmake_force_configure' from command line to 'False'
[0.217s] Level 5:colcon.colcon_core.verb:set package 'rqt_example' build argument 'ament_cmake_args' from command line to 'None'
[0.217s] Level 5:colcon.colcon_core.verb:set package 'rqt_example' build argument 'catkin_cmake_args' from command line to 'None'
[0.217s] Level 5:colcon.colcon_core.verb:set package 'rqt_example' build argument 'catkin_skip_building_tests' from command line to 'False'
[0.217s] DEBUG:colcon.colcon_core.verb:Building package 'rqt_example' with the following arguments: {'ament_cmake_args': None, 'build_base': '/home/choi/robot_ws/build/rqt_example', 'catkin_cmake_args': None, 'catkin_skip_building_tests': False, 'cmake_args': None, 'cmake_clean_cache': False, 'cmake_clean_first': False, 'cmake_force_configure': False, 'cmake_target': None, 'cmake_target_skip_unavailable': False, 'install_base': '/home/choi/robot_ws/install/rqt_example', 'merge_install': False, 'path': '/home/choi/robot_ws/src/rqt_example', 'symlink_install': False, 'test_result_base': None}
[0.217s] INFO:colcon.colcon_core.executor:Executing jobs using 'parallel' executor
[0.219s] DEBUG:colcon.colcon_parallel_executor.executor.parallel:run_until_complete
[0.219s] INFO:colcon.colcon_ros.task.ament_cmake.build:Building ROS package in '/home/choi/robot_ws/src/indy7_ign' with build type 'ament_cmake'
[0.219s] INFO:colcon.colcon_cmake.task.cmake.build:Building CMake package in '/home/choi/robot_ws/src/indy7_ign'
[0.221s] INFO:colcon.colcon_core.plugin_system:Skipping extension 'colcon_core.shell.bat': Not used on non-Windows systems
[0.221s] INFO:colcon.colcon_core.shell:Skip shell extension 'powershell' for command environment: Not usable outside of PowerShell
[0.221s] DEBUG:colcon.colcon_core.shell:Skip shell extension 'dsv' for command environment
[0.224s] DEBUG:colcon.colcon_core.shell:Ignoring prefix path '/opt/ros/foxy'
[0.226s] INFO:colcon.colcon_ros.task.ament_cmake.build:Building ROS package in '/home/choi/robot_ws/src/indy7_ign_moveit2' with build type 'ament_cmake'
[0.226s] INFO:colcon.colcon_cmake.task.cmake.build:Building CMake package in '/home/choi/robot_ws/src/indy7_ign_moveit2'
[0.226s] INFO:colcon.colcon_core.shell:Skip shell extension 'powershell' for command environment: Not usable outside of PowerShell
[0.227s] DEBUG:colcon.colcon_core.shell:Skip shell extension 'dsv' for command environment
[0.228s] DEBUG:colcon.colcon_core.shell:Ignoring prefix path '/opt/ros/foxy'
[0.229s] INFO:colcon.colcon_ros.task.ament_cmake.build:Building ROS package in '/home/choi/robot_ws/src/indy7_moveit2_config' with build type 'ament_cmake'
[0.229s] INFO:colcon.colcon_cmake.task.cmake.build:Building CMake package in '/home/choi/robot_ws/src/indy7_moveit2_config'
[0.230s] INFO:colcon.colcon_core.shell:Skip shell extension 'powershell' for command environment: Not usable outside of PowerShell
[0.230s] DEBUG:colcon.colcon_core.shell:Skip shell extension 'dsv' for command environment
[0.231s] DEBUG:colcon.colcon_core.shell:Ignoring prefix path '/opt/ros/foxy'
[0.233s] INFO:colcon.colcon_ros.task.ament_cmake.build:Building ROS package in '/home/choi/robot_ws/src/rqt_example' with build type 'ament_cmake'
[0.234s] INFO:colcon.colcon_cmake.task.cmake.build:Building CMake package in '/home/choi/robot_ws/src/rqt_example'
[0.234s] INFO:colcon.colcon_core.shell:Skip shell extension 'powershell' for command environment: Not usable outside of PowerShell
[0.234s] DEBUG:colcon.colcon_core.shell:Skip shell extension 'dsv' for command environment
[0.235s] DEBUG:colcon.colcon_core.shell:Ignoring prefix path '/opt/ros/foxy'
[0.241s] DEBUG:colcon.colcon_core.event_handler.log_command:Invoking command in '/home/choi/robot_ws/build/indy7_ign': CMAKE_PREFIX_PATH=${CMAKE_PREFIX_PATH}:/opt/ros/foxy /usr/bin/cmake --build /home/choi/robot_ws/build/indy7_ign -- -j8 -l8
[0.244s] DEBUG:colcon.colcon_core.event_handler.log_command:Invoking command in '/home/choi/robot_ws/build/indy7_ign_moveit2': CMAKE_PREFIX_PATH=${CMAKE_PREFIX_PATH}:/opt/ros/foxy /usr/bin/cmake --build /home/choi/robot_ws/build/indy7_ign_moveit2 -- -j8 -l8
[0.246s] DEBUG:colcon.colcon_core.event_handler.log_command:Invoking command in '/home/choi/robot_ws/build/indy7_moveit2_config': CMAKE_PREFIX_PATH=${CMAKE_PREFIX_PATH}:/opt/ros/foxy /usr/bin/cmake --build /home/choi/robot_ws/build/indy7_moveit2_config -- -j8 -l8
[0.251s] DEBUG:colcon.colcon_core.event_handler.log_command:Invoking command in '/home/choi/robot_ws/build/rqt_example': CMAKE_PREFIX_PATH=${CMAKE_PREFIX_PATH}:/opt/ros/foxy /usr/bin/cmake --build /home/choi/robot_ws/build/rqt_example -- -j8 -l8
[0.267s] DEBUG:colcon.colcon_core.event_handler.log_command:Invoked command in '/home/choi/robot_ws/build/indy7_ign' returned '0': CMAKE_PREFIX_PATH=${CMAKE_PREFIX_PATH}:/opt/ros/foxy /usr/bin/cmake --build /home/choi/robot_ws/build/indy7_ign -- -j8 -l8
[0.273s] DEBUG:colcon.colcon_core.event_handler.log_command:Invoked command in '/home/choi/robot_ws/build/indy7_moveit2_config' returned '0': CMAKE_PREFIX_PATH=${CMAKE_PREFIX_PATH}:/opt/ros/foxy /usr/bin/cmake --build /home/choi/robot_ws/build/indy7_moveit2_config -- -j8 -l8
[0.277s] DEBUG:colcon.colcon_core.event_handler.log_command:Invoked command in '/home/choi/robot_ws/build/rqt_example' returned '0': CMAKE_PREFIX_PATH=${CMAKE_PREFIX_PATH}:/opt/ros/foxy /usr/bin/cmake --build /home/choi/robot_ws/build/rqt_example -- -j8 -l8
[0.290s] DEBUG:colcon.colcon_core.event_handler.log_command:Invoking command in '/home/choi/robot_ws/build/indy7_ign': CMAKE_PREFIX_PATH=${CMAKE_PREFIX_PATH}:/opt/ros/foxy /usr/bin/cmake --install /home/choi/robot_ws/build/indy7_ign
[0.293s] DEBUG:colcon.colcon_core.event_handler.log_command:Invoking command in '/home/choi/robot_ws/build/indy7_moveit2_config': CMAKE_PREFIX_PATH=${CMAKE_PREFIX_PATH}:/opt/ros/foxy /usr/bin/cmake --install /home/choi/robot_ws/build/indy7_moveit2_config
[0.295s] DEBUG:colcon.colcon_core.event_handler.log_command:Invoking command in '/home/choi/robot_ws/build/rqt_example': CMAKE_PREFIX_PATH=${CMAKE_PREFIX_PATH}:/opt/ros/foxy /usr/bin/cmake --install /home/choi/robot_ws/build/rqt_example
[0.311s] DEBUG:colcon.colcon_core.event_handler.log_command:Invoked command in '/home/choi/robot_ws/build/indy7_ign_moveit2' returned '0': CMAKE_PREFIX_PATH=${CMAKE_PREFIX_PATH}:/opt/ros/foxy /usr/bin/cmake --build /home/choi/robot_ws/build/indy7_ign_moveit2 -- -j8 -l8
[0.314s] Level 1:colcon.colcon_core.environment:create_environment_scripts_only(indy7_ign)
[0.315s] DEBUG:colcon.colcon_core.event_handler.log_command:Invoked command in '/home/choi/robot_ws/build/indy7_ign' returned '0': CMAKE_PREFIX_PATH=${CMAKE_PREFIX_PATH}:/opt/ros/foxy /usr/bin/cmake --install /home/choi/robot_ws/build/indy7_ign
[0.317s] Level 1:colcon.colcon_core.environment:checking '/home/choi/robot_ws/install/indy7_ign' for CMake module files
[0.317s] Level 1:colcon.colcon_core.environment:checking '/home/choi/robot_ws/install/indy7_ign' for CMake config files
[0.318s] Level 1:colcon.colcon_core.shell:create_environment_hook('indy7_ign', 'cmake_prefix_path')
[0.318s] INFO:colcon.colcon_core.shell:Creating environment hook '/home/choi/robot_ws/install/indy7_ign/share/indy7_ign/hook/cmake_prefix_path.ps1'
[0.318s] INFO:colcon.colcon_core.shell:Creating environment descriptor '/home/choi/robot_ws/install/indy7_ign/share/indy7_ign/hook/cmake_prefix_path.dsv'
[0.319s] INFO:colcon.colcon_core.shell:Creating environment hook '/home/choi/robot_ws/install/indy7_ign/share/indy7_ign/hook/cmake_prefix_path.sh'
[0.320s] Level 1:colcon.colcon_core.environment:checking '/home/choi/robot_ws/install/indy7_ign/bin'
[0.320s] Level 1:colcon.colcon_core.environment:checking '/home/choi/robot_ws/install/indy7_ign/lib/pkgconfig/indy7_ign.pc'
[0.320s] Level 1:colcon.colcon_core.environment:checking '/home/choi/robot_ws/install/indy7_ign/lib/python3.8/site-packages'
[0.320s] INFO:colcon.colcon_core.shell:Creating package script '/home/choi/robot_ws/install/indy7_ign/share/indy7_ign/package.ps1'
[0.321s] INFO:colcon.colcon_core.shell:Creating package descriptor '/home/choi/robot_ws/install/indy7_ign/share/indy7_ign/package.dsv'
[0.321s] INFO:colcon.colcon_core.shell:Creating package script '/home/choi/robot_ws/install/indy7_ign/share/indy7_ign/package.sh'
[0.322s] INFO:colcon.colcon_core.shell:Creating package script '/home/choi/robot_ws/install/indy7_ign/share/indy7_ign/package.bash'
[0.322s] INFO:colcon.colcon_core.shell:Creating package script '/home/choi/robot_ws/install/indy7_ign/share/indy7_ign/package.zsh'
[0.322s] Level 1:colcon.colcon_core.environment:create_file_with_runtime_dependencies(/home/choi/robot_ws/install/indy7_ign/share/colcon-core/packages/indy7_ign)
[0.325s] Level 1:colcon.colcon_core.environment:create_environment_scripts_only(indy7_moveit2_config)
[0.326s] Level 1:colcon.colcon_core.environment:checking '/home/choi/robot_ws/install/indy7_moveit2_config' for CMake module files
[0.326s] DEBUG:colcon.colcon_core.event_handler.log_command:Invoked command in '/home/choi/robot_ws/build/indy7_moveit2_config' returned '0': CMAKE_PREFIX_PATH=${CMAKE_PREFIX_PATH}:/opt/ros/foxy /usr/bin/cmake --install /home/choi/robot_ws/build/indy7_moveit2_config
[0.326s] Level 1:colcon.colcon_core.environment:checking '/home/choi/robot_ws/install/indy7_moveit2_config' for CMake config files
[0.327s] Level 1:colcon.colcon_core.shell:create_environment_hook('indy7_moveit2_config', 'cmake_prefix_path')
[0.327s] INFO:colcon.colcon_core.shell:Creating environment hook '/home/choi/robot_ws/install/indy7_moveit2_config/share/indy7_moveit2_config/hook/cmake_prefix_path.ps1'
[0.328s] INFO:colcon.colcon_core.shell:Creating environment descriptor '/home/choi/robot_ws/install/indy7_moveit2_config/share/indy7_moveit2_config/hook/cmake_prefix_path.dsv'
[0.328s] INFO:colcon.colcon_core.shell:Creating environment hook '/home/choi/robot_ws/install/indy7_moveit2_config/share/indy7_moveit2_config/hook/cmake_prefix_path.sh'
[0.328s] Level 1:colcon.colcon_core.environment:checking '/home/choi/robot_ws/install/indy7_moveit2_config/bin'
[0.328s] Level 1:colcon.colcon_core.environment:checking '/home/choi/robot_ws/install/indy7_moveit2_config/lib/pkgconfig/indy7_moveit2_config.pc'
[0.328s] Level 1:colcon.colcon_core.environment:checking '/home/choi/robot_ws/install/indy7_moveit2_config/lib/python3.8/site-packages'
[0.329s] INFO:colcon.colcon_core.shell:Creating package script '/home/choi/robot_ws/install/indy7_moveit2_config/share/indy7_moveit2_config/package.ps1'
[0.329s] INFO:colcon.colcon_core.shell:Creating package descriptor '/home/choi/robot_ws/install/indy7_moveit2_config/share/indy7_moveit2_config/package.dsv'
[0.329s] INFO:colcon.colcon_core.shell:Creating package script '/home/choi/robot_ws/install/indy7_moveit2_config/share/indy7_moveit2_config/package.sh'
[0.329s] INFO:colcon.colcon_core.shell:Creating package script '/home/choi/robot_ws/install/indy7_moveit2_config/share/indy7_moveit2_config/package.bash'
[0.330s] INFO:colcon.colcon_core.shell:Creating package script '/home/choi/robot_ws/install/indy7_moveit2_config/share/indy7_moveit2_config/package.zsh'
[0.330s] Level 1:colcon.colcon_core.environment:create_file_with_runtime_dependencies(/home/choi/robot_ws/install/indy7_moveit2_config/share/colcon-core/packages/indy7_moveit2_config)
[0.335s] DEBUG:colcon.colcon_core.event_handler.log_command:Invoking command in '/home/choi/robot_ws/build/indy7_ign_moveit2': CMAKE_PREFIX_PATH=${CMAKE_PREFIX_PATH}:/opt/ros/foxy /usr/bin/cmake --install /home/choi/robot_ws/build/indy7_ign_moveit2
[0.337s] Level 1:colcon.colcon_core.environment:create_environment_scripts_only(indy7_ign)
[0.338s] Level 1:colcon.colcon_core.environment:checking '/home/choi/robot_ws/install/indy7_ign' for CMake module files
[0.339s] Level 1:colcon.colcon_core.environment:checking '/home/choi/robot_ws/install/indy7_ign' for CMake config files
[0.339s] Level 1:colcon.colcon_core.shell:create_environment_hook('indy7_ign', 'cmake_prefix_path')
[0.339s] INFO:colcon.colcon_core.shell:Creating environment hook '/home/choi/robot_ws/install/indy7_ign/share/indy7_ign/hook/cmake_prefix_path.ps1'
[0.340s] INFO:colcon.colcon_core.shell:Creating environment descriptor '/home/choi/robot_ws/install/indy7_ign/share/indy7_ign/hook/cmake_prefix_path.dsv'
[0.340s] INFO:colcon.colcon_core.shell:Creating environment hook '/home/choi/robot_ws/install/indy7_ign/share/indy7_ign/hook/cmake_prefix_path.sh'
[0.340s] Level 1:colcon.colcon_core.environment:checking '/home/choi/robot_ws/install/indy7_ign/bin'
[0.340s] Level 1:colcon.colcon_core.environment:checking '/home/choi/robot_ws/install/indy7_ign/lib/pkgconfig/indy7_ign.pc'
[0.340s] Level 1:colcon.colcon_core.environment:checking '/home/choi/robot_ws/install/indy7_ign/lib/python3.8/site-packages'
[0.341s] INFO:colcon.colcon_core.shell:Creating package script '/home/choi/robot_ws/install/indy7_ign/share/indy7_ign/package.ps1'
[0.342s] INFO:colcon.colcon_core.shell:Creating package descriptor '/home/choi/robot_ws/install/indy7_ign/share/indy7_ign/package.dsv'
[0.342s] INFO:colcon.colcon_core.shell:Creating package script '/home/choi/robot_ws/install/indy7_ign/share/indy7_ign/package.sh'
[0.343s] INFO:colcon.colcon_core.shell:Creating package script '/home/choi/robot_ws/install/indy7_ign/share/indy7_ign/package.bash'
[0.343s] INFO:colcon.colcon_core.shell:Creating package script '/home/choi/robot_ws/install/indy7_ign/share/indy7_ign/package.zsh'
[0.345s] Level 1:colcon.colcon_core.environment:create_file_with_runtime_dependencies(/home/choi/robot_ws/install/indy7_ign/share/colcon-core/packages/indy7_ign)
[0.347s] Level 1:colcon.colcon_core.environment:create_environment_scripts_only(rqt_example)
[0.347s] Level 1:colcon.colcon_core.environment:checking '/home/choi/robot_ws/install/rqt_example' for CMake module files
[0.348s] DEBUG:colcon.colcon_core.event_handler.log_command:Invoked command in '/home/choi/robot_ws/build/rqt_example' returned '0': CMAKE_PREFIX_PATH=${CMAKE_PREFIX_PATH}:/opt/ros/foxy /usr/bin/cmake --install /home/choi/robot_ws/build/rqt_example
[0.348s] Level 1:colcon.colcon_core.environment:checking '/home/choi/robot_ws/install/rqt_example' for CMake config files
[0.348s] Level 1:colcon.colcon_core.shell:create_environment_hook('rqt_example', 'cmake_prefix_path')
[0.349s] INFO:colcon.colcon_core.shell:Creating environment hook '/home/choi/robot_ws/install/rqt_example/share/rqt_example/hook/cmake_prefix_path.ps1'
[0.349s] INFO:colcon.colcon_core.shell:Creating environment descriptor '/home/choi/robot_ws/install/rqt_example/share/rqt_example/hook/cmake_prefix_path.dsv'
[0.349s] INFO:colcon.colcon_core.shell:Creating environment hook '/home/choi/robot_ws/install/rqt_example/share/rqt_example/hook/cmake_prefix_path.sh'
[0.350s] Level 1:colcon.colcon_core.environment:checking '/home/choi/robot_ws/install/rqt_example/lib'
[0.350s] Level 1:colcon.colcon_core.environment:checking '/home/choi/robot_ws/install/rqt_example/bin'
[0.350s] Level 1:colcon.colcon_core.environment:checking '/home/choi/robot_ws/install/rqt_example/lib/pkgconfig/rqt_example.pc'
[0.350s] Level 1:colcon.colcon_core.environment:checking '/home/choi/robot_ws/install/rqt_example/lib/python3.8/site-packages'
[0.350s] Level 1:colcon.colcon_core.shell:create_environment_hook('rqt_example', 'pythonpath')
[0.350s] INFO:colcon.colcon_core.shell:Creating environment hook '/home/choi/robot_ws/install/rqt_example/share/rqt_example/hook/pythonpath.ps1'
[0.351s] INFO:colcon.colcon_core.shell:Creating environment descriptor '/home/choi/robot_ws/install/rqt_example/share/rqt_example/hook/pythonpath.dsv'
[0.351s] INFO:colcon.colcon_core.shell:Creating environment hook '/home/choi/robot_ws/install/rqt_example/share/rqt_example/hook/pythonpath.sh'
[0.351s] INFO:colcon.colcon_core.shell:Creating package script '/home/choi/robot_ws/install/rqt_example/share/rqt_example/package.ps1'
[0.352s] INFO:colcon.colcon_core.shell:Creating package descriptor '/home/choi/robot_ws/install/rqt_example/share/rqt_example/package.dsv'
[0.352s] INFO:colcon.colcon_core.shell:Creating package script '/home/choi/robot_ws/install/rqt_example/share/rqt_example/package.sh'
[0.352s] INFO:colcon.colcon_core.shell:Creating package script '/home/choi/robot_ws/install/rqt_example/share/rqt_example/package.bash'
[0.352s] INFO:colcon.colcon_core.shell:Creating package script '/home/choi/robot_ws/install/rqt_example/share/rqt_example/package.zsh'
[0.352s] Level 1:colcon.colcon_core.environment:create_file_with_runtime_dependencies(/home/choi/robot_ws/install/rqt_example/share/colcon-core/packages/rqt_example)
[0.355s] Level 1:colcon.colcon_core.environment:create_environment_scripts_only(indy7_moveit2_config)
[0.356s] Level 1:colcon.colcon_core.environment:checking '/home/choi/robot_ws/install/indy7_moveit2_config' for CMake module files
[0.356s] Level 1:colcon.colcon_core.environment:checking '/home/choi/robot_ws/install/indy7_moveit2_config' for CMake config files
[0.356s] Level 1:colcon.colcon_core.shell:create_environment_hook('indy7_moveit2_config', 'cmake_prefix_path')
[0.357s] INFO:colcon.colcon_core.shell:Creating environment hook '/home/choi/robot_ws/install/indy7_moveit2_config/share/indy7_moveit2_config/hook/cmake_prefix_path.ps1'
[0.357s] INFO:colcon.colcon_core.shell:Creating environment descriptor '/home/choi/robot_ws/install/indy7_moveit2_config/share/indy7_moveit2_config/hook/cmake_prefix_path.dsv'
[0.357s] INFO:colcon.colcon_core.shell:Creating environment hook '/home/choi/robot_ws/install/indy7_moveit2_config/share/indy7_moveit2_config/hook/cmake_prefix_path.sh'
[0.358s] Level 1:colcon.colcon_core.environment:checking '/home/choi/robot_ws/install/indy7_moveit2_config/bin'
[0.358s] Level 1:colcon.colcon_core.environment:checking '/home/choi/robot_ws/install/indy7_moveit2_config/lib/pkgconfig/indy7_moveit2_config.pc'
[0.358s] Level 1:colcon.colcon_core.environment:checking '/home/choi/robot_ws/install/indy7_moveit2_config/lib/python3.8/site-packages'
[0.358s] INFO:colcon.colcon_core.shell:Creating package script '/home/choi/robot_ws/install/indy7_moveit2_config/share/indy7_moveit2_config/package.ps1'
[0.358s] INFO:colcon.colcon_core.shell:Creating package descriptor '/home/choi/robot_ws/install/indy7_moveit2_config/share/indy7_moveit2_config/package.dsv'
[0.359s] INFO:colcon.colcon_core.shell:Creating package script '/home/choi/robot_ws/install/indy7_moveit2_config/share/indy7_moveit2_config/package.sh'
[0.359s] INFO:colcon.colcon_core.shell:Creating package script '/home/choi/robot_ws/install/indy7_moveit2_config/share/indy7_moveit2_config/package.bash'
[0.359s] INFO:colcon.colcon_core.shell:Creating package script '/home/choi/robot_ws/install/indy7_moveit2_config/share/indy7_moveit2_config/package.zsh'
[0.359s] Level 1:colcon.colcon_core.environment:create_file_with_runtime_dependencies(/home/choi/robot_ws/install/indy7_moveit2_config/share/colcon-core/packages/indy7_moveit2_config)
[0.366s] Level 1:colcon.colcon_core.environment:create_environment_scripts_only(rqt_example)
[0.366s] Level 1:colcon.colcon_core.environment:checking '/home/choi/robot_ws/install/rqt_example' for CMake module files
[0.366s] Level 1:colcon.colcon_core.environment:checking '/home/choi/robot_ws/install/rqt_example' for CMake config files
[0.367s] Level 1:colcon.colcon_core.shell:create_environment_hook('rqt_example', 'cmake_prefix_path')
[0.367s] INFO:colcon.colcon_core.shell:Creating environment hook '/home/choi/robot_ws/install/rqt_example/share/rqt_example/hook/cmake_prefix_path.ps1'
[0.367s] INFO:colcon.colcon_core.shell:Creating environment descriptor '/home/choi/robot_ws/install/rqt_example/share/rqt_example/hook/cmake_prefix_path.dsv'
[0.367s] INFO:colcon.colcon_core.shell:Creating environment hook '/home/choi/robot_ws/install/rqt_example/share/rqt_example/hook/cmake_prefix_path.sh'
[0.368s] Level 1:colcon.colcon_core.environment:checking '/home/choi/robot_ws/install/rqt_example/lib'
[0.368s] Level 1:colcon.colcon_core.environment:checking '/home/choi/robot_ws/install/rqt_example/bin'
[0.368s] Level 1:colcon.colcon_core.environment:checking '/home/choi/robot_ws/install/rqt_example/lib/pkgconfig/rqt_example.pc'
[0.368s] Level 1:colcon.colcon_core.environment:checking '/home/choi/robot_ws/install/rqt_example/lib/python3.8/site-packages'
[0.368s] Level 1:colcon.colcon_core.shell:create_environment_hook('rqt_example', 'pythonpath')
[0.368s] INFO:colcon.colcon_core.shell:Creating environment hook '/home/choi/robot_ws/install/rqt_example/share/rqt_example/hook/pythonpath.ps1'
[0.368s] INFO:colcon.colcon_core.shell:Creating environment descriptor '/home/choi/robot_ws/install/rqt_example/share/rqt_example/hook/pythonpath.dsv'
[0.369s] INFO:colcon.colcon_core.shell:Creating environment hook '/home/choi/robot_ws/install/rqt_example/share/rqt_example/hook/pythonpath.sh'
[0.369s] INFO:colcon.colcon_core.shell:Creating package script '/home/choi/robot_ws/install/rqt_example/share/rqt_example/package.ps1'
[0.369s] INFO:colcon.colcon_core.shell:Creating package descriptor '/home/choi/robot_ws/install/rqt_example/share/rqt_example/package.dsv'
[0.370s] INFO:colcon.colcon_core.shell:Creating package script '/home/choi/robot_ws/install/rqt_example/share/rqt_example/package.sh'
[0.370s] INFO:colcon.colcon_core.shell:Creating package script '/home/choi/robot_ws/install/rqt_example/share/rqt_example/package.bash'
[0.370s] INFO:colcon.colcon_core.shell:Creating package script '/home/choi/robot_ws/install/rqt_example/share/rqt_example/package.zsh'
[0.370s] Level 1:colcon.colcon_core.environment:create_file_with_runtime_dependencies(/home/choi/robot_ws/install/rqt_example/share/colcon-core/packages/rqt_example)
[0.376s] Level 1:colcon.colcon_core.environment:create_environment_scripts_only(indy7_ign_moveit2)
[0.377s] Level 1:colcon.colcon_core.environment:checking '/home/choi/robot_ws/install/indy7_ign_moveit2' for CMake module files
[0.378s] DEBUG:colcon.colcon_core.event_handler.log_command:Invoked command in '/home/choi/robot_ws/build/indy7_ign_moveit2' returned '0': CMAKE_PREFIX_PATH=${CMAKE_PREFIX_PATH}:/opt/ros/foxy /usr/bin/cmake --install /home/choi/robot_ws/build/indy7_ign_moveit2
[0.378s] Level 1:colcon.colcon_core.environment:checking '/home/choi/robot_ws/install/indy7_ign_moveit2' for CMake config files
[0.378s] Level 1:colcon.colcon_core.shell:create_environment_hook('indy7_ign_moveit2', 'cmake_prefix_path')
[0.379s] INFO:colcon.colcon_core.shell:Creating environment hook '/home/choi/robot_ws/install/indy7_ign_moveit2/share/indy7_ign_moveit2/hook/cmake_prefix_path.ps1'
[0.379s] INFO:colcon.colcon_core.shell:Creating environment descriptor '/home/choi/robot_ws/install/indy7_ign_moveit2/share/indy7_ign_moveit2/hook/cmake_prefix_path.dsv'
[0.379s] INFO:colcon.colcon_core.shell:Creating environment hook '/home/choi/robot_ws/install/indy7_ign_moveit2/share/indy7_ign_moveit2/hook/cmake_prefix_path.sh'
[0.379s] Level 1:colcon.colcon_core.environment:checking '/home/choi/robot_ws/install/indy7_ign_moveit2/lib'
[0.379s] Level 1:colcon.colcon_core.environment:checking '/home/choi/robot_ws/install/indy7_ign_moveit2/bin'
[0.379s] Level 1:colcon.colcon_core.environment:checking '/home/choi/robot_ws/install/indy7_ign_moveit2/lib/pkgconfig/indy7_ign_moveit2.pc'
[0.380s] Level 1:colcon.colcon_core.environment:checking '/home/choi/robot_ws/install/indy7_ign_moveit2/lib/python3.8/site-packages'
[0.380s] Level 1:colcon.colcon_core.shell:create_environment_hook('indy7_ign_moveit2', 'pythonpath')
[0.380s] INFO:colcon.colcon_core.shell:Creating environment hook '/home/choi/robot_ws/install/indy7_ign_moveit2/share/indy7_ign_moveit2/hook/pythonpath.ps1'
[0.380s] INFO:colcon.colcon_core.shell:Creating environment descriptor '/home/choi/robot_ws/install/indy7_ign_moveit2/share/indy7_ign_moveit2/hook/pythonpath.dsv'
[0.380s] INFO:colcon.colcon_core.shell:Creating environment hook '/home/choi/robot_ws/install/indy7_ign_moveit2/share/indy7_ign_moveit2/hook/pythonpath.sh'
[0.381s] INFO:colcon.colcon_core.shell:Creating package script '/home/choi/robot_ws/install/indy7_ign_moveit2/share/indy7_ign_moveit2/package.ps1'
[0.381s] INFO:colcon.colcon_core.shell:Creating package descriptor '/home/choi/robot_ws/install/indy7_ign_moveit2/share/indy7_ign_moveit2/package.dsv'
[0.381s] INFO:colcon.colcon_core.shell:Creating package script '/home/choi/robot_ws/install/indy7_ign_moveit2/share/indy7_ign_moveit2/package.sh'
[0.382s] INFO:colcon.colcon_core.shell:Creating package script '/home/choi/robot_ws/install/indy7_ign_moveit2/share/indy7_ign_moveit2/package.bash'
[0.382s] INFO:colcon.colcon_core.shell:Creating package script '/home/choi/robot_ws/install/indy7_ign_moveit2/share/indy7_ign_moveit2/package.zsh'
[0.382s] Level 1:colcon.colcon_core.environment:create_file_with_runtime_dependencies(/home/choi/robot_ws/install/indy7_ign_moveit2/share/colcon-core/packages/indy7_ign_moveit2)
[0.397s] Level 1:colcon.colcon_core.environment:create_environment_scripts_only(indy7_ign_moveit2)
[0.398s] Level 1:colcon.colcon_core.environment:checking '/home/choi/robot_ws/install/indy7_ign_moveit2' for CMake module files
[0.398s] Level 1:colcon.colcon_core.environment:checking '/home/choi/robot_ws/install/indy7_ign_moveit2' for CMake config files
[0.398s] Level 1:colcon.colcon_core.shell:create_environment_hook('indy7_ign_moveit2', 'cmake_prefix_path')
[0.399s] INFO:colcon.colcon_core.shell:Creating environment hook '/home/choi/robot_ws/install/indy7_ign_moveit2/share/indy7_ign_moveit2/hook/cmake_prefix_path.ps1'
[0.399s] INFO:colcon.colcon_core.shell:Creating environment descriptor '/home/choi/robot_ws/install/indy7_ign_moveit2/share/indy7_ign_moveit2/hook/cmake_prefix_path.dsv'
[0.399s] INFO:colcon.colcon_core.shell:Creating environment hook '/home/choi/robot_ws/install/indy7_ign_moveit2/share/indy7_ign_moveit2/hook/cmake_prefix_path.sh'
[0.399s] Level 1:colcon.colcon_core.environment:checking '/home/choi/robot_ws/install/indy7_ign_moveit2/lib'
[0.399s] Level 1:colcon.colcon_core.environment:checking '/home/choi/robot_ws/install/indy7_ign_moveit2/bin'
[0.399s] Level 1:colcon.colcon_core.environment:checking '/home/choi/robot_ws/install/indy7_ign_moveit2/lib/pkgconfig/indy7_ign_moveit2.pc'
[0.400s] Level 1:colcon.colcon_core.environment:checking '/home/choi/robot_ws/install/indy7_ign_moveit2/lib/python3.8/site-packages'
[0.400s] Level 1:colcon.colcon_core.shell:create_environment_hook('indy7_ign_moveit2', 'pythonpath')
[0.400s] INFO:colcon.colcon_core.shell:Creating environment hook '/home/choi/robot_ws/install/indy7_ign_moveit2/share/indy7_ign_moveit2/hook/pythonpath.ps1'
[0.400s] INFO:colcon.colcon_core.shell:Creating environment descriptor '/home/choi/robot_ws/install/indy7_ign_moveit2/share/indy7_ign_moveit2/hook/pythonpath.dsv'
[0.400s] INFO:colcon.colcon_core.shell:Creating environment hook '/home/choi/robot_ws/install/indy7_ign_moveit2/share/indy7_ign_moveit2/hook/pythonpath.sh'
[0.401s] INFO:colcon.colcon_core.shell:Creating package script '/home/choi/robot_ws/install/indy7_ign_moveit2/share/indy7_ign_moveit2/package.ps1'
[0.401s] INFO:colcon.colcon_core.shell:Creating package descriptor '/home/choi/robot_ws/install/indy7_ign_moveit2/share/indy7_ign_moveit2/package.dsv'
[0.401s] INFO:colcon.colcon_core.shell:Creating package script '/home/choi/robot_ws/install/indy7_ign_moveit2/share/indy7_ign_moveit2/package.sh'
[0.402s] INFO:colcon.colcon_core.shell:Creating package script '/home/choi/robot_ws/install/indy7_ign_moveit2/share/indy7_ign_moveit2/package.bash'
[0.402s] INFO:colcon.colcon_core.shell:Creating package script '/home/choi/robot_ws/install/indy7_ign_moveit2/share/indy7_ign_moveit2/package.zsh'
[0.402s] Level 1:colcon.colcon_core.environment:create_file_with_runtime_dependencies(/home/choi/robot_ws/install/indy7_ign_moveit2/share/colcon-core/packages/indy7_ign_moveit2)
[0.402s] DEBUG:colcon.colcon_parallel_executor.executor.parallel:closing loop
[0.402s] DEBUG:colcon.colcon_parallel_executor.executor.parallel:loop closed
[0.402s] DEBUG:colcon.colcon_parallel_executor.executor.parallel:run_until_complete finished with '0'
[0.402s] DEBUG:colcon.colcon_core.event_reactor:joining thread
[0.406s] INFO:colcon.colcon_core.plugin_system:Skipping extension 'colcon_notification.desktop_notification.terminal_notifier': Not used on non-Darwin systems
[0.406s] INFO:colcon.colcon_core.plugin_system:Skipping extension 'colcon_notification.desktop_notification.win32': Not used on non-Windows systems
[0.406s] INFO:colcon.colcon_notification.desktop_notification:Sending desktop notification using 'notify2'
[0.415s] DEBUG:colcon.colcon_core.event_reactor:joined thread
[0.415s] INFO:colcon.colcon_core.shell:Creating prefix script '/home/choi/robot_ws/install/local_setup.ps1'
[0.416s] INFO:colcon.colcon_core.shell:Creating prefix util module '/home/choi/robot_ws/install/_local_setup_util_ps1.py'
[0.417s] INFO:colcon.colcon_core.shell:Creating prefix chain script '/home/choi/robot_ws/install/setup.ps1'
[0.419s] INFO:colcon.colcon_core.shell:Creating prefix script '/home/choi/robot_ws/install/local_setup.sh'
[0.419s] INFO:colcon.colcon_core.shell:Creating prefix util module '/home/choi/robot_ws/install/_local_setup_util_sh.py'
[0.419s] INFO:colcon.colcon_core.shell:Creating prefix chain script '/home/choi/robot_ws/install/setup.sh'
[0.421s] INFO:colcon.colcon_core.shell:Creating prefix script '/home/choi/robot_ws/install/local_setup.bash'
[0.421s] INFO:colcon.colcon_core.shell:Creating prefix chain script '/home/choi/robot_ws/install/setup.bash'
[0.422s] INFO:colcon.colcon_core.shell:Creating prefix script '/home/choi/robot_ws/install/local_setup.zsh'
[0.422s] INFO:colcon.colcon_core.shell:Creating prefix chain script '/home/choi/robot_ws/install/setup.zsh'
