[0.026s] Invoking command in '/home/choi/robot_ws/build/indy7_ign': CMAKE_PREFIX_PATH=${CMAKE_PREFIX_PATH}:/opt/ros/foxy /usr/bin/cmake /home/choi/robot_ws/src/indy7_ign -DAMENT_CMAKE_SYMLINK_INSTALL=1 -DCMAKE_INSTALL_PREFIX=/home/choi/robot_ws/install/indy7_ign
[0.037s] -- Found ament_cmake: 0.9.9 (/opt/ros/foxy/share/ament_cmake/cmake)
[0.050s] -- Using PYTHON_EXECUTABLE: /usr/bin/python3
[0.185s] -- Override CMake install command with custom implementation using symlinks instead of copying resources
[0.239s] -- Configuring done
[0.241s] -- Generating done
[0.242s] -- Build files have been written to: /home/choi/robot_ws/build/indy7_ign
[0.244s] Invoked command in '/home/choi/robot_ws/build/indy7_ign' returned '0': CMAKE_PREFIX_PATH=${CMAKE_PREFIX_PATH}:/opt/ros/foxy /usr/bin/cmake /home/choi/robot_ws/src/indy7_ign -DAMENT_CMAKE_SYMLINK_INSTALL=1 -DCMAKE_INSTALL_PREFIX=/home/choi/robot_ws/install/indy7_ign
[0.247s] Invoking command in '/home/choi/robot_ws/build/indy7_ign': CMAKE_PREFIX_PATH=${CMAKE_PREFIX_PATH}:/opt/ros/foxy /usr/bin/cmake --build /home/choi/robot_ws/build/indy7_ign -- -j8 -l8
[0.274s] Invoked command in '/home/choi/robot_ws/build/indy7_ign' returned '0': CMAKE_PREFIX_PATH=${CMAKE_PREFIX_PATH}:/opt/ros/foxy /usr/bin/cmake --build /home/choi/robot_ws/build/indy7_ign -- -j8 -l8
[0.298s] Invoking command in '/home/choi/robot_ws/build/indy7_ign': CMAKE_PREFIX_PATH=${CMAKE_PREFIX_PATH}:/opt/ros/foxy /usr/bin/cmake --install /home/choi/robot_ws/build/indy7_ign
[0.305s] -- Install configuration: ""
[0.305s] -- Execute custom install script
[0.305s] -- Up-to-date symlink: /home/choi/robot_ws/install/indy7_ign/share/indy7_ign/urdf/.vscode/c_cpp_properties.json
[0.306s] -- Up-to-date symlink: /home/choi/robot_ws/install/indy7_ign/share/indy7_ign/urdf/.vscode/settings.json
[0.306s] -- Up-to-date symlink: /home/choi/robot_ws/install/indy7_ign/share/indy7_ign/urdf/indy7.urdf
[0.306s] -- Up-to-date symlink: /home/choi/robot_ws/install/indy7_ign/share/indy7_ign/meshes/collision/link0.stl
[0.306s] -- Up-to-date symlink: /home/choi/robot_ws/install/indy7_ign/share/indy7_ign/meshes/collision/link1.stl
[0.307s] -- Up-to-date symlink: /home/choi/robot_ws/install/indy7_ign/share/indy7_ign/meshes/collision/link2.stl
[0.307s] -- Up-to-date symlink: /home/choi/robot_ws/install/indy7_ign/share/indy7_ign/meshes/collision/link3.stl
[0.307s] -- Up-to-date symlink: /home/choi/robot_ws/install/indy7_ign/share/indy7_ign/meshes/collision/link4.stl
[0.307s] -- Up-to-date symlink: /home/choi/robot_ws/install/indy7_ign/share/indy7_ign/meshes/collision/link5.stl
[0.307s] -- Up-to-date symlink: /home/choi/robot_ws/install/indy7_ign/share/indy7_ign/meshes/collision/link6.stl
[0.308s] -- Up-to-date symlink: /home/choi/robot_ws/install/indy7_ign/share/indy7_ign/meshes/visual/link0.stl
[0.308s] -- Up-to-date symlink: /home/choi/robot_ws/install/indy7_ign/share/indy7_ign/meshes/visual/link1.stl
[0.308s] -- Up-to-date symlink: /home/choi/robot_ws/install/indy7_ign/share/indy7_ign/meshes/visual/link2.stl
[0.308s] -- Up-to-date symlink: /home/choi/robot_ws/install/indy7_ign/share/indy7_ign/meshes/visual/link3.stl
[0.309s] -- Up-to-date symlink: /home/choi/robot_ws/install/indy7_ign/share/indy7_ign/meshes/visual/link4.stl
[0.309s] -- Up-to-date symlink: /home/choi/robot_ws/install/indy7_ign/share/indy7_ign/meshes/visual/link5.stl
[0.309s] -- Up-to-date symlink: /home/choi/robot_ws/install/indy7_ign/share/indy7_ign/meshes/visual/link6.stl
[0.309s] -- Symlinking: /home/choi/robot_ws/install/indy7_ign/share/indy7_ign/launch/indy7_display.launch.py
[0.317s] -- Symlinking: /home/choi/robot_ws/install/indy7_ign/share/indy7_ign/rviz/config.rviz
[0.323s] -- Up-to-date symlink: /home/choi/robot_ws/install/indy7_ign/share/ament_index/resource_index/package_run_dependencies/indy7_ign
[0.324s] -- Up-to-date symlink: /home/choi/robot_ws/install/indy7_ign/share/ament_index/resource_index/parent_prefix_path/indy7_ign
[0.324s] -- Up-to-date symlink: /home/choi/robot_ws/install/indy7_ign/share/indy7_ign/environment/ament_prefix_path.sh
[0.324s] -- Up-to-date symlink: /home/choi/robot_ws/install/indy7_ign/share/indy7_ign/environment/ament_prefix_path.dsv
[0.325s] -- Up-to-date symlink: /home/choi/robot_ws/install/indy7_ign/share/indy7_ign/environment/path.sh
[0.325s] -- Up-to-date symlink: /home/choi/robot_ws/install/indy7_ign/share/indy7_ign/environment/path.dsv
[0.325s] -- Up-to-date symlink: /home/choi/robot_ws/install/indy7_ign/share/indy7_ign/local_setup.bash
[0.325s] -- Up-to-date symlink: /home/choi/robot_ws/install/indy7_ign/share/indy7_ign/local_setup.sh
[0.325s] -- Up-to-date symlink: /home/choi/robot_ws/install/indy7_ign/share/indy7_ign/local_setup.zsh
[0.326s] -- Up-to-date symlink: /home/choi/robot_ws/install/indy7_ign/share/indy7_ign/local_setup.dsv
[0.326s] -- Symlinking: /home/choi/robot_ws/install/indy7_ign/share/indy7_ign/package.dsv
[0.333s] -- Up-to-date symlink: /home/choi/robot_ws/install/indy7_ign/share/ament_index/resource_index/packages/indy7_ign
[0.334s] -- Up-to-date symlink: /home/choi/robot_ws/install/indy7_ign/share/indy7_ign/cmake/indy7_ignConfig.cmake
[0.334s] -- Up-to-date symlink: /home/choi/robot_ws/install/indy7_ign/share/indy7_ign/cmake/indy7_ignConfig-version.cmake
[0.334s] -- Up-to-date symlink: /home/choi/robot_ws/install/indy7_ign/share/indy7_ign/package.xml
[0.343s] Invoked command in '/home/choi/robot_ws/build/indy7_ign' returned '0': CMAKE_PREFIX_PATH=${CMAKE_PREFIX_PATH}:/opt/ros/foxy /usr/bin/cmake --install /home/choi/robot_ws/build/indy7_ign
