-- The C compiler identification is GNU 9.3.0
-- The CXX compiler identification is GNU 9.3.0
-- Check for working C compiler: /usr/bin/cc
-- Check for working C compiler: /usr/bin/cc -- works
-- Detecting C compiler ABI info
-- Detecting C compiler ABI info - done
-- Detecting C compile features
-- Detecting C compile features - done
-- Check for working CXX compiler: /usr/bin/c++
-- Check for working CXX compiler: /usr/bin/c++ -- works
-- Detecting CXX compiler ABI info
-- Detecting CXX compiler ABI info - done
-- Detecting CXX compile features
-- Detecting CXX compile features - done
CMake Error at CMakeLists.txt:13 (find_package):
  By not providing "Findrmw.cmake" in CMAKE_MODULE_PATH this project has
  asked CMake to find a package configuration file provided by "rmw", but
  CMake did not find one.

  Could not find a package configuration file provided by "rmw" with any of
  the following names:

    rmwConfig.cmake
    rmw-config.cmake

  Add the installation prefix of "rmw" to CMAKE_PREFIX_PATH or set "rmw_DIR"
  to a directory containing one of the above files.  If "rmw" provides a
  separate development package or SDK, be sure it has been installed.


-- Configuring incomplete, errors occurred!
See also "/home/choi/robot_ws/build/ros1_bridge/CMakeFiles/CMakeOutput.log".
