[0.020s] Invoking command in '/home/choi/robot_ws/build/indy7_moveit2_config': CMAKE_PREFIX_PATH=${CMAKE_PREFIX_PATH}:/opt/ros/foxy /usr/bin/cmake /home/choi/robot_ws/src/indy7_moveit2_config -DAMENT_CMAKE_SYMLINK_INSTALL=1 -DCMAKE_INSTALL_PREFIX=/home/choi/robot_ws/install/indy7_moveit2_config
[0.032s] -- Found ament_cmake: 0.9.9 (/opt/ros/foxy/share/ament_cmake/cmake)
[0.058s] -- Found PythonInterp: /usr/bin/python3 (found suitable version "3.8.10", minimum required is "3") 
[0.058s] -- Using PYTHON_EXECUTABLE: /usr/bin/python3
[0.257s] -- Override CMake install command with custom implementation using symlinks instead of copying resources
[0.359s] -- Configuring done
[0.360s] -- Generating done
[0.361s] -- Build files have been written to: /home/choi/robot_ws/build/indy7_moveit2_config
[0.363s] Invoked command in '/home/choi/robot_ws/build/indy7_moveit2_config' returned '0': CMAKE_PREFIX_PATH=${CMAKE_PREFIX_PATH}:/opt/ros/foxy /usr/bin/cmake /home/choi/robot_ws/src/indy7_moveit2_config -DAMENT_CMAKE_SYMLINK_INSTALL=1 -DCMAKE_INSTALL_PREFIX=/home/choi/robot_ws/install/indy7_moveit2_config
[0.366s] Invoking command in '/home/choi/robot_ws/build/indy7_moveit2_config': CMAKE_PREFIX_PATH=${CMAKE_PREFIX_PATH}:/opt/ros/foxy /usr/bin/cmake --build /home/choi/robot_ws/build/indy7_moveit2_config -- -j8 -l8
[0.403s] Invoked command in '/home/choi/robot_ws/build/indy7_moveit2_config' returned '0': CMAKE_PREFIX_PATH=${CMAKE_PREFIX_PATH}:/opt/ros/foxy /usr/bin/cmake --build /home/choi/robot_ws/build/indy7_moveit2_config -- -j8 -l8
[0.438s] Invoking command in '/home/choi/robot_ws/build/indy7_moveit2_config': CMAKE_PREFIX_PATH=${CMAKE_PREFIX_PATH}:/opt/ros/foxy /usr/bin/cmake --install /home/choi/robot_ws/build/indy7_moveit2_config
[0.449s] -- Install configuration: ""
[0.450s] -- Execute custom install script
[0.450s] -- Symlinking: /home/choi/robot_ws/install/indy7_moveit2_config/share/indy7_moveit2_config/config/fake_control/controllers.yaml
[0.457s] -- Symlinking: /home/choi/robot_ws/install/indy7_moveit2_config/share/indy7_moveit2_config/config/fake_control/indy7_arm_controller.yaml
[0.465s] -- Symlinking: /home/choi/robot_ws/install/indy7_moveit2_config/share/indy7_moveit2_config/config/fake_control/start_position.yaml
[0.474s] -- Symlinking: /home/choi/robot_ws/install/indy7_moveit2_config/share/indy7_moveit2_config/config/joint_limits.yaml
[0.484s] -- Symlinking: /home/choi/robot_ws/install/indy7_moveit2_config/share/indy7_moveit2_config/config/kinematics.yaml
[0.492s] -- Symlinking: /home/choi/robot_ws/install/indy7_moveit2_config/share/indy7_moveit2_config/config/ompl_planning.yaml
[0.501s] -- Symlinking: /home/choi/robot_ws/install/indy7_moveit2_config/share/indy7_moveit2_config/srdf/indy7.srdf
[0.512s] -- Symlinking: /home/choi/robot_ws/install/indy7_moveit2_config/share/indy7_moveit2_config/srdf/indy7_arm.srdf.xacro
[0.521s] -- Symlinking: /home/choi/robot_ws/install/indy7_moveit2_config/share/indy7_moveit2_config/srdf/indy7_arm.xacro
[0.530s] -- Symlinking: /home/choi/robot_ws/install/indy7_moveit2_config/share/indy7_moveit2_config/launch/move_group_action_server.launch.py
[0.544s] -- Symlinking: /home/choi/robot_ws/install/indy7_moveit2_config/share/indy7_moveit2_config/launch/move_group_fake_control.launch.py
[0.553s] -- Symlinking: /home/choi/robot_ws/install/indy7_moveit2_config/share/indy7_moveit2_config/launch/rviz.rviz
[0.562s] -- Symlinking: /home/choi/robot_ws/install/indy7_moveit2_config/share/indy7_moveit2_config/launch/rviz_interactive.rviz
[0.571s] -- Symlinking: /home/choi/robot_ws/install/indy7_moveit2_config/share/ament_index/resource_index/package_run_dependencies/indy7_moveit2_config
[0.581s] -- Symlinking: /home/choi/robot_ws/install/indy7_moveit2_config/share/ament_index/resource_index/parent_prefix_path/indy7_moveit2_config
[0.590s] -- Symlinking: /home/choi/robot_ws/install/indy7_moveit2_config/share/indy7_moveit2_config/environment/ament_prefix_path.sh
[0.600s] -- Symlinking: /home/choi/robot_ws/install/indy7_moveit2_config/share/indy7_moveit2_config/environment/ament_prefix_path.dsv
[0.609s] -- Symlinking: /home/choi/robot_ws/install/indy7_moveit2_config/share/indy7_moveit2_config/environment/path.sh
[0.618s] -- Symlinking: /home/choi/robot_ws/install/indy7_moveit2_config/share/indy7_moveit2_config/environment/path.dsv
[0.627s] -- Symlinking: /home/choi/robot_ws/install/indy7_moveit2_config/share/indy7_moveit2_config/local_setup.bash
[0.636s] -- Symlinking: /home/choi/robot_ws/install/indy7_moveit2_config/share/indy7_moveit2_config/local_setup.sh
[0.645s] -- Symlinking: /home/choi/robot_ws/install/indy7_moveit2_config/share/indy7_moveit2_config/local_setup.zsh
[0.655s] -- Symlinking: /home/choi/robot_ws/install/indy7_moveit2_config/share/indy7_moveit2_config/local_setup.dsv
[0.664s] -- Symlinking: /home/choi/robot_ws/install/indy7_moveit2_config/share/indy7_moveit2_config/package.dsv
[0.674s] -- Symlinking: /home/choi/robot_ws/install/indy7_moveit2_config/share/ament_index/resource_index/packages/indy7_moveit2_config
[0.683s] -- Symlinking: /home/choi/robot_ws/install/indy7_moveit2_config/share/indy7_moveit2_config/cmake/indy7_moveit2_configConfig.cmake
[0.692s] -- Symlinking: /home/choi/robot_ws/install/indy7_moveit2_config/share/indy7_moveit2_config/cmake/indy7_moveit2_configConfig-version.cmake
[0.701s] -- Symlinking: /home/choi/robot_ws/install/indy7_moveit2_config/share/indy7_moveit2_config/package.xml
[0.713s] Invoked command in '/home/choi/robot_ws/build/indy7_moveit2_config' returned '0': CMAKE_PREFIX_PATH=${CMAKE_PREFIX_PATH}:/opt/ros/foxy /usr/bin/cmake --install /home/choi/robot_ws/build/indy7_moveit2_config
