[0.021s] Invoking command in '/home/choi/robot_ws/build/rqt_example': CMAKE_PREFIX_PATH=${CMAKE_PREFIX_PATH}:/opt/ros/foxy /usr/bin/cmake /home/choi/robot_ws/src/rqt_example -DAMENT_CMAKE_SYMLINK_INSTALL=1 -DCMAKE_INSTALL_PREFIX=/home/choi/robot_ws/install/rqt_example
[0.033s] -- Found ament_cmake: 0.9.9 (/opt/ros/foxy/share/ament_cmake/cmake)
[0.056s] -- Using PYTHON_EXECUTABLE: /usr/bin/python3
[0.336s] -- Override CMake install command with custom implementation using symlinks instead of copying resources
[0.349s] -- Found ament_lint_auto: 0.9.6 (/opt/ros/foxy/share/ament_lint_auto/cmake)
[0.421s] -- Added test 'copyright' to check source files copyright and LICENSE
[0.423s] -- Added test 'flake8' to check Python code syntax and style conventions
[0.424s] -- Added test 'lint_cmake' to check CMake code style
[0.424s] -- Added test 'pep257' to check Python code against some of the style conventions in PEP 257
[0.425s] -- Added test 'xmllint' to check XML markup files
[0.427s] -- Configuring done
[0.429s] -- Generating done
[0.430s] -- Build files have been written to: /home/choi/robot_ws/build/rqt_example
[0.441s] Invoked command in '/home/choi/robot_ws/build/rqt_example' returned '0': CMAKE_PREFIX_PATH=${CMAKE_PREFIX_PATH}:/opt/ros/foxy /usr/bin/cmake /home/choi/robot_ws/src/rqt_example -DAMENT_CMAKE_SYMLINK_INSTALL=1 -DCMAKE_INSTALL_PREFIX=/home/choi/robot_ws/install/rqt_example
[0.444s] Invoking command in '/home/choi/robot_ws/build/rqt_example': CMAKE_PREFIX_PATH=${CMAKE_PREFIX_PATH}:/opt/ros/foxy /usr/bin/cmake --build /home/choi/robot_ws/build/rqt_example -- -j8 -l8
[0.487s] Invoked command in '/home/choi/robot_ws/build/rqt_example' returned '0': CMAKE_PREFIX_PATH=${CMAKE_PREFIX_PATH}:/opt/ros/foxy /usr/bin/cmake --build /home/choi/robot_ws/build/rqt_example -- -j8 -l8
[0.507s] Invoking command in '/home/choi/robot_ws/build/rqt_example': CMAKE_PREFIX_PATH=${CMAKE_PREFIX_PATH}:/opt/ros/foxy /usr/bin/cmake --install /home/choi/robot_ws/build/rqt_example
[0.515s] -- Install configuration: ""
[0.515s] -- Execute custom install script
[0.516s] -- Symlinking: /home/choi/robot_ws/install/rqt_example/share/rqt_example/environment/pythonpath.sh
[0.525s] -- Symlinking: /home/choi/robot_ws/install/rqt_example/share/rqt_example/environment/pythonpath.dsv
[0.534s] -- Symlinking: /home/choi/robot_ws/install/rqt_example/lib/python3.8/site-packages/rqt_example/__init__.py
[0.542s] -- Symlinking: /home/choi/robot_ws/install/rqt_example/lib/python3.8/site-packages/rqt_example/examples.py
[0.551s] -- Symlinking: /home/choi/robot_ws/install/rqt_example/lib/python3.8/site-packages/rqt_example/examples_widget.py
[0.560s] -- Symlinking: /home/choi/robot_ws/install/rqt_example/share/rqt_example/plugin.xml
[0.569s] -- Symlinking: /home/choi/robot_ws/install/rqt_example/share/rqt_example/resource/lab.png
[0.578s] -- Symlinking: /home/choi/robot_ws/install/rqt_example/share/rqt_example/resource/logo.png
[0.588s] -- Symlinking: /home/choi/robot_ws/install/rqt_example/share/rqt_example/resource/resource.qrc
[0.596s] -- Symlinking: /home/choi/robot_ws/install/rqt_example/share/rqt_example/resource/rqt_example.ui
[0.607s] -- Symlinking: /home/choi/robot_ws/install/rqt_example/share/rqt_example/launch/turtlesim.launch.py
[0.615s] -- Symlinking: /home/choi/robot_ws/install/rqt_example/lib/rqt_example/rqt_example
[0.624s] -- Symlinking: /home/choi/robot_ws/install/rqt_example/share/ament_index/resource_index/package_run_dependencies/rqt_example
[0.633s] -- Symlinking: /home/choi/robot_ws/install/rqt_example/share/ament_index/resource_index/parent_prefix_path/rqt_example
[0.644s] -- Symlinking: /home/choi/robot_ws/install/rqt_example/share/rqt_example/environment/ament_prefix_path.sh
[0.653s] -- Symlinking: /home/choi/robot_ws/install/rqt_example/share/rqt_example/environment/ament_prefix_path.dsv
[0.662s] -- Symlinking: /home/choi/robot_ws/install/rqt_example/share/rqt_example/environment/path.sh
[0.670s] -- Symlinking: /home/choi/robot_ws/install/rqt_example/share/rqt_example/environment/path.dsv
[0.679s] -- Symlinking: /home/choi/robot_ws/install/rqt_example/share/rqt_example/local_setup.bash
[0.688s] -- Symlinking: /home/choi/robot_ws/install/rqt_example/share/rqt_example/local_setup.sh
[0.697s] -- Symlinking: /home/choi/robot_ws/install/rqt_example/share/rqt_example/local_setup.zsh
[0.706s] -- Symlinking: /home/choi/robot_ws/install/rqt_example/share/rqt_example/local_setup.dsv
[0.715s] -- Symlinking: /home/choi/robot_ws/install/rqt_example/share/rqt_example/package.dsv
[0.727s] -- Symlinking: /home/choi/robot_ws/install/rqt_example/share/ament_index/resource_index/packages/rqt_example
[0.734s] -- Symlinking: /home/choi/robot_ws/install/rqt_example/share/rqt_example/cmake/rqt_exampleConfig.cmake
[0.746s] -- Symlinking: /home/choi/robot_ws/install/rqt_example/share/rqt_example/cmake/rqt_exampleConfig-version.cmake
[0.753s] -- Symlinking: /home/choi/robot_ws/install/rqt_example/share/rqt_example/package.xml
[0.793s] Listing '/home/choi/robot_ws/install/rqt_example/lib/python3.8/site-packages/rqt_example'...
[0.793s] Compiling '/home/choi/robot_ws/install/rqt_example/lib/python3.8/site-packages/rqt_example/examples_widget.py'...
[0.793s] ***   File "/home/choi/robot_ws/install/rqt_example/lib/python3.8/site-packages/rqt_example/examples_widget.py", line 68
[0.793s]     audio = r.listen(source, timeout = )
[0.793s]                                        ^
[0.793s] SyntaxError: invalid syntax
[0.793s] 
[0.800s] Invoked command in '/home/choi/robot_ws/build/rqt_example' returned '0': CMAKE_PREFIX_PATH=${CMAKE_PREFIX_PATH}:/opt/ros/foxy /usr/bin/cmake --install /home/choi/robot_ws/build/rqt_example
