[0.018s] Invoking command in '/home/choi/robot_ws/build/indy7_moveit2_config': /usr/bin/cmake /home/choi/robot_ws/src/indy7_moveit2_config -DAMENT_CMAKE_SYMLINK_INSTALL=1 -DCMAKE_INSTALL_PREFIX=/home/choi/robot_ws/install/indy7_moveit2_config
[0.123s] -- The C compiler identification is GNU 9.3.0
[0.214s] -- The CXX compiler identification is GNU 9.3.0
[0.219s] -- Check for working C compiler: /usr/bin/cc
[0.289s] -- Check for working C compiler: /usr/bin/cc -- works
[0.290s] -- Detecting C compiler ABI info
[0.351s] -- Detecting C compiler ABI info - done
[0.363s] -- Detecting C compile features
[0.364s] -- Detecting C compile features - done
[0.366s] -- Check for working CXX compiler: /usr/bin/c++
[0.440s] -- Check for working CXX compiler: /usr/bin/c++ -- works
[0.441s] -- Detecting CXX compiler ABI info
[0.520s] -- Detecting CXX compiler ABI info - done
[0.535s] -- Detecting CXX compile features
[0.535s] -- Detecting CXX compile features - done
[0.549s] CMake Error at CMakeLists.txt:5 (find_package):
[0.549s]   By not providing "Findament_cmake.cmake" in CMAKE_MODULE_PATH this project
[0.549s]   has asked CMake to find a package configuration file provided by
[0.549s]   "ament_cmake", but CMake did not find one.
[0.549s] 
[0.549s]   Could not find a package configuration file provided by "ament_cmake" with
[0.549s]   any of the following names:
[0.549s] 
[0.549s]     ament_cmakeConfig.cmake
[0.550s]     ament_cmake-config.cmake
[0.550s] 
[0.550s]   Add the installation prefix of "ament_cmake" to CMAKE_PREFIX_PATH or set
[0.550s]   "ament_cmake_DIR" to a directory containing one of the above files.  If
[0.550s]   "ament_cmake" provides a separate development package or SDK, be sure it
[0.550s]   has been installed.
[0.550s] 
[0.550s] 
[0.550s] -- Configuring incomplete, errors occurred!
[0.550s] See also "/home/choi/robot_ws/build/indy7_moveit2_config/CMakeFiles/CMakeOutput.log".
