-- Found ament_cmake: 0.9.9 (/opt/ros/foxy/share/ament_cmake/cmake)
-- Using PYTHON_EXECUTABLE: /usr/bin/python3
-- Override CMake install command with custom implementation using symlinks instead of copying resources
-- Configuring done
-- Generating done
-- Build files have been written to: /home/choi/robot_ws/build/indy7_ign
-- Install configuration: ""
-- Execute custom install script
-- Up-to-date symlink: /home/choi/robot_ws/install/indy7_ign/share/indy7_ign/urdf/.vscode/c_cpp_properties.json
-- Up-to-date symlink: /home/choi/robot_ws/install/indy7_ign/share/indy7_ign/urdf/.vscode/settings.json
-- Up-to-date symlink: /home/choi/robot_ws/install/indy7_ign/share/indy7_ign/urdf/indy7.urdf
-- Up-to-date symlink: /home/choi/robot_ws/install/indy7_ign/share/indy7_ign/meshes/collision/link0.stl
-- Up-to-date symlink: /home/choi/robot_ws/install/indy7_ign/share/indy7_ign/meshes/collision/link1.stl
-- Up-to-date symlink: /home/choi/robot_ws/install/indy7_ign/share/indy7_ign/meshes/collision/link2.stl
-- Up-to-date symlink: /home/choi/robot_ws/install/indy7_ign/share/indy7_ign/meshes/collision/link3.stl
-- Up-to-date symlink: /home/choi/robot_ws/install/indy7_ign/share/indy7_ign/meshes/collision/link4.stl
-- Up-to-date symlink: /home/choi/robot_ws/install/indy7_ign/share/indy7_ign/meshes/collision/link5.stl
-- Up-to-date symlink: /home/choi/robot_ws/install/indy7_ign/share/indy7_ign/meshes/collision/link6.stl
-- Up-to-date symlink: /home/choi/robot_ws/install/indy7_ign/share/indy7_ign/meshes/visual/link0.stl
-- Up-to-date symlink: /home/choi/robot_ws/install/indy7_ign/share/indy7_ign/meshes/visual/link1.stl
-- Up-to-date symlink: /home/choi/robot_ws/install/indy7_ign/share/indy7_ign/meshes/visual/link2.stl
-- Up-to-date symlink: /home/choi/robot_ws/install/indy7_ign/share/indy7_ign/meshes/visual/link3.stl
-- Up-to-date symlink: /home/choi/robot_ws/install/indy7_ign/share/indy7_ign/meshes/visual/link4.stl
-- Up-to-date symlink: /home/choi/robot_ws/install/indy7_ign/share/indy7_ign/meshes/visual/link5.stl
-- Up-to-date symlink: /home/choi/robot_ws/install/indy7_ign/share/indy7_ign/meshes/visual/link6.stl
-- Up-to-date symlink: /home/choi/robot_ws/install/indy7_ign/share/ament_index/resource_index/package_run_dependencies/indy7_ign
-- Up-to-date symlink: /home/choi/robot_ws/install/indy7_ign/share/ament_index/resource_index/parent_prefix_path/indy7_ign
-- Up-to-date symlink: /home/choi/robot_ws/install/indy7_ign/share/indy7_ign/environment/ament_prefix_path.sh
-- Up-to-date symlink: /home/choi/robot_ws/install/indy7_ign/share/indy7_ign/environment/ament_prefix_path.dsv
-- Up-to-date symlink: /home/choi/robot_ws/install/indy7_ign/share/indy7_ign/environment/path.sh
-- Up-to-date symlink: /home/choi/robot_ws/install/indy7_ign/share/indy7_ign/environment/path.dsv
-- Up-to-date symlink: /home/choi/robot_ws/install/indy7_ign/share/indy7_ign/local_setup.bash
-- Up-to-date symlink: /home/choi/robot_ws/install/indy7_ign/share/indy7_ign/local_setup.sh
-- Up-to-date symlink: /home/choi/robot_ws/install/indy7_ign/share/indy7_ign/local_setup.zsh
-- Up-to-date symlink: /home/choi/robot_ws/install/indy7_ign/share/indy7_ign/local_setup.dsv
-- Symlinking: /home/choi/robot_ws/install/indy7_ign/share/indy7_ign/package.dsv
-- Up-to-date symlink: /home/choi/robot_ws/install/indy7_ign/share/ament_index/resource_index/packages/indy7_ign
-- Up-to-date symlink: /home/choi/robot_ws/install/indy7_ign/share/indy7_ign/cmake/indy7_ignConfig.cmake
-- Up-to-date symlink: /home/choi/robot_ws/install/indy7_ign/share/indy7_ign/cmake/indy7_ignConfig-version.cmake
-- Up-to-date symlink: /home/choi/robot_ws/install/indy7_ign/share/indy7_ign/package.xml
