[0.019s] Invoking command in '/home/choi/robot_ws/build/rqt_example': CMAKE_PREFIX_PATH=${CMAKE_PREFIX_PATH}:/opt/ros/foxy /usr/bin/cmake --build /home/choi/robot_ws/build/rqt_example -- -j8 -l8
[0.044s] Invoked command in '/home/choi/robot_ws/build/rqt_example' returned '0': CMAKE_PREFIX_PATH=${CMAKE_PREFIX_PATH}:/opt/ros/foxy /usr/bin/cmake --build /home/choi/robot_ws/build/rqt_example -- -j8 -l8
[0.063s] Invoking command in '/home/choi/robot_ws/build/rqt_example': CMAKE_PREFIX_PATH=${CMAKE_PREFIX_PATH}:/opt/ros/foxy /usr/bin/cmake --install /home/choi/robot_ws/build/rqt_example
[0.069s] -- Install configuration: ""
[0.071s] -- Execute custom install script
[0.071s] -- Up-to-date symlink: /home/choi/robot_ws/install/rqt_example/share/rqt_example/environment/pythonpath.sh
[0.071s] -- Up-to-date symlink: /home/choi/robot_ws/install/rqt_example/share/rqt_example/environment/pythonpath.dsv
[0.071s] -- Up-to-date symlink: /home/choi/robot_ws/install/rqt_example/lib/python3.8/site-packages/rqt_example/__init__.py
[0.071s] -- Up-to-date symlink: /home/choi/robot_ws/install/rqt_example/lib/python3.8/site-packages/rqt_example/examples.py
[0.071s] -- Up-to-date symlink: /home/choi/robot_ws/install/rqt_example/lib/python3.8/site-packages/rqt_example/examples_widget.py
[0.071s] -- Up-to-date symlink: /home/choi/robot_ws/install/rqt_example/share/rqt_example/plugin.xml
[0.072s] -- Up-to-date symlink: /home/choi/robot_ws/install/rqt_example/share/rqt_example/resource/lab.png
[0.072s] -- Up-to-date symlink: /home/choi/robot_ws/install/rqt_example/share/rqt_example/resource/logo.png
[0.072s] -- Up-to-date symlink: /home/choi/robot_ws/install/rqt_example/share/rqt_example/resource/resource.qrc
[0.072s] -- Up-to-date symlink: /home/choi/robot_ws/install/rqt_example/share/rqt_example/resource/rqt_example.ui
[0.072s] -- Up-to-date symlink: /home/choi/robot_ws/install/rqt_example/share/rqt_example/launch/turtlesim.launch.py
[0.072s] -- Up-to-date symlink: /home/choi/robot_ws/install/rqt_example/lib/rqt_example/rqt_example
[0.073s] -- Up-to-date symlink: /home/choi/robot_ws/install/rqt_example/share/ament_index/resource_index/package_run_dependencies/rqt_example
[0.073s] -- Up-to-date symlink: /home/choi/robot_ws/install/rqt_example/share/ament_index/resource_index/parent_prefix_path/rqt_example
[0.073s] -- Up-to-date symlink: /home/choi/robot_ws/install/rqt_example/share/rqt_example/environment/ament_prefix_path.sh
[0.073s] -- Up-to-date symlink: /home/choi/robot_ws/install/rqt_example/share/rqt_example/environment/ament_prefix_path.dsv
[0.073s] -- Up-to-date symlink: /home/choi/robot_ws/install/rqt_example/share/rqt_example/environment/path.sh
[0.074s] -- Up-to-date symlink: /home/choi/robot_ws/install/rqt_example/share/rqt_example/environment/path.dsv
[0.074s] -- Up-to-date symlink: /home/choi/robot_ws/install/rqt_example/share/rqt_example/local_setup.bash
[0.074s] -- Up-to-date symlink: /home/choi/robot_ws/install/rqt_example/share/rqt_example/local_setup.sh
[0.074s] -- Up-to-date symlink: /home/choi/robot_ws/install/rqt_example/share/rqt_example/local_setup.zsh
[0.074s] -- Up-to-date symlink: /home/choi/robot_ws/install/rqt_example/share/rqt_example/local_setup.dsv
[0.075s] -- Symlinking: /home/choi/robot_ws/install/rqt_example/share/rqt_example/package.dsv
[0.082s] -- Up-to-date symlink: /home/choi/robot_ws/install/rqt_example/share/ament_index/resource_index/packages/rqt_example
[0.082s] -- Up-to-date symlink: /home/choi/robot_ws/install/rqt_example/share/rqt_example/cmake/rqt_exampleConfig.cmake
[0.082s] -- Up-to-date symlink: /home/choi/robot_ws/install/rqt_example/share/rqt_example/cmake/rqt_exampleConfig-version.cmake
[0.082s] -- Up-to-date symlink: /home/choi/robot_ws/install/rqt_example/share/rqt_example/package.xml
[0.106s] Listing '/home/choi/robot_ws/install/rqt_example/lib/python3.8/site-packages/rqt_example'...
[0.106s] Compiling '/home/choi/robot_ws/install/rqt_example/lib/python3.8/site-packages/rqt_example/examples_widget.py'...
[0.106s] ***   File "/home/choi/robot_ws/install/rqt_example/lib/python3.8/site-packages/rqt_example/examples_widget.py", line 80
[0.106s]     result.data = '{0}'.format(self.axis) + \t +'{0}'.format(self.len)
[0.107s]                                                                      ^
[0.107s] SyntaxError: unexpected character after line continuation character
[0.107s] 
[0.113s] Invoked command in '/home/choi/robot_ws/build/rqt_example' returned '0': CMAKE_PREFIX_PATH=${CMAKE_PREFIX_PATH}:/opt/ros/foxy /usr/bin/cmake --install /home/choi/robot_ws/build/rqt_example
