[0.013s] Invoking command in '/home/choi/robot_ws/build/indy7_ign_moveit2': /usr/bin/cmake /home/choi/robot_ws/src/indy7_ign_moveit2 -DCMAKE_INSTALL_PREFIX=/home/choi/robot_ws/install/indy7_ign_moveit2
[0.022s] -- Found ament_lint_auto: 0.9.6 (/opt/ros/foxy/share/ament_lint_auto/cmake)
[0.036s] -- Using PYTHON_EXECUTABLE: /usr/bin/python3
[0.131s] Traceback (most recent call last):
[0.131s]   File "/opt/ros/foxy/share/ament_cmake_core/cmake/package_templates/templates_2_cmake.py", line 21, in <module>
[0.131s]     from ament_package.templates import get_environment_hook_template_path
[0.131s] ModuleNotFoundError: No module named 'ament_package'
[0.146s] CMake Error at /opt/ros/foxy/share/ament_cmake_core/cmake/ament_cmake_package_templates-extras.cmake:41 (message):
[0.146s]   execute_process(/usr/bin/python3
[0.146s]   /opt/ros/foxy/share/ament_cmake_core/cmake/package_templates/templates_2_cmake.py
[0.146s]   /home/choi/robot_ws/build/indy7_ign_moveit2/ament_cmake_package_templates/templates.cmake)
[0.146s]   returned error code 1
[0.146s] Call Stack (most recent call first):
[0.146s]   /opt/ros/foxy/share/ament_cmake_core/cmake/ament_cmake_coreConfig.cmake:41 (include)
[0.146s]   /opt/ros/foxy/share/ament_lint_auto/cmake/ament_lint_auto-extras.cmake:21 (find_package)
[0.146s]   /opt/ros/foxy/share/ament_lint_auto/cmake/ament_lint_autoConfig.cmake:41 (include)
[0.146s]   CMakeLists.txt:21 (find_package)
[0.146s] 
[0.146s] 
[0.146s] -- Configuring incomplete, errors occurred!
[0.146s] See also "/home/choi/robot_ws/build/indy7_ign_moveit2/CMakeFiles/CMakeOutput.log".
[0.146s] See also "/home/choi/robot_ws/build/indy7_ign_moveit2/CMakeFiles/CMakeError.log".
[0.149s] Invoked command in '/home/choi/robot_ws/build/indy7_ign_moveit2' returned '1': /usr/bin/cmake /home/choi/robot_ws/src/indy7_ign_moveit2 -DCMAKE_INSTALL_PREFIX=/home/choi/robot_ws/install/indy7_ign_moveit2
