-- Found ament_cmake: 0.9.9 (/opt/ros/foxy/share/ament_cmake/cmake)
-- Using PYTHON_EXECUTABLE: /usr/bin/python3
-- Override CMake install command with custom implementation using symlinks instead of copying resources
-- Found ament_lint_auto: 0.9.6 (/opt/ros/foxy/share/ament_lint_auto/cmake)
-- Added test 'copyright' to check source files copyright and LICENSE
-- Added test 'flake8' to check Python code syntax and style conventions
-- Added test 'lint_cmake' to check CMake code style
-- Added test 'pep257' to check Python code against some of the style conventions in PEP 257
-- Added test 'xmllint' to check XML markup files
-- Configuring done
-- Generating done
-- Build files have been written to: /home/choi/robot_ws/build/rqt_example
-- Install configuration: ""
-- Execute custom install script
-- Up-to-date symlink: /home/choi/robot_ws/install/rqt_example/share/rqt_example/environment/pythonpath.sh
-- Up-to-date symlink: /home/choi/robot_ws/install/rqt_example/share/rqt_example/environment/pythonpath.dsv
-- Up-to-date symlink: /home/choi/robot_ws/install/rqt_example/lib/python3.8/site-packages/rqt_example/__init__.py
-- Up-to-date symlink: /home/choi/robot_ws/install/rqt_example/lib/python3.8/site-packages/rqt_example/examples.py
-- Up-to-date symlink: /home/choi/robot_ws/install/rqt_example/lib/python3.8/site-packages/rqt_example/examples_widget.py
-- Up-to-date symlink: /home/choi/robot_ws/install/rqt_example/share/rqt_example/plugin.xml
-- Up-to-date symlink: /home/choi/robot_ws/install/rqt_example/share/rqt_example/resource/lab.png
-- Up-to-date symlink: /home/choi/robot_ws/install/rqt_example/share/rqt_example/resource/logo.png
-- Up-to-date symlink: /home/choi/robot_ws/install/rqt_example/share/rqt_example/resource/resource.qrc
-- Up-to-date symlink: /home/choi/robot_ws/install/rqt_example/share/rqt_example/resource/rqt_example.ui
-- Up-to-date symlink: /home/choi/robot_ws/install/rqt_example/share/rqt_example/launch/turtlesim.launch.py
-- Up-to-date symlink: /home/choi/robot_ws/install/rqt_example/lib/rqt_example/rqt_example
-- Up-to-date symlink: /home/choi/robot_ws/install/rqt_example/share/ament_index/resource_index/package_run_dependencies/rqt_example
-- Up-to-date symlink: /home/choi/robot_ws/install/rqt_example/share/ament_index/resource_index/parent_prefix_path/rqt_example
-- Up-to-date symlink: /home/choi/robot_ws/install/rqt_example/share/rqt_example/environment/ament_prefix_path.sh
-- Up-to-date symlink: /home/choi/robot_ws/install/rqt_example/share/rqt_example/environment/ament_prefix_path.dsv
-- Up-to-date symlink: /home/choi/robot_ws/install/rqt_example/share/rqt_example/environment/path.sh
-- Up-to-date symlink: /home/choi/robot_ws/install/rqt_example/share/rqt_example/environment/path.dsv
-- Up-to-date symlink: /home/choi/robot_ws/install/rqt_example/share/rqt_example/local_setup.bash
-- Up-to-date symlink: /home/choi/robot_ws/install/rqt_example/share/rqt_example/local_setup.sh
-- Up-to-date symlink: /home/choi/robot_ws/install/rqt_example/share/rqt_example/local_setup.zsh
-- Up-to-date symlink: /home/choi/robot_ws/install/rqt_example/share/rqt_example/local_setup.dsv
-- Symlinking: /home/choi/robot_ws/install/rqt_example/share/rqt_example/package.dsv
-- Up-to-date symlink: /home/choi/robot_ws/install/rqt_example/share/ament_index/resource_index/packages/rqt_example
-- Up-to-date symlink: /home/choi/robot_ws/install/rqt_example/share/rqt_example/cmake/rqt_exampleConfig.cmake
-- Up-to-date symlink: /home/choi/robot_ws/install/rqt_example/share/rqt_example/cmake/rqt_exampleConfig-version.cmake
-- Up-to-date symlink: /home/choi/robot_ws/install/rqt_example/share/rqt_example/package.xml
Listing '/home/choi/robot_ws/install/rqt_example/lib/python3.8/site-packages/rqt_example'...
