[0.025s] Invoking command in '/home/choi/robot_ws/build/indy7_ign': CMAKE_PREFIX_PATH=${CMAKE_PREFIX_PATH}:/opt/ros/foxy /usr/bin/cmake /home/choi/robot_ws/src/indy7_ign -DAMENT_CMAKE_SYMLINK_INSTALL=1 -DCMAKE_INSTALL_PREFIX=/home/choi/robot_ws/install/indy7_ign
[0.040s] -- Found ament_cmake: 0.9.9 (/opt/ros/foxy/share/ament_cmake/cmake)
[0.065s] -- Found PythonInterp: /usr/bin/python3 (found suitable version "3.8.10", minimum required is "3") 
[0.065s] -- Using PYTHON_EXECUTABLE: /usr/bin/python3
[0.349s] -- Override CMake install command with custom implementation using symlinks instead of copying resources
[0.437s] -- Configuring done
[0.440s] -- Generating done
[0.440s] -- Build files have been written to: /home/choi/robot_ws/build/indy7_ign
[0.453s] Invoked command in '/home/choi/robot_ws/build/indy7_ign' returned '0': CMAKE_PREFIX_PATH=${CMAKE_PREFIX_PATH}:/opt/ros/foxy /usr/bin/cmake /home/choi/robot_ws/src/indy7_ign -DAMENT_CMAKE_SYMLINK_INSTALL=1 -DCMAKE_INSTALL_PREFIX=/home/choi/robot_ws/install/indy7_ign
[0.456s] Invoking command in '/home/choi/robot_ws/build/indy7_ign': CMAKE_PREFIX_PATH=${CMAKE_PREFIX_PATH}:/opt/ros/foxy /usr/bin/cmake --build /home/choi/robot_ws/build/indy7_ign -- -j8 -l8
[0.493s] Invoked command in '/home/choi/robot_ws/build/indy7_ign' returned '0': CMAKE_PREFIX_PATH=${CMAKE_PREFIX_PATH}:/opt/ros/foxy /usr/bin/cmake --build /home/choi/robot_ws/build/indy7_ign -- -j8 -l8
[0.518s] Invoking command in '/home/choi/robot_ws/build/indy7_ign': CMAKE_PREFIX_PATH=${CMAKE_PREFIX_PATH}:/opt/ros/foxy /usr/bin/cmake --install /home/choi/robot_ws/build/indy7_ign
[0.527s] -- Install configuration: ""
[0.528s] -- Execute custom install script
[0.528s] -- Symlinking: /home/choi/robot_ws/install/indy7_ign/share/indy7_ign/urdf/.vscode/c_cpp_properties.json
[0.538s] -- Symlinking: /home/choi/robot_ws/install/indy7_ign/share/indy7_ign/urdf/.vscode/settings.json
[0.547s] -- Symlinking: /home/choi/robot_ws/install/indy7_ign/share/indy7_ign/urdf/indy7.urdf
[0.556s] -- Symlinking: /home/choi/robot_ws/install/indy7_ign/share/indy7_ign/meshes/collision/link0.stl
[0.566s] -- Symlinking: /home/choi/robot_ws/install/indy7_ign/share/indy7_ign/meshes/collision/link1.stl
[0.575s] -- Symlinking: /home/choi/robot_ws/install/indy7_ign/share/indy7_ign/meshes/collision/link2.stl
[0.584s] -- Symlinking: /home/choi/robot_ws/install/indy7_ign/share/indy7_ign/meshes/collision/link3.stl
[0.594s] -- Symlinking: /home/choi/robot_ws/install/indy7_ign/share/indy7_ign/meshes/collision/link4.stl
[0.603s] -- Symlinking: /home/choi/robot_ws/install/indy7_ign/share/indy7_ign/meshes/collision/link5.stl
[0.613s] -- Symlinking: /home/choi/robot_ws/install/indy7_ign/share/indy7_ign/meshes/collision/link6.stl
[0.622s] -- Symlinking: /home/choi/robot_ws/install/indy7_ign/share/indy7_ign/meshes/visual/link0.stl
[0.631s] -- Symlinking: /home/choi/robot_ws/install/indy7_ign/share/indy7_ign/meshes/visual/link1.stl
[0.640s] -- Symlinking: /home/choi/robot_ws/install/indy7_ign/share/indy7_ign/meshes/visual/link2.stl
[0.649s] -- Symlinking: /home/choi/robot_ws/install/indy7_ign/share/indy7_ign/meshes/visual/link3.stl
[0.658s] -- Symlinking: /home/choi/robot_ws/install/indy7_ign/share/indy7_ign/meshes/visual/link4.stl
[0.667s] -- Symlinking: /home/choi/robot_ws/install/indy7_ign/share/indy7_ign/meshes/visual/link5.stl
[0.677s] -- Symlinking: /home/choi/robot_ws/install/indy7_ign/share/indy7_ign/meshes/visual/link6.stl
[0.687s] -- Symlinking: /home/choi/robot_ws/install/indy7_ign/share/ament_index/resource_index/package_run_dependencies/indy7_ign
[0.696s] -- Symlinking: /home/choi/robot_ws/install/indy7_ign/share/ament_index/resource_index/parent_prefix_path/indy7_ign
[0.705s] -- Symlinking: /home/choi/robot_ws/install/indy7_ign/share/indy7_ign/environment/ament_prefix_path.sh
[0.714s] -- Symlinking: /home/choi/robot_ws/install/indy7_ign/share/indy7_ign/environment/ament_prefix_path.dsv
[0.723s] -- Symlinking: /home/choi/robot_ws/install/indy7_ign/share/indy7_ign/environment/path.sh
[0.734s] -- Symlinking: /home/choi/robot_ws/install/indy7_ign/share/indy7_ign/environment/path.dsv
[0.743s] -- Symlinking: /home/choi/robot_ws/install/indy7_ign/share/indy7_ign/local_setup.bash
[0.753s] -- Symlinking: /home/choi/robot_ws/install/indy7_ign/share/indy7_ign/local_setup.sh
[0.763s] -- Symlinking: /home/choi/robot_ws/install/indy7_ign/share/indy7_ign/local_setup.zsh
[0.771s] -- Symlinking: /home/choi/robot_ws/install/indy7_ign/share/indy7_ign/local_setup.dsv
[0.780s] -- Symlinking: /home/choi/robot_ws/install/indy7_ign/share/indy7_ign/package.dsv
[0.789s] -- Symlinking: /home/choi/robot_ws/install/indy7_ign/share/ament_index/resource_index/packages/indy7_ign
[0.798s] -- Symlinking: /home/choi/robot_ws/install/indy7_ign/share/indy7_ign/cmake/indy7_ignConfig.cmake
[0.807s] -- Symlinking: /home/choi/robot_ws/install/indy7_ign/share/indy7_ign/cmake/indy7_ignConfig-version.cmake
[0.818s] -- Symlinking: /home/choi/robot_ws/install/indy7_ign/share/indy7_ign/package.xml
[0.831s] Invoked command in '/home/choi/robot_ws/build/indy7_ign' returned '0': CMAKE_PREFIX_PATH=${CMAKE_PREFIX_PATH}:/opt/ros/foxy /usr/bin/cmake --install /home/choi/robot_ws/build/indy7_ign
