-- Found ament_lint_auto: 0.9.6 (/opt/ros/foxy/share/ament_lint_auto/cmake)
-- Using PYTHON_EXECUTABLE: /usr/bin/python3
-- Override CMake install command with custom implementation using symlinks instead of copying resources
-- Found ament_cmake: 0.9.9 (/opt/ros/foxy/share/ament_cmake/cmake)
-- Found rclcpp: 2.4.0 (/opt/ros/foxy/share/rclcpp/cmake)
-- Using all available rosidl_typesupport_c: rosidl_typesupport_fastrtps_c;rosidl_typesupport_introspection_c
-- Found rosidl_adapter: 1.2.1 (/opt/ros/foxy/share/rosidl_adapter/cmake)
-- Using all available rosidl_typesupport_cpp: rosidl_typesupport_fastrtps_cpp;rosidl_typesupport_introspection_cpp
-- Found rmw_implementation_cmake: 1.0.3 (/opt/ros/foxy/share/rmw_implementation_cmake/cmake)
-- Using RMW implementation 'rmw_fastrtps_cpp' as default
-- Found moveit_ros_planning_interface: 2.2.2 (/opt/ros/foxy/share/moveit_ros_planning_interface/cmake)
-- Found Boost: /usr/lib/x86_64-linux-gnu/cmake/Boost-1.71.0/BoostConfig.cmake (found version "1.71.0")  
-- Found Boost: /usr/lib/x86_64-linux-gnu/cmake/Boost-1.71.0/BoostConfig.cmake (found version "1.71.0") found components: date_time filesystem program_options system thread 
-- Found Boost: /usr/lib/x86_64-linux-gnu/cmake/Boost-1.71.0/BoostConfig.cmake (found version "1.71.0") found components: chrono date_time filesystem iostreams program_options regex serialization system thread 
-- library: /usr/lib/x86_64-linux-gnu/libcurl.so
-- Found Boost: /usr/lib/x86_64-linux-gnu/cmake/Boost-1.71.0/BoostConfig.cmake (found version "1.71.0") found components: system filesystem date_time program_options thread chrono 
-- Found Boost: /usr/lib/x86_64-linux-gnu/cmake/Boost-1.71.0/BoostConfig.cmake (found version "1.71.0") found components: thread 
-- Found Boost: /usr/lib/x86_64-linux-gnu/cmake/Boost-1.71.0/BoostConfig.cmake (found version "1.71.0") found components: thread system filesystem regex date_time program_options 
-- Found Boost: /usr/lib/x86_64-linux-gnu/cmake/Boost-1.71.0/BoostConfig.cmake (found version "1.71.0") found components: system filesystem date_time program_options thread 
-- Added test 'copyright' to check source files copyright and LICENSE
-- Added test 'cppcheck' to perform static code analysis on C / C++ code
-- Configured cppcheck include dirs: 
-- Configured cppcheck exclude dirs and/or files: 
-- Added test 'cpplint' to check C / C++ code against the Google style
-- Configured cpplint exclude dirs and/or files: 
-- Added test 'flake8' to check Python code syntax and style conventions
-- Added test 'lint_cmake' to check CMake code style
-- Added test 'pep257' to check Python code against some of the style conventions in PEP 257
-- Added test 'uncrustify' to check C / C++ code style
-- Configured uncrustify additional arguments: 
-- Added test 'xmllint' to check XML markup files
-- Configuring done
-- Generating done
-- Build files have been written to: /home/choi/robot_ws/build/indy7_ign_moveit2
[35m[1mScanning dependencies of target example_ign_moveit2[0m
[ 50%] [32mBuilding CXX object CMakeFiles/example_ign_moveit2.dir/examples/cpp/example_ign_moveit2.cpp.o[0m
[100%] [32m[1mLinking CXX executable example_ign_moveit2[0m
[100%] Built target example_ign_moveit2
-- Install configuration: ""
-- Execute custom install script
-- Up-to-date symlink: /home/choi/robot_ws/install/indy7_ign_moveit2/lib/indy7_ign_moveit2/example_ign_moveit2
-- Up-to-date symlink: /home/choi/robot_ws/install/indy7_ign_moveit2/share/indy7_ign_moveit2/environment/pythonpath.sh
-- Up-to-date symlink: /home/choi/robot_ws/install/indy7_ign_moveit2/share/indy7_ign_moveit2/environment/pythonpath.dsv
-- Up-to-date symlink: /home/choi/robot_ws/install/indy7_ign_moveit2/lib/python3.8/site-packages/moveit2.py
-- Up-to-date symlink: /home/choi/robot_ws/install/indy7_ign_moveit2/lib/indy7_ign_moveit2/example_joint_goal.py
-- Up-to-date symlink: /home/choi/robot_ws/install/indy7_ign_moveit2/lib/indy7_ign_moveit2/example_pose_goal.py
-- Up-to-date symlink: /home/choi/robot_ws/install/indy7_ign_moveit2/lib/indy7_ign_moveit2/example_follow_object.py
-- Up-to-date symlink: /home/choi/robot_ws/install/indy7_ign_moveit2/lib/indy7_ign_moveit2/example_follow_object_wait_until_executed.py
-- Up-to-date symlink: /home/choi/robot_ws/install/indy7_ign_moveit2/lib/indy7_ign_moveit2/example_follow_object_direct.py
-- Up-to-date symlink: /home/choi/robot_ws/install/indy7_ign_moveit2/lib/indy7_ign_moveit2/example_gripper.py
-- Up-to-date symlink: /home/choi/robot_ws/install/indy7_ign_moveit2/lib/indy7_ign_moveit2/example_throw.py
-- Symlinking: /home/choi/robot_ws/install/indy7_ign_moveit2/lib/indy7_ign_moveit2/example_topic.py
-- Up-to-date symlink: /home/choi/robot_ws/install/indy7_ign_moveit2/share/indy7_ign_moveit2/launch/examples/example_cpp.launch.py
-- Up-to-date symlink: /home/choi/robot_ws/install/indy7_ign_moveit2/share/indy7_ign_moveit2/launch/examples/example_follow_object.launch.py
-- Up-to-date symlink: /home/choi/robot_ws/install/indy7_ign_moveit2/share/indy7_ign_moveit2/launch/examples/example_follow_object_direct.launch.py
-- Up-to-date symlink: /home/choi/robot_ws/install/indy7_ign_moveit2/share/indy7_ign_moveit2/launch/examples/example_follow_object_wait_until_executed.launch.py
-- Up-to-date symlink: /home/choi/robot_ws/install/indy7_ign_moveit2/share/indy7_ign_moveit2/launch/examples/example_throw.launch.py
-- Symlinking: /home/choi/robot_ws/install/indy7_ign_moveit2/share/indy7_ign_moveit2/launch/examples/example_topic.launch.py
-- Symlinking: /home/choi/robot_ws/install/indy7_ign_moveit2/share/indy7_ign_moveit2/launch/examples/worlds/world_indy7_empty.launch.py
-- Up-to-date symlink: /home/choi/robot_ws/install/indy7_ign_moveit2/share/indy7_ign_moveit2/launch/examples/worlds/world_indy7_follow.launch.py
-- Up-to-date symlink: /home/choi/robot_ws/install/indy7_ign_moveit2/share/indy7_ign_moveit2/launch/examples/worlds/world_indy7_throw.launch.py
-- Up-to-date symlink: /home/choi/robot_ws/install/indy7_ign_moveit2/share/indy7_ign_moveit2/launch/ign_moveit2.launch.py
-- Up-to-date symlink: /home/choi/robot_ws/install/indy7_ign_moveit2/share/indy7_ign_moveit2/launch/rviz.rviz
-- Symlinking: /home/choi/robot_ws/install/indy7_ign_moveit2/share/indy7_ign_moveit2/worlds/indy7_empty.sdf
-- Up-to-date symlink: /home/choi/robot_ws/install/indy7_ign_moveit2/share/indy7_ign_moveit2/worlds/indy7_follow.sdf
-- Up-to-date symlink: /home/choi/robot_ws/install/indy7_ign_moveit2/share/indy7_ign_moveit2/worlds/indy7_throw.sdf
-- Up-to-date symlink: /home/choi/robot_ws/install/indy7_ign_moveit2/share/ament_index/resource_index/package_run_dependencies/indy7_ign_moveit2
-- Up-to-date symlink: /home/choi/robot_ws/install/indy7_ign_moveit2/share/ament_index/resource_index/parent_prefix_path/indy7_ign_moveit2
-- Up-to-date symlink: /home/choi/robot_ws/install/indy7_ign_moveit2/share/indy7_ign_moveit2/environment/ament_prefix_path.sh
-- Up-to-date symlink: /home/choi/robot_ws/install/indy7_ign_moveit2/share/indy7_ign_moveit2/environment/ament_prefix_path.dsv
-- Up-to-date symlink: /home/choi/robot_ws/install/indy7_ign_moveit2/share/indy7_ign_moveit2/environment/path.sh
-- Up-to-date symlink: /home/choi/robot_ws/install/indy7_ign_moveit2/share/indy7_ign_moveit2/environment/path.dsv
-- Up-to-date symlink: /home/choi/robot_ws/install/indy7_ign_moveit2/share/indy7_ign_moveit2/local_setup.bash
-- Up-to-date symlink: /home/choi/robot_ws/install/indy7_ign_moveit2/share/indy7_ign_moveit2/local_setup.sh
-- Up-to-date symlink: /home/choi/robot_ws/install/indy7_ign_moveit2/share/indy7_ign_moveit2/local_setup.zsh
-- Up-to-date symlink: /home/choi/robot_ws/install/indy7_ign_moveit2/share/indy7_ign_moveit2/local_setup.dsv
-- Symlinking: /home/choi/robot_ws/install/indy7_ign_moveit2/share/indy7_ign_moveit2/package.dsv
-- Up-to-date symlink: /home/choi/robot_ws/install/indy7_ign_moveit2/share/ament_index/resource_index/packages/indy7_ign_moveit2
-- Up-to-date symlink: /home/choi/robot_ws/install/indy7_ign_moveit2/share/indy7_ign_moveit2/cmake/indy7_ign_moveit2Config.cmake
-- Up-to-date symlink: /home/choi/robot_ws/install/indy7_ign_moveit2/share/indy7_ign_moveit2/cmake/indy7_ign_moveit2Config-version.cmake
-- Up-to-date symlink: /home/choi/robot_ws/install/indy7_ign_moveit2/share/indy7_ign_moveit2/package.xml
Compiling '/home/choi/robot_ws/install/indy7_ign_moveit2/lib/python3.8/site-packages/moveit2.py'...
