[0.230s] DEBUG:colcon:Command line arguments: ['/usr/bin/colcon', 'build', '--symlink-install']
[0.231s] DEBUG:colcon:Parsed command line arguments: Namespace(ament_cmake_args=None, base_paths=['.'], build_base='build', catkin_cmake_args=None, catkin_skip_building_tests=False, cmake_args=None, cmake_clean_cache=False, cmake_clean_first=False, cmake_force_configure=False, cmake_target=None, cmake_target_skip_unavailable=False, continue_on_error=False, event_handlers=None, executor='parallel', ignore_user_meta=False, install_base='install', log_base=None, log_level=None, main=<bound method BuildVerb.main of <colcon_core.verb.build.BuildVerb object at 0x7fda82d03130>>, merge_install=False, metas=['./colcon.meta'], packages_above=None, packages_above_and_dependencies=None, packages_above_depth=None, packages_end=None, packages_ignore=None, packages_ignore_regex=None, packages_select=None, packages_select_build_failed=False, packages_select_by_dep=None, packages_select_regex=None, packages_select_test_failures=False, packages_skip=None, packages_skip_build_finished=False, packages_skip_by_dep=None, packages_skip_regex=None, packages_skip_test_passed=False, packages_skip_up_to=None, packages_start=None, packages_up_to=None, packages_up_to_regex=None, parallel_workers=8, paths=None, symlink_install=True, test_result_base=None, verb_extension=<colcon_core.verb.build.BuildVerb object at 0x7fda82d03130>, verb_name='build', verb_parser=<colcon_defaults.argument_parser.defaults.DefaultArgumentsDecorator object at 0x7fda82e1ab50>)
[0.234s] Level 1:colcon.colcon_core.package_discovery:discover_packages(colcon_meta) check parameters
[0.234s] Level 1:colcon.colcon_core.package_discovery:discover_packages(recursive) check parameters
[0.234s] Level 1:colcon.colcon_core.package_discovery:discover_packages(ignore) check parameters
[0.234s] Level 1:colcon.colcon_core.package_discovery:discover_packages(path) check parameters
[0.234s] Level 1:colcon.colcon_core.package_discovery:discover_packages(colcon_meta) discover
[0.234s] Level 1:colcon.colcon_core.package_discovery:discover_packages(recursive) discover
[0.235s] INFO:colcon.colcon_core.package_discovery:Crawling recursively for packages in '/home/choi/robot_ws'
[0.235s] Level 1:colcon.colcon_core.package_identification:_identify(.) by extensions ['ignore', 'ignore_ament_install']
[0.235s] Level 1:colcon.colcon_core.package_identification:_identify(.) by extension 'ignore'
[0.235s] Level 1:colcon.colcon_core.package_identification:_identify(.) by extension 'ignore_ament_install'
[0.235s] Level 1:colcon.colcon_core.package_identification:_identify(.) by extensions ['colcon_pkg']
[0.235s] Level 1:colcon.colcon_core.package_identification:_identify(.) by extension 'colcon_pkg'
[0.235s] Level 1:colcon.colcon_core.package_identification:_identify(.) by extensions ['colcon_meta']
[0.235s] Level 1:colcon.colcon_core.package_identification:_identify(.) by extension 'colcon_meta'
[0.235s] Level 1:colcon.colcon_core.package_identification:_identify(.) by extensions ['ros']
[0.235s] Level 1:colcon.colcon_core.package_identification:_identify(.) by extension 'ros'
[0.245s] Level 1:colcon.colcon_core.package_identification:_identify(.) by extensions ['cmake', 'python']
[0.245s] Level 1:colcon.colcon_core.package_identification:_identify(.) by extension 'cmake'
[0.245s] Level 1:colcon.colcon_core.package_identification:_identify(.) by extension 'python'
[0.245s] Level 1:colcon.colcon_core.package_identification:_identify(.) by extensions ['python_setup_py']
[0.245s] Level 1:colcon.colcon_core.package_identification:_identify(.) by extension 'python_setup_py'
[0.245s] Level 1:colcon.colcon_core.package_identification:_identify(build) by extensions ['ignore', 'ignore_ament_install']
[0.245s] Level 1:colcon.colcon_core.package_identification:_identify(build) by extension 'ignore'
[0.245s] Level 1:colcon.colcon_core.package_identification:_identify(build) ignored
[0.245s] Level 1:colcon.colcon_core.package_identification:_identify(install) by extensions ['ignore', 'ignore_ament_install']
[0.245s] Level 1:colcon.colcon_core.package_identification:_identify(install) by extension 'ignore'
[0.245s] Level 1:colcon.colcon_core.package_identification:_identify(install) ignored
[0.245s] Level 1:colcon.colcon_core.package_identification:_identify(log) by extensions ['ignore', 'ignore_ament_install']
[0.245s] Level 1:colcon.colcon_core.package_identification:_identify(log) by extension 'ignore'
[0.245s] Level 1:colcon.colcon_core.package_identification:_identify(log) ignored
[0.246s] Level 1:colcon.colcon_core.package_identification:_identify(src) by extensions ['ignore', 'ignore_ament_install']
[0.246s] Level 1:colcon.colcon_core.package_identification:_identify(src) by extension 'ignore'
[0.246s] Level 1:colcon.colcon_core.package_identification:_identify(src) by extension 'ignore_ament_install'
[0.246s] Level 1:colcon.colcon_core.package_identification:_identify(src) by extensions ['colcon_pkg']
[0.246s] Level 1:colcon.colcon_core.package_identification:_identify(src) by extension 'colcon_pkg'
[0.246s] Level 1:colcon.colcon_core.package_identification:_identify(src) by extensions ['colcon_meta']
[0.246s] Level 1:colcon.colcon_core.package_identification:_identify(src) by extension 'colcon_meta'
[0.246s] Level 1:colcon.colcon_core.package_identification:_identify(src) by extensions ['ros']
[0.246s] Level 1:colcon.colcon_core.package_identification:_identify(src) by extension 'ros'
[0.246s] Level 1:colcon.colcon_core.package_identification:_identify(src) by extensions ['cmake', 'python']
[0.246s] Level 1:colcon.colcon_core.package_identification:_identify(src) by extension 'cmake'
[0.246s] Level 1:colcon.colcon_core.package_identification:_identify(src) by extension 'python'
[0.246s] Level 1:colcon.colcon_core.package_identification:_identify(src) by extensions ['python_setup_py']
[0.246s] Level 1:colcon.colcon_core.package_identification:_identify(src) by extension 'python_setup_py'
[0.246s] Level 1:colcon.colcon_core.package_identification:_identify(src/indy7_ign) by extensions ['ignore', 'ignore_ament_install']
[0.246s] Level 1:colcon.colcon_core.package_identification:_identify(src/indy7_ign) by extension 'ignore'
[0.246s] Level 1:colcon.colcon_core.package_identification:_identify(src/indy7_ign) by extension 'ignore_ament_install'
[0.246s] Level 1:colcon.colcon_core.package_identification:_identify(src/indy7_ign) by extensions ['colcon_pkg']
[0.246s] Level 1:colcon.colcon_core.package_identification:_identify(src/indy7_ign) by extension 'colcon_pkg'
[0.246s] Level 1:colcon.colcon_core.package_identification:_identify(src/indy7_ign) by extensions ['colcon_meta']
[0.246s] Level 1:colcon.colcon_core.package_identification:_identify(src/indy7_ign) by extension 'colcon_meta'
[0.246s] Level 1:colcon.colcon_core.package_identification:_identify(src/indy7_ign) by extensions ['ros']
[0.246s] Level 1:colcon.colcon_core.package_identification:_identify(src/indy7_ign) by extension 'ros'
[0.248s] DEBUG:colcon.colcon_core.package_identification:Package 'src/indy7_ign' with type 'ros.ament_cmake' and name 'indy7_ign'
[0.248s] Level 1:colcon.colcon_core.package_identification:_identify(src/indy7_ign_moveit2) by extensions ['ignore', 'ignore_ament_install']
[0.248s] Level 1:colcon.colcon_core.package_identification:_identify(src/indy7_ign_moveit2) by extension 'ignore'
[0.248s] Level 1:colcon.colcon_core.package_identification:_identify(src/indy7_ign_moveit2) by extension 'ignore_ament_install'
[0.248s] Level 1:colcon.colcon_core.package_identification:_identify(src/indy7_ign_moveit2) by extensions ['colcon_pkg']
[0.249s] Level 1:colcon.colcon_core.package_identification:_identify(src/indy7_ign_moveit2) by extension 'colcon_pkg'
[0.249s] Level 1:colcon.colcon_core.package_identification:_identify(src/indy7_ign_moveit2) by extensions ['colcon_meta']
[0.249s] Level 1:colcon.colcon_core.package_identification:_identify(src/indy7_ign_moveit2) by extension 'colcon_meta'
[0.249s] Level 1:colcon.colcon_core.package_identification:_identify(src/indy7_ign_moveit2) by extensions ['ros']
[0.249s] Level 1:colcon.colcon_core.package_identification:_identify(src/indy7_ign_moveit2) by extension 'ros'
[0.249s] DEBUG:colcon.colcon_core.package_identification:Package 'src/indy7_ign_moveit2' with type 'ros.ament_cmake' and name 'indy7_ign_moveit2'
[0.249s] Level 1:colcon.colcon_core.package_identification:_identify(src/indy7_moveit2_config) by extensions ['ignore', 'ignore_ament_install']
[0.249s] Level 1:colcon.colcon_core.package_identification:_identify(src/indy7_moveit2_config) by extension 'ignore'
[0.249s] Level 1:colcon.colcon_core.package_identification:_identify(src/indy7_moveit2_config) by extension 'ignore_ament_install'
[0.249s] Level 1:colcon.colcon_core.package_identification:_identify(src/indy7_moveit2_config) by extensions ['colcon_pkg']
[0.250s] Level 1:colcon.colcon_core.package_identification:_identify(src/indy7_moveit2_config) by extension 'colcon_pkg'
[0.250s] Level 1:colcon.colcon_core.package_identification:_identify(src/indy7_moveit2_config) by extensions ['colcon_meta']
[0.250s] Level 1:colcon.colcon_core.package_identification:_identify(src/indy7_moveit2_config) by extension 'colcon_meta'
[0.250s] Level 1:colcon.colcon_core.package_identification:_identify(src/indy7_moveit2_config) by extensions ['ros']
[0.250s] Level 1:colcon.colcon_core.package_identification:_identify(src/indy7_moveit2_config) by extension 'ros'
[0.250s] DEBUG:colcon.colcon_core.package_identification:Package 'src/indy7_moveit2_config' with type 'ros.ament_cmake' and name 'indy7_moveit2_config'
[0.250s] Level 1:colcon.colcon_core.package_identification:_identify(src/rqt_example) by extensions ['ignore', 'ignore_ament_install']
[0.250s] Level 1:colcon.colcon_core.package_identification:_identify(src/rqt_example) by extension 'ignore'
[0.250s] Level 1:colcon.colcon_core.package_identification:_identify(src/rqt_example) by extension 'ignore_ament_install'
[0.250s] Level 1:colcon.colcon_core.package_identification:_identify(src/rqt_example) by extensions ['colcon_pkg']
[0.250s] Level 1:colcon.colcon_core.package_identification:_identify(src/rqt_example) by extension 'colcon_pkg'
[0.250s] Level 1:colcon.colcon_core.package_identification:_identify(src/rqt_example) by extensions ['colcon_meta']
[0.250s] Level 1:colcon.colcon_core.package_identification:_identify(src/rqt_example) by extension 'colcon_meta'
[0.250s] Level 1:colcon.colcon_core.package_identification:_identify(src/rqt_example) by extensions ['ros']
[0.250s] Level 1:colcon.colcon_core.package_identification:_identify(src/rqt_example) by extension 'ros'
[0.251s] DEBUG:colcon.colcon_core.package_identification:Package 'src/rqt_example' with type 'ros.ament_cmake' and name 'rqt_example'
[0.251s] Level 1:colcon.colcon_core.package_discovery:discover_packages(recursive) using defaults
[0.251s] Level 1:colcon.colcon_core.package_discovery:discover_packages(ignore) discover
[0.251s] Level 1:colcon.colcon_core.package_discovery:discover_packages(ignore) using defaults
[0.251s] Level 1:colcon.colcon_core.package_discovery:discover_packages(path) discover
[0.251s] Level 1:colcon.colcon_core.package_discovery:discover_packages(path) using defaults
[0.267s] Level 5:colcon.colcon_core.verb:set package 'indy7_ign' build argument 'cmake_args' from command line to 'None'
[0.267s] Level 5:colcon.colcon_core.verb:set package 'indy7_ign' build argument 'cmake_target' from command line to 'None'
[0.267s] Level 5:colcon.colcon_core.verb:set package 'indy7_ign' build argument 'cmake_target_skip_unavailable' from command line to 'False'
[0.267s] Level 5:colcon.colcon_core.verb:set package 'indy7_ign' build argument 'cmake_clean_cache' from command line to 'False'
[0.267s] Level 5:colcon.colcon_core.verb:set package 'indy7_ign' build argument 'cmake_clean_first' from command line to 'False'
[0.267s] Level 5:colcon.colcon_core.verb:set package 'indy7_ign' build argument 'cmake_force_configure' from command line to 'False'
[0.267s] Level 5:colcon.colcon_core.verb:set package 'indy7_ign' build argument 'ament_cmake_args' from command line to 'None'
[0.267s] Level 5:colcon.colcon_core.verb:set package 'indy7_ign' build argument 'catkin_cmake_args' from command line to 'None'
[0.267s] Level 5:colcon.colcon_core.verb:set package 'indy7_ign' build argument 'catkin_skip_building_tests' from command line to 'False'
[0.267s] DEBUG:colcon.colcon_core.verb:Building package 'indy7_ign' with the following arguments: {'ament_cmake_args': None, 'build_base': '/home/choi/robot_ws/build/indy7_ign', 'catkin_cmake_args': None, 'catkin_skip_building_tests': False, 'cmake_args': None, 'cmake_clean_cache': False, 'cmake_clean_first': False, 'cmake_force_configure': False, 'cmake_target': None, 'cmake_target_skip_unavailable': False, 'install_base': '/home/choi/robot_ws/install/indy7_ign', 'merge_install': False, 'path': '/home/choi/robot_ws/src/indy7_ign', 'symlink_install': True, 'test_result_base': None}
[0.269s] Level 5:colcon.colcon_core.verb:set package 'indy7_ign_moveit2' build argument 'cmake_args' from command line to 'None'
[0.269s] Level 5:colcon.colcon_core.verb:set package 'indy7_ign_moveit2' build argument 'cmake_target' from command line to 'None'
[0.269s] Level 5:colcon.colcon_core.verb:set package 'indy7_ign_moveit2' build argument 'cmake_target_skip_unavailable' from command line to 'False'
[0.269s] Level 5:colcon.colcon_core.verb:set package 'indy7_ign_moveit2' build argument 'cmake_clean_cache' from command line to 'False'
[0.269s] Level 5:colcon.colcon_core.verb:set package 'indy7_ign_moveit2' build argument 'cmake_clean_first' from command line to 'False'
[0.269s] Level 5:colcon.colcon_core.verb:set package 'indy7_ign_moveit2' build argument 'cmake_force_configure' from command line to 'False'
[0.269s] Level 5:colcon.colcon_core.verb:set package 'indy7_ign_moveit2' build argument 'ament_cmake_args' from command line to 'None'
[0.269s] Level 5:colcon.colcon_core.verb:set package 'indy7_ign_moveit2' build argument 'catkin_cmake_args' from command line to 'None'
[0.269s] Level 5:colcon.colcon_core.verb:set package 'indy7_ign_moveit2' build argument 'catkin_skip_building_tests' from command line to 'False'
[0.269s] DEBUG:colcon.colcon_core.verb:Building package 'indy7_ign_moveit2' with the following arguments: {'ament_cmake_args': None, 'build_base': '/home/choi/robot_ws/build/indy7_ign_moveit2', 'catkin_cmake_args': None, 'catkin_skip_building_tests': False, 'cmake_args': None, 'cmake_clean_cache': False, 'cmake_clean_first': False, 'cmake_force_configure': False, 'cmake_target': None, 'cmake_target_skip_unavailable': False, 'install_base': '/home/choi/robot_ws/install/indy7_ign_moveit2', 'merge_install': False, 'path': '/home/choi/robot_ws/src/indy7_ign_moveit2', 'symlink_install': True, 'test_result_base': None}
[0.271s] Level 5:colcon.colcon_core.verb:set package 'indy7_moveit2_config' build argument 'cmake_args' from command line to 'None'
[0.271s] Level 5:colcon.colcon_core.verb:set package 'indy7_moveit2_config' build argument 'cmake_target' from command line to 'None'
[0.271s] Level 5:colcon.colcon_core.verb:set package 'indy7_moveit2_config' build argument 'cmake_target_skip_unavailable' from command line to 'False'
[0.271s] Level 5:colcon.colcon_core.verb:set package 'indy7_moveit2_config' build argument 'cmake_clean_cache' from command line to 'False'
[0.271s] Level 5:colcon.colcon_core.verb:set package 'indy7_moveit2_config' build argument 'cmake_clean_first' from command line to 'False'
[0.271s] Level 5:colcon.colcon_core.verb:set package 'indy7_moveit2_config' build argument 'cmake_force_configure' from command line to 'False'
[0.271s] Level 5:colcon.colcon_core.verb:set package 'indy7_moveit2_config' build argument 'ament_cmake_args' from command line to 'None'
[0.271s] Level 5:colcon.colcon_core.verb:set package 'indy7_moveit2_config' build argument 'catkin_cmake_args' from command line to 'None'
[0.271s] Level 5:colcon.colcon_core.verb:set package 'indy7_moveit2_config' build argument 'catkin_skip_building_tests' from command line to 'False'
[0.271s] DEBUG:colcon.colcon_core.verb:Building package 'indy7_moveit2_config' with the following arguments: {'ament_cmake_args': None, 'build_base': '/home/choi/robot_ws/build/indy7_moveit2_config', 'catkin_cmake_args': None, 'catkin_skip_building_tests': False, 'cmake_args': None, 'cmake_clean_cache': False, 'cmake_clean_first': False, 'cmake_force_configure': False, 'cmake_target': None, 'cmake_target_skip_unavailable': False, 'install_base': '/home/choi/robot_ws/install/indy7_moveit2_config', 'merge_install': False, 'path': '/home/choi/robot_ws/src/indy7_moveit2_config', 'symlink_install': True, 'test_result_base': None}
[0.273s] Level 5:colcon.colcon_core.verb:set package 'rqt_example' build argument 'cmake_args' from command line to 'None'
[0.273s] Level 5:colcon.colcon_core.verb:set package 'rqt_example' build argument 'cmake_target' from command line to 'None'
[0.273s] Level 5:colcon.colcon_core.verb:set package 'rqt_example' build argument 'cmake_target_skip_unavailable' from command line to 'False'
[0.273s] Level 5:colcon.colcon_core.verb:set package 'rqt_example' build argument 'cmake_clean_cache' from command line to 'False'
[0.273s] Level 5:colcon.colcon_core.verb:set package 'rqt_example' build argument 'cmake_clean_first' from command line to 'False'
[0.273s] Level 5:colcon.colcon_core.verb:set package 'rqt_example' build argument 'cmake_force_configure' from command line to 'False'
[0.273s] Level 5:colcon.colcon_core.verb:set package 'rqt_example' build argument 'ament_cmake_args' from command line to 'None'
[0.273s] Level 5:colcon.colcon_core.verb:set package 'rqt_example' build argument 'catkin_cmake_args' from command line to 'None'
[0.273s] Level 5:colcon.colcon_core.verb:set package 'rqt_example' build argument 'catkin_skip_building_tests' from command line to 'False'
[0.273s] DEBUG:colcon.colcon_core.verb:Building package 'rqt_example' with the following arguments: {'ament_cmake_args': None, 'build_base': '/home/choi/robot_ws/build/rqt_example', 'catkin_cmake_args': None, 'catkin_skip_building_tests': False, 'cmake_args': None, 'cmake_clean_cache': False, 'cmake_clean_first': False, 'cmake_force_configure': False, 'cmake_target': None, 'cmake_target_skip_unavailable': False, 'install_base': '/home/choi/robot_ws/install/rqt_example', 'merge_install': False, 'path': '/home/choi/robot_ws/src/rqt_example', 'symlink_install': True, 'test_result_base': None}
[0.274s] INFO:colcon.colcon_core.executor:Executing jobs using 'parallel' executor
[0.275s] DEBUG:colcon.colcon_parallel_executor.executor.parallel:run_until_complete
[0.276s] INFO:colcon.colcon_ros.task.ament_cmake.build:Building ROS package in '/home/choi/robot_ws/src/indy7_ign' with build type 'ament_cmake'
[0.276s] INFO:colcon.colcon_cmake.task.cmake.build:Building CMake package in '/home/choi/robot_ws/src/indy7_ign'
[0.279s] INFO:colcon.colcon_core.plugin_system:Skipping extension 'colcon_core.shell.bat': Not used on non-Windows systems
[0.279s] INFO:colcon.colcon_core.shell:Skip shell extension 'powershell' for command environment: Not usable outside of PowerShell
[0.279s] DEBUG:colcon.colcon_core.shell:Skip shell extension 'dsv' for command environment
[0.281s] DEBUG:colcon.colcon_core.shell:Ignoring prefix path '/opt/ros/foxy'
[0.284s] INFO:colcon.colcon_ros.task.ament_cmake.build:Building ROS package in '/home/choi/robot_ws/src/indy7_ign_moveit2' with build type 'ament_cmake'
[0.284s] INFO:colcon.colcon_cmake.task.cmake.build:Building CMake package in '/home/choi/robot_ws/src/indy7_ign_moveit2'
[0.285s] INFO:colcon.colcon_core.shell:Skip shell extension 'powershell' for command environment: Not usable outside of PowerShell
[0.285s] DEBUG:colcon.colcon_core.shell:Skip shell extension 'dsv' for command environment
[0.286s] DEBUG:colcon.colcon_core.shell:Ignoring prefix path '/opt/ros/foxy'
[0.288s] INFO:colcon.colcon_ros.task.ament_cmake.build:Building ROS package in '/home/choi/robot_ws/src/indy7_moveit2_config' with build type 'ament_cmake'
[0.288s] INFO:colcon.colcon_cmake.task.cmake.build:Building CMake package in '/home/choi/robot_ws/src/indy7_moveit2_config'
[0.289s] INFO:colcon.colcon_core.shell:Skip shell extension 'powershell' for command environment: Not usable outside of PowerShell
[0.289s] DEBUG:colcon.colcon_core.shell:Skip shell extension 'dsv' for command environment
[0.292s] DEBUG:colcon.colcon_core.shell:Ignoring prefix path '/opt/ros/foxy'
[0.294s] INFO:colcon.colcon_ros.task.ament_cmake.build:Building ROS package in '/home/choi/robot_ws/src/rqt_example' with build type 'ament_cmake'
[0.294s] INFO:colcon.colcon_cmake.task.cmake.build:Building CMake package in '/home/choi/robot_ws/src/rqt_example'
[0.295s] INFO:colcon.colcon_core.shell:Skip shell extension 'powershell' for command environment: Not usable outside of PowerShell
[0.295s] DEBUG:colcon.colcon_core.shell:Skip shell extension 'dsv' for command environment
[0.297s] DEBUG:colcon.colcon_core.shell:Ignoring prefix path '/opt/ros/foxy'
[0.304s] DEBUG:colcon.colcon_core.event_handler.log_command:Invoking command in '/home/choi/robot_ws/build/indy7_ign': CMAKE_PREFIX_PATH=${CMAKE_PREFIX_PATH}:/opt/ros/foxy /usr/bin/cmake --build /home/choi/robot_ws/build/indy7_ign -- -j8 -l8
[0.308s] DEBUG:colcon.colcon_core.event_handler.log_command:Invoking command in '/home/choi/robot_ws/build/indy7_ign_moveit2': CMAKE_PREFIX_PATH=${CMAKE_PREFIX_PATH}:/opt/ros/foxy /usr/bin/cmake --build /home/choi/robot_ws/build/indy7_ign_moveit2 -- -j8 -l8
[0.312s] DEBUG:colcon.colcon_core.event_handler.log_command:Invoking command in '/home/choi/robot_ws/build/indy7_moveit2_config': CMAKE_PREFIX_PATH=${CMAKE_PREFIX_PATH}:/opt/ros/foxy /usr/bin/cmake --build /home/choi/robot_ws/build/indy7_moveit2_config -- -j8 -l8
[0.317s] DEBUG:colcon.colcon_core.event_handler.log_command:Invoking command in '/home/choi/robot_ws/build/rqt_example': CMAKE_PREFIX_PATH=${CMAKE_PREFIX_PATH}:/opt/ros/foxy /usr/bin/cmake --build /home/choi/robot_ws/build/rqt_example -- -j8 -l8
[0.332s] DEBUG:colcon.colcon_core.event_handler.log_command:Invoked command in '/home/choi/robot_ws/build/indy7_ign' returned '0': CMAKE_PREFIX_PATH=${CMAKE_PREFIX_PATH}:/opt/ros/foxy /usr/bin/cmake --build /home/choi/robot_ws/build/indy7_ign -- -j8 -l8
[0.340s] DEBUG:colcon.colcon_core.event_handler.log_command:Invoked command in '/home/choi/robot_ws/build/indy7_moveit2_config' returned '0': CMAKE_PREFIX_PATH=${CMAKE_PREFIX_PATH}:/opt/ros/foxy /usr/bin/cmake --build /home/choi/robot_ws/build/indy7_moveit2_config -- -j8 -l8
[0.347s] DEBUG:colcon.colcon_core.event_handler.log_command:Invoked command in '/home/choi/robot_ws/build/rqt_example' returned '0': CMAKE_PREFIX_PATH=${CMAKE_PREFIX_PATH}:/opt/ros/foxy /usr/bin/cmake --build /home/choi/robot_ws/build/rqt_example -- -j8 -l8
[0.360s] DEBUG:colcon.colcon_core.event_handler.log_command:Invoking command in '/home/choi/robot_ws/build/indy7_ign': CMAKE_PREFIX_PATH=${CMAKE_PREFIX_PATH}:/opt/ros/foxy /usr/bin/cmake --install /home/choi/robot_ws/build/indy7_ign
[0.364s] DEBUG:colcon.colcon_core.event_handler.log_command:Invoking command in '/home/choi/robot_ws/build/indy7_moveit2_config': CMAKE_PREFIX_PATH=${CMAKE_PREFIX_PATH}:/opt/ros/foxy /usr/bin/cmake --install /home/choi/robot_ws/build/indy7_moveit2_config
[0.368s] DEBUG:colcon.colcon_core.event_handler.log_command:Invoking command in '/home/choi/robot_ws/build/rqt_example': CMAKE_PREFIX_PATH=${CMAKE_PREFIX_PATH}:/opt/ros/foxy /usr/bin/cmake --install /home/choi/robot_ws/build/rqt_example
[0.383s] Level 1:colcon.colcon_core.environment:create_environment_scripts_only(indy7_ign)
[0.384s] DEBUG:colcon.colcon_core.event_handler.log_command:Invoked command in '/home/choi/robot_ws/build/indy7_ign' returned '0': CMAKE_PREFIX_PATH=${CMAKE_PREFIX_PATH}:/opt/ros/foxy /usr/bin/cmake --install /home/choi/robot_ws/build/indy7_ign
[0.387s] Level 1:colcon.colcon_core.environment:checking '/home/choi/robot_ws/install/indy7_ign' for CMake module files
[0.388s] Level 1:colcon.colcon_core.environment:checking '/home/choi/robot_ws/install/indy7_ign' for CMake config files
[0.388s] Level 1:colcon.colcon_core.shell:create_environment_hook('indy7_ign', 'cmake_prefix_path')
[0.389s] INFO:colcon.colcon_core.shell:Creating environment hook '/home/choi/robot_ws/install/indy7_ign/share/indy7_ign/hook/cmake_prefix_path.ps1'
[0.390s] INFO:colcon.colcon_core.shell:Creating environment descriptor '/home/choi/robot_ws/install/indy7_ign/share/indy7_ign/hook/cmake_prefix_path.dsv'
[0.390s] INFO:colcon.colcon_core.shell:Creating environment hook '/home/choi/robot_ws/install/indy7_ign/share/indy7_ign/hook/cmake_prefix_path.sh'
[0.391s] Level 1:colcon.colcon_core.environment:checking '/home/choi/robot_ws/install/indy7_ign/bin'
[0.391s] Level 1:colcon.colcon_core.environment:checking '/home/choi/robot_ws/install/indy7_ign/lib/pkgconfig/indy7_ign.pc'
[0.392s] Level 1:colcon.colcon_core.environment:checking '/home/choi/robot_ws/install/indy7_ign/lib/python3.8/site-packages'
[0.392s] INFO:colcon.colcon_core.shell:Creating package script '/home/choi/robot_ws/install/indy7_ign/share/indy7_ign/package.ps1'
[0.393s] INFO:colcon.colcon_core.shell:Creating package descriptor '/home/choi/robot_ws/install/indy7_ign/share/indy7_ign/package.dsv'
[0.393s] INFO:colcon.colcon_core.shell:Creating package script '/home/choi/robot_ws/install/indy7_ign/share/indy7_ign/package.sh'
[0.394s] INFO:colcon.colcon_core.shell:Creating package script '/home/choi/robot_ws/install/indy7_ign/share/indy7_ign/package.bash'
[0.395s] INFO:colcon.colcon_core.shell:Creating package script '/home/choi/robot_ws/install/indy7_ign/share/indy7_ign/package.zsh'
[0.396s] Level 1:colcon.colcon_core.environment:create_file_with_runtime_dependencies(/home/choi/robot_ws/install/indy7_ign/share/colcon-core/packages/indy7_ign)
[0.399s] Level 1:colcon.colcon_core.environment:create_environment_scripts_only(indy7_moveit2_config)
[0.400s] Level 1:colcon.colcon_core.environment:checking '/home/choi/robot_ws/install/indy7_moveit2_config' for CMake module files
[0.401s] DEBUG:colcon.colcon_core.event_handler.log_command:Invoked command in '/home/choi/robot_ws/build/indy7_moveit2_config' returned '0': CMAKE_PREFIX_PATH=${CMAKE_PREFIX_PATH}:/opt/ros/foxy /usr/bin/cmake --install /home/choi/robot_ws/build/indy7_moveit2_config
[0.401s] Level 1:colcon.colcon_core.environment:checking '/home/choi/robot_ws/install/indy7_moveit2_config' for CMake config files
[0.402s] Level 1:colcon.colcon_core.shell:create_environment_hook('indy7_moveit2_config', 'cmake_prefix_path')
[0.402s] INFO:colcon.colcon_core.shell:Creating environment hook '/home/choi/robot_ws/install/indy7_moveit2_config/share/indy7_moveit2_config/hook/cmake_prefix_path.ps1'
[0.403s] INFO:colcon.colcon_core.shell:Creating environment descriptor '/home/choi/robot_ws/install/indy7_moveit2_config/share/indy7_moveit2_config/hook/cmake_prefix_path.dsv'
[0.403s] INFO:colcon.colcon_core.shell:Creating environment hook '/home/choi/robot_ws/install/indy7_moveit2_config/share/indy7_moveit2_config/hook/cmake_prefix_path.sh'
[0.403s] Level 1:colcon.colcon_core.environment:checking '/home/choi/robot_ws/install/indy7_moveit2_config/bin'
[0.403s] Level 1:colcon.colcon_core.environment:checking '/home/choi/robot_ws/install/indy7_moveit2_config/lib/pkgconfig/indy7_moveit2_config.pc'
[0.403s] Level 1:colcon.colcon_core.environment:checking '/home/choi/robot_ws/install/indy7_moveit2_config/lib/python3.8/site-packages'
[0.404s] INFO:colcon.colcon_core.shell:Creating package script '/home/choi/robot_ws/install/indy7_moveit2_config/share/indy7_moveit2_config/package.ps1'
[0.404s] INFO:colcon.colcon_core.shell:Creating package descriptor '/home/choi/robot_ws/install/indy7_moveit2_config/share/indy7_moveit2_config/package.dsv'
[0.405s] INFO:colcon.colcon_core.shell:Creating package script '/home/choi/robot_ws/install/indy7_moveit2_config/share/indy7_moveit2_config/package.sh'
[0.405s] INFO:colcon.colcon_core.shell:Creating package script '/home/choi/robot_ws/install/indy7_moveit2_config/share/indy7_moveit2_config/package.bash'
[0.405s] INFO:colcon.colcon_core.shell:Creating package script '/home/choi/robot_ws/install/indy7_moveit2_config/share/indy7_moveit2_config/package.zsh'
[0.405s] Level 1:colcon.colcon_core.environment:create_file_with_runtime_dependencies(/home/choi/robot_ws/install/indy7_moveit2_config/share/colcon-core/packages/indy7_moveit2_config)
[0.408s] DEBUG:colcon.colcon_core.event_handler.log_command:Invoked command in '/home/choi/robot_ws/build/indy7_ign_moveit2' returned '0': CMAKE_PREFIX_PATH=${CMAKE_PREFIX_PATH}:/opt/ros/foxy /usr/bin/cmake --build /home/choi/robot_ws/build/indy7_ign_moveit2 -- -j8 -l8
[0.415s] Level 1:colcon.colcon_core.environment:create_environment_scripts_only(indy7_ign)
[0.416s] Level 1:colcon.colcon_core.environment:checking '/home/choi/robot_ws/install/indy7_ign' for CMake module files
[0.417s] Level 1:colcon.colcon_core.environment:checking '/home/choi/robot_ws/install/indy7_ign' for CMake config files
[0.417s] Level 1:colcon.colcon_core.shell:create_environment_hook('indy7_ign', 'cmake_prefix_path')
[0.418s] INFO:colcon.colcon_core.shell:Creating environment hook '/home/choi/robot_ws/install/indy7_ign/share/indy7_ign/hook/cmake_prefix_path.ps1'
[0.419s] INFO:colcon.colcon_core.shell:Creating environment descriptor '/home/choi/robot_ws/install/indy7_ign/share/indy7_ign/hook/cmake_prefix_path.dsv'
[0.419s] INFO:colcon.colcon_core.shell:Creating environment hook '/home/choi/robot_ws/install/indy7_ign/share/indy7_ign/hook/cmake_prefix_path.sh'
[0.420s] Level 1:colcon.colcon_core.environment:checking '/home/choi/robot_ws/install/indy7_ign/bin'
[0.420s] Level 1:colcon.colcon_core.environment:checking '/home/choi/robot_ws/install/indy7_ign/lib/pkgconfig/indy7_ign.pc'
[0.420s] Level 1:colcon.colcon_core.environment:checking '/home/choi/robot_ws/install/indy7_ign/lib/python3.8/site-packages'
[0.421s] INFO:colcon.colcon_core.shell:Creating package script '/home/choi/robot_ws/install/indy7_ign/share/indy7_ign/package.ps1'
[0.421s] INFO:colcon.colcon_core.shell:Creating package descriptor '/home/choi/robot_ws/install/indy7_ign/share/indy7_ign/package.dsv'
[0.422s] INFO:colcon.colcon_core.shell:Creating package script '/home/choi/robot_ws/install/indy7_ign/share/indy7_ign/package.sh'
[0.423s] INFO:colcon.colcon_core.shell:Creating package script '/home/choi/robot_ws/install/indy7_ign/share/indy7_ign/package.bash'
[0.423s] INFO:colcon.colcon_core.shell:Creating package script '/home/choi/robot_ws/install/indy7_ign/share/indy7_ign/package.zsh'
[0.424s] Level 1:colcon.colcon_core.environment:create_file_with_runtime_dependencies(/home/choi/robot_ws/install/indy7_ign/share/colcon-core/packages/indy7_ign)
[0.426s] Level 1:colcon.colcon_core.environment:create_environment_scripts_only(indy7_moveit2_config)
[0.426s] Level 1:colcon.colcon_core.environment:checking '/home/choi/robot_ws/install/indy7_moveit2_config' for CMake module files
[0.427s] Level 1:colcon.colcon_core.environment:checking '/home/choi/robot_ws/install/indy7_moveit2_config' for CMake config files
[0.427s] Level 1:colcon.colcon_core.shell:create_environment_hook('indy7_moveit2_config', 'cmake_prefix_path')
[0.428s] INFO:colcon.colcon_core.shell:Creating environment hook '/home/choi/robot_ws/install/indy7_moveit2_config/share/indy7_moveit2_config/hook/cmake_prefix_path.ps1'
[0.428s] INFO:colcon.colcon_core.shell:Creating environment descriptor '/home/choi/robot_ws/install/indy7_moveit2_config/share/indy7_moveit2_config/hook/cmake_prefix_path.dsv'
[0.428s] INFO:colcon.colcon_core.shell:Creating environment hook '/home/choi/robot_ws/install/indy7_moveit2_config/share/indy7_moveit2_config/hook/cmake_prefix_path.sh'
[0.429s] Level 1:colcon.colcon_core.environment:checking '/home/choi/robot_ws/install/indy7_moveit2_config/bin'
[0.429s] Level 1:colcon.colcon_core.environment:checking '/home/choi/robot_ws/install/indy7_moveit2_config/lib/pkgconfig/indy7_moveit2_config.pc'
[0.429s] Level 1:colcon.colcon_core.environment:checking '/home/choi/robot_ws/install/indy7_moveit2_config/lib/python3.8/site-packages'
[0.429s] INFO:colcon.colcon_core.shell:Creating package script '/home/choi/robot_ws/install/indy7_moveit2_config/share/indy7_moveit2_config/package.ps1'
[0.429s] INFO:colcon.colcon_core.shell:Creating package descriptor '/home/choi/robot_ws/install/indy7_moveit2_config/share/indy7_moveit2_config/package.dsv'
[0.430s] INFO:colcon.colcon_core.shell:Creating package script '/home/choi/robot_ws/install/indy7_moveit2_config/share/indy7_moveit2_config/package.sh'
[0.430s] INFO:colcon.colcon_core.shell:Creating package script '/home/choi/robot_ws/install/indy7_moveit2_config/share/indy7_moveit2_config/package.bash'
[0.430s] INFO:colcon.colcon_core.shell:Creating package script '/home/choi/robot_ws/install/indy7_moveit2_config/share/indy7_moveit2_config/package.zsh'
[0.431s] Level 1:colcon.colcon_core.environment:create_file_with_runtime_dependencies(/home/choi/robot_ws/install/indy7_moveit2_config/share/colcon-core/packages/indy7_moveit2_config)
[0.433s] DEBUG:colcon.colcon_core.event_handler.log_command:Invoking command in '/home/choi/robot_ws/build/indy7_ign_moveit2': CMAKE_PREFIX_PATH=${CMAKE_PREFIX_PATH}:/opt/ros/foxy /usr/bin/cmake --install /home/choi/robot_ws/build/indy7_ign_moveit2
[0.434s] Level 1:colcon.colcon_core.environment:create_environment_scripts_only(rqt_example)
[0.435s] Level 1:colcon.colcon_core.environment:checking '/home/choi/robot_ws/install/rqt_example' for CMake module files
[0.436s] DEBUG:colcon.colcon_core.event_handler.log_command:Invoked command in '/home/choi/robot_ws/build/rqt_example' returned '0': CMAKE_PREFIX_PATH=${CMAKE_PREFIX_PATH}:/opt/ros/foxy /usr/bin/cmake --install /home/choi/robot_ws/build/rqt_example
[0.436s] Level 1:colcon.colcon_core.environment:checking '/home/choi/robot_ws/install/rqt_example' for CMake config files
[0.436s] Level 1:colcon.colcon_core.shell:create_environment_hook('rqt_example', 'cmake_prefix_path')
[0.437s] INFO:colcon.colcon_core.shell:Creating environment hook '/home/choi/robot_ws/install/rqt_example/share/rqt_example/hook/cmake_prefix_path.ps1'
[0.437s] INFO:colcon.colcon_core.shell:Creating environment descriptor '/home/choi/robot_ws/install/rqt_example/share/rqt_example/hook/cmake_prefix_path.dsv'
[0.437s] INFO:colcon.colcon_core.shell:Creating environment hook '/home/choi/robot_ws/install/rqt_example/share/rqt_example/hook/cmake_prefix_path.sh'
[0.438s] Level 1:colcon.colcon_core.environment:checking '/home/choi/robot_ws/install/rqt_example/lib'
[0.438s] Level 1:colcon.colcon_core.environment:checking '/home/choi/robot_ws/install/rqt_example/bin'
[0.438s] Level 1:colcon.colcon_core.environment:checking '/home/choi/robot_ws/install/rqt_example/lib/pkgconfig/rqt_example.pc'
[0.438s] Level 1:colcon.colcon_core.environment:checking '/home/choi/robot_ws/install/rqt_example/lib/python3.8/site-packages'
[0.438s] Level 1:colcon.colcon_core.shell:create_environment_hook('rqt_example', 'pythonpath')
[0.439s] INFO:colcon.colcon_core.shell:Creating environment hook '/home/choi/robot_ws/install/rqt_example/share/rqt_example/hook/pythonpath.ps1'
[0.439s] INFO:colcon.colcon_core.shell:Creating environment descriptor '/home/choi/robot_ws/install/rqt_example/share/rqt_example/hook/pythonpath.dsv'
[0.439s] INFO:colcon.colcon_core.shell:Creating environment hook '/home/choi/robot_ws/install/rqt_example/share/rqt_example/hook/pythonpath.sh'
[0.440s] INFO:colcon.colcon_core.shell:Creating package script '/home/choi/robot_ws/install/rqt_example/share/rqt_example/package.ps1'
[0.440s] INFO:colcon.colcon_core.shell:Creating package descriptor '/home/choi/robot_ws/install/rqt_example/share/rqt_example/package.dsv'
[0.441s] INFO:colcon.colcon_core.shell:Creating package script '/home/choi/robot_ws/install/rqt_example/share/rqt_example/package.sh'
[0.441s] INFO:colcon.colcon_core.shell:Creating package script '/home/choi/robot_ws/install/rqt_example/share/rqt_example/package.bash'
[0.441s] INFO:colcon.colcon_core.shell:Creating package script '/home/choi/robot_ws/install/rqt_example/share/rqt_example/package.zsh'
[0.442s] Level 1:colcon.colcon_core.environment:create_file_with_runtime_dependencies(/home/choi/robot_ws/install/rqt_example/share/colcon-core/packages/rqt_example)
[0.457s] Level 1:colcon.colcon_core.environment:create_environment_scripts_only(rqt_example)
[0.458s] Level 1:colcon.colcon_core.environment:checking '/home/choi/robot_ws/install/rqt_example' for CMake module files
[0.458s] Level 1:colcon.colcon_core.environment:checking '/home/choi/robot_ws/install/rqt_example' for CMake config files
[0.459s] Level 1:colcon.colcon_core.shell:create_environment_hook('rqt_example', 'cmake_prefix_path')
[0.459s] INFO:colcon.colcon_core.shell:Creating environment hook '/home/choi/robot_ws/install/rqt_example/share/rqt_example/hook/cmake_prefix_path.ps1'
[0.459s] INFO:colcon.colcon_core.shell:Creating environment descriptor '/home/choi/robot_ws/install/rqt_example/share/rqt_example/hook/cmake_prefix_path.dsv'
[0.460s] INFO:colcon.colcon_core.shell:Creating environment hook '/home/choi/robot_ws/install/rqt_example/share/rqt_example/hook/cmake_prefix_path.sh'
[0.460s] Level 1:colcon.colcon_core.environment:checking '/home/choi/robot_ws/install/rqt_example/lib'
[0.460s] Level 1:colcon.colcon_core.environment:checking '/home/choi/robot_ws/install/rqt_example/bin'
[0.460s] Level 1:colcon.colcon_core.environment:checking '/home/choi/robot_ws/install/rqt_example/lib/pkgconfig/rqt_example.pc'
[0.460s] Level 1:colcon.colcon_core.environment:checking '/home/choi/robot_ws/install/rqt_example/lib/python3.8/site-packages'
[0.460s] Level 1:colcon.colcon_core.shell:create_environment_hook('rqt_example', 'pythonpath')
[0.461s] INFO:colcon.colcon_core.shell:Creating environment hook '/home/choi/robot_ws/install/rqt_example/share/rqt_example/hook/pythonpath.ps1'
[0.461s] INFO:colcon.colcon_core.shell:Creating environment descriptor '/home/choi/robot_ws/install/rqt_example/share/rqt_example/hook/pythonpath.dsv'
[0.461s] INFO:colcon.colcon_core.shell:Creating environment hook '/home/choi/robot_ws/install/rqt_example/share/rqt_example/hook/pythonpath.sh'
[0.462s] INFO:colcon.colcon_core.shell:Creating package script '/home/choi/robot_ws/install/rqt_example/share/rqt_example/package.ps1'
[0.462s] INFO:colcon.colcon_core.shell:Creating package descriptor '/home/choi/robot_ws/install/rqt_example/share/rqt_example/package.dsv'
[0.462s] INFO:colcon.colcon_core.shell:Creating package script '/home/choi/robot_ws/install/rqt_example/share/rqt_example/package.sh'
[0.463s] INFO:colcon.colcon_core.shell:Creating package script '/home/choi/robot_ws/install/rqt_example/share/rqt_example/package.bash'
[0.463s] INFO:colcon.colcon_core.shell:Creating package script '/home/choi/robot_ws/install/rqt_example/share/rqt_example/package.zsh'
[0.463s] Level 1:colcon.colcon_core.environment:create_file_with_runtime_dependencies(/home/choi/robot_ws/install/rqt_example/share/colcon-core/packages/rqt_example)
[0.482s] Level 1:colcon.colcon_core.environment:create_environment_scripts_only(indy7_ign_moveit2)
[0.483s] Level 1:colcon.colcon_core.environment:checking '/home/choi/robot_ws/install/indy7_ign_moveit2' for CMake module files
[0.483s] DEBUG:colcon.colcon_core.event_handler.log_command:Invoked command in '/home/choi/robot_ws/build/indy7_ign_moveit2' returned '0': CMAKE_PREFIX_PATH=${CMAKE_PREFIX_PATH}:/opt/ros/foxy /usr/bin/cmake --install /home/choi/robot_ws/build/indy7_ign_moveit2
[0.484s] Level 1:colcon.colcon_core.environment:checking '/home/choi/robot_ws/install/indy7_ign_moveit2' for CMake config files
[0.484s] Level 1:colcon.colcon_core.shell:create_environment_hook('indy7_ign_moveit2', 'cmake_prefix_path')
[0.485s] INFO:colcon.colcon_core.shell:Creating environment hook '/home/choi/robot_ws/install/indy7_ign_moveit2/share/indy7_ign_moveit2/hook/cmake_prefix_path.ps1'
[0.485s] INFO:colcon.colcon_core.shell:Creating environment descriptor '/home/choi/robot_ws/install/indy7_ign_moveit2/share/indy7_ign_moveit2/hook/cmake_prefix_path.dsv'
[0.485s] INFO:colcon.colcon_core.shell:Creating environment hook '/home/choi/robot_ws/install/indy7_ign_moveit2/share/indy7_ign_moveit2/hook/cmake_prefix_path.sh'
[0.485s] Level 1:colcon.colcon_core.environment:checking '/home/choi/robot_ws/install/indy7_ign_moveit2/lib'
[0.486s] Level 1:colcon.colcon_core.environment:checking '/home/choi/robot_ws/install/indy7_ign_moveit2/bin'
[0.486s] Level 1:colcon.colcon_core.environment:checking '/home/choi/robot_ws/install/indy7_ign_moveit2/lib/pkgconfig/indy7_ign_moveit2.pc'
[0.486s] Level 1:colcon.colcon_core.environment:checking '/home/choi/robot_ws/install/indy7_ign_moveit2/lib/python3.8/site-packages'
[0.486s] Level 1:colcon.colcon_core.shell:create_environment_hook('indy7_ign_moveit2', 'pythonpath')
[0.486s] INFO:colcon.colcon_core.shell:Creating environment hook '/home/choi/robot_ws/install/indy7_ign_moveit2/share/indy7_ign_moveit2/hook/pythonpath.ps1'
[0.486s] INFO:colcon.colcon_core.shell:Creating environment descriptor '/home/choi/robot_ws/install/indy7_ign_moveit2/share/indy7_ign_moveit2/hook/pythonpath.dsv'
[0.487s] INFO:colcon.colcon_core.shell:Creating environment hook '/home/choi/robot_ws/install/indy7_ign_moveit2/share/indy7_ign_moveit2/hook/pythonpath.sh'
[0.487s] INFO:colcon.colcon_core.shell:Creating package script '/home/choi/robot_ws/install/indy7_ign_moveit2/share/indy7_ign_moveit2/package.ps1'
[0.488s] INFO:colcon.colcon_core.shell:Creating package descriptor '/home/choi/robot_ws/install/indy7_ign_moveit2/share/indy7_ign_moveit2/package.dsv'
[0.488s] INFO:colcon.colcon_core.shell:Creating package script '/home/choi/robot_ws/install/indy7_ign_moveit2/share/indy7_ign_moveit2/package.sh'
[0.488s] INFO:colcon.colcon_core.shell:Creating package script '/home/choi/robot_ws/install/indy7_ign_moveit2/share/indy7_ign_moveit2/package.bash'
[0.488s] INFO:colcon.colcon_core.shell:Creating package script '/home/choi/robot_ws/install/indy7_ign_moveit2/share/indy7_ign_moveit2/package.zsh'
[0.488s] Level 1:colcon.colcon_core.environment:create_file_with_runtime_dependencies(/home/choi/robot_ws/install/indy7_ign_moveit2/share/colcon-core/packages/indy7_ign_moveit2)
[0.506s] Level 1:colcon.colcon_core.environment:create_environment_scripts_only(indy7_ign_moveit2)
[0.507s] Level 1:colcon.colcon_core.environment:checking '/home/choi/robot_ws/install/indy7_ign_moveit2' for CMake module files
[0.507s] Level 1:colcon.colcon_core.environment:checking '/home/choi/robot_ws/install/indy7_ign_moveit2' for CMake config files
[0.507s] Level 1:colcon.colcon_core.shell:create_environment_hook('indy7_ign_moveit2', 'cmake_prefix_path')
[0.508s] INFO:colcon.colcon_core.shell:Creating environment hook '/home/choi/robot_ws/install/indy7_ign_moveit2/share/indy7_ign_moveit2/hook/cmake_prefix_path.ps1'
[0.508s] INFO:colcon.colcon_core.shell:Creating environment descriptor '/home/choi/robot_ws/install/indy7_ign_moveit2/share/indy7_ign_moveit2/hook/cmake_prefix_path.dsv'
[0.508s] INFO:colcon.colcon_core.shell:Creating environment hook '/home/choi/robot_ws/install/indy7_ign_moveit2/share/indy7_ign_moveit2/hook/cmake_prefix_path.sh'
[0.509s] Level 1:colcon.colcon_core.environment:checking '/home/choi/robot_ws/install/indy7_ign_moveit2/lib'
[0.509s] Level 1:colcon.colcon_core.environment:checking '/home/choi/robot_ws/install/indy7_ign_moveit2/bin'
[0.509s] Level 1:colcon.colcon_core.environment:checking '/home/choi/robot_ws/install/indy7_ign_moveit2/lib/pkgconfig/indy7_ign_moveit2.pc'
[0.509s] Level 1:colcon.colcon_core.environment:checking '/home/choi/robot_ws/install/indy7_ign_moveit2/lib/python3.8/site-packages'
[0.509s] Level 1:colcon.colcon_core.shell:create_environment_hook('indy7_ign_moveit2', 'pythonpath')
[0.509s] INFO:colcon.colcon_core.shell:Creating environment hook '/home/choi/robot_ws/install/indy7_ign_moveit2/share/indy7_ign_moveit2/hook/pythonpath.ps1'
[0.509s] INFO:colcon.colcon_core.shell:Creating environment descriptor '/home/choi/robot_ws/install/indy7_ign_moveit2/share/indy7_ign_moveit2/hook/pythonpath.dsv'
[0.510s] INFO:colcon.colcon_core.shell:Creating environment hook '/home/choi/robot_ws/install/indy7_ign_moveit2/share/indy7_ign_moveit2/hook/pythonpath.sh'
[0.510s] INFO:colcon.colcon_core.shell:Creating package script '/home/choi/robot_ws/install/indy7_ign_moveit2/share/indy7_ign_moveit2/package.ps1'
[0.511s] INFO:colcon.colcon_core.shell:Creating package descriptor '/home/choi/robot_ws/install/indy7_ign_moveit2/share/indy7_ign_moveit2/package.dsv'
[0.511s] INFO:colcon.colcon_core.shell:Creating package script '/home/choi/robot_ws/install/indy7_ign_moveit2/share/indy7_ign_moveit2/package.sh'
[0.511s] INFO:colcon.colcon_core.shell:Creating package script '/home/choi/robot_ws/install/indy7_ign_moveit2/share/indy7_ign_moveit2/package.bash'
[0.511s] INFO:colcon.colcon_core.shell:Creating package script '/home/choi/robot_ws/install/indy7_ign_moveit2/share/indy7_ign_moveit2/package.zsh'
[0.512s] Level 1:colcon.colcon_core.environment:create_file_with_runtime_dependencies(/home/choi/robot_ws/install/indy7_ign_moveit2/share/colcon-core/packages/indy7_ign_moveit2)
[0.512s] DEBUG:colcon.colcon_parallel_executor.executor.parallel:closing loop
[0.512s] DEBUG:colcon.colcon_parallel_executor.executor.parallel:loop closed
[0.512s] DEBUG:colcon.colcon_parallel_executor.executor.parallel:run_until_complete finished with '0'
[0.512s] DEBUG:colcon.colcon_core.event_reactor:joining thread
[0.516s] INFO:colcon.colcon_core.plugin_system:Skipping extension 'colcon_notification.desktop_notification.terminal_notifier': Not used on non-Darwin systems
[0.516s] INFO:colcon.colcon_core.plugin_system:Skipping extension 'colcon_notification.desktop_notification.win32': Not used on non-Windows systems
[0.516s] INFO:colcon.colcon_notification.desktop_notification:Sending desktop notification using 'notify2'
[0.527s] DEBUG:colcon.colcon_core.event_reactor:joined thread
[0.527s] INFO:colcon.colcon_core.shell:Creating prefix script '/home/choi/robot_ws/install/local_setup.ps1'
[0.528s] INFO:colcon.colcon_core.shell:Creating prefix util module '/home/choi/robot_ws/install/_local_setup_util_ps1.py'
[0.528s] INFO:colcon.colcon_core.shell:Creating prefix chain script '/home/choi/robot_ws/install/setup.ps1'
[0.530s] INFO:colcon.colcon_core.shell:Creating prefix script '/home/choi/robot_ws/install/local_setup.sh'
[0.531s] INFO:colcon.colcon_core.shell:Creating prefix util module '/home/choi/robot_ws/install/_local_setup_util_sh.py'
[0.531s] INFO:colcon.colcon_core.shell:Creating prefix chain script '/home/choi/robot_ws/install/setup.sh'
[0.532s] INFO:colcon.colcon_core.shell:Creating prefix script '/home/choi/robot_ws/install/local_setup.bash'
[0.533s] INFO:colcon.colcon_core.shell:Creating prefix chain script '/home/choi/robot_ws/install/setup.bash'
[0.534s] INFO:colcon.colcon_core.shell:Creating prefix script '/home/choi/robot_ws/install/local_setup.zsh'
[0.534s] INFO:colcon.colcon_core.shell:Creating prefix chain script '/home/choi/robot_ws/install/setup.zsh'
