[0.019s] Invoking command in '/home/choi/robot_ws/build/indy7_ign_moveit2': /usr/bin/cmake /home/choi/robot_ws/src/indy7_ign_moveit2 -DAMENT_CMAKE_SYMLINK_INSTALL=1 -DCMAKE_INSTALL_PREFIX=/home/choi/robot_ws/install/indy7_ign_moveit2
[0.129s] -- The C compiler identification is GNU 9.3.0
[0.229s] -- The CXX compiler identification is GNU 9.3.0
[0.234s] -- Check for working C compiler: /usr/bin/cc
[0.300s] -- Check for working C compiler: /usr/bin/cc -- works
[0.301s] -- Detecting C compiler ABI info
[0.361s] -- Detecting C compiler ABI info - done
[0.374s] -- Detecting C compile features
[0.374s] -- Detecting C compile features - done
[0.377s] -- Check for working CXX compiler: /usr/bin/c++
[0.452s] -- Check for working CXX compiler: /usr/bin/c++ -- works
[0.454s] -- Detecting CXX compiler ABI info
[0.532s] -- Detecting CXX compiler ABI info - done
[0.545s] -- Detecting CXX compile features
[0.545s] -- Detecting CXX compile features - done
[0.558s] CMake Error at CMakeLists.txt:26 (find_package):
[0.559s]   By not providing "Findament_cmake.cmake" in CMAKE_MODULE_PATH this project
[0.559s]   has asked CMake to find a package configuration file provided by
[0.559s]   "ament_cmake", but CMake did not find one.
[0.559s] 
[0.559s]   Could not find a package configuration file provided by "ament_cmake" with
[0.559s]   any of the following names:
[0.559s] 
[0.559s]     ament_cmakeConfig.cmake
[0.559s]     ament_cmake-config.cmake
[0.559s] 
[0.560s]   Add the installation prefix of "ament_cmake" to CMAKE_PREFIX_PATH or set
[0.560s]   "ament_cmake_DIR" to a directory containing one of the above files.  If
[0.560s]   "ament_cmake" provides a separate development package or SDK, be sure it
[0.560s]   has been installed.
[0.560s] 
[0.560s] 
[0.560s] -- Configuring incomplete, errors occurred!
[0.560s] See also "/home/choi/robot_ws/build/indy7_ign_moveit2/CMakeFiles/CMakeOutput.log".
